Reading parameters from /home/kml/heping2/bvparm/bvparm2013.cif
WARNING: line does not have 5 columns, skipping...
Line is: ['----------+-------+-------+-------+------']
WARNING: line does not have 5 columns, skipping...
Line is: ['(12907 rows)']
WARNING: line does not have 5 columns, skipping...
Line is: []
Removed 0 sites with only one anion
Total number of sites: 2358
After processing: 2358
Homoleptic statistics
F 6 1.67325447702 0.00615980773613
Cl 197 2.08003152357 0.0181034178715
O 348 1.74963383627 0.0134924814175
N 155 1.73219589777 0.0601004764744
S 64 2.11131583836 0.0547130710591
Br 45 2.22602332601 0.00648680814711
N       O       F       S       Cl      Br      
***Intial callback***
N       O       F       S       Cl      Br      
1.81500 1.76500 1.67900 2.13400 2.09000 2.26000  2358 0.2010 3.33 (WUCCAY_Fe1) 5903.47260683
0.05706 0.02257 0.01853 0.10286 0.01438 0.02963 
***Intial callback***
N       O       F       S       Cl      Br      
1.75196 1.74714 1.67898 2.11700 2.08811 2.25722  2358 0.1242 1.63 (XIFBIX_Fe1) 2065.15316711
0.05817 0.02896 0.04368 0.07582 0.01773 0.03351 
N       O       F       S       Cl      Br      
1.73920 1.76886 1.67906 2.10462 2.09277 2.25429  2358 0.1113 1.45 (FIKKEQ_Fe1) 522.624526076
0.05587 0.02630 0.04913 0.06950 0.01893 0.03304 
N       O       F       S       Cl      Br      
1.74526 1.76455 1.67950 2.07598 2.10139 2.24406  2358 0.1079 1.42 (FIKKEQ_Fe1) 340.66344722
0.05415 0.02551 0.04643 0.07049 0.02051 0.02865 
N       O       F       S       Cl      Br      
1.74639 1.76483 1.67975 2.07157 2.09511 2.24014  2358 0.1075 1.41 (FIKKEQ_Fe1) 259.456729953
0.05457 0.02553 0.04592 0.07140 0.01905 0.02754 
N       O       F       S       Cl      Br      
1.74611 1.76489 1.68058 2.07348 2.09560 2.23192  2358 0.1073 1.41 (FIKKEQ_Fe1) 248.125310448
0.05460 0.02555 0.04594 0.07114 0.01914 0.02677 
N       O       F       S       Cl      Br      
1.74610 1.76489 1.68590 2.07347 2.09561 2.23198  2358 0.1073 1.41 (FIKKEQ_Fe1) 247.771815935
0.05460 0.02555 0.04548 0.07114 0.01914 0.02678 
N       O       F       S       Cl      Br      
1.74574 1.76537 1.68596 2.07307 2.09571 2.23191  2358 0.1073 1.41 (FIKKEQ_Fe1) 202.214057762
0.05457 0.02557 0.04563 0.07107 0.01919 0.02682 
N       O       F       S       Cl      Br      
1.74489 1.76641 1.68610 2.07205 2.09597 2.23171  2358 0.1072 1.42 (FIKKEQ_Fe1) 103.648209876
0.05454 0.02563 0.04600 0.07092 0.01931 0.02692 
N       O       F       S       Cl      Br      
1.74393 1.76750 1.68625 2.07090 2.09626 2.23148  2358 0.1072 1.42 (FIKKEQ_Fe1) 2.19846925639
0.05452 0.02572 0.04640 0.07077 0.01945 0.02704 
N       O       F       S       Cl      Br      
1.74392 1.76749 1.68625 2.07088 2.09627 2.23148  2358 0.1072 1.42 (FIKKEQ_Fe1) 0.444807288535
0.05453 0.02572 0.04641 0.07077 0.01945 0.02704 
N       O       F       S       Cl      Br      
1.74391 1.76749 1.68625 2.07088 2.09627 2.23148  2358 0.1072 1.42 (FIKKEQ_Fe1) 0.00570846222523
0.05453 0.02572 0.04641 0.07077 0.01945 0.02704 
N       O       F       S       Cl      Br      
1.74391 1.76749 1.68625 2.07088 2.09627 2.23148  2358 0.1072 1.42 (FIKKEQ_Fe1) 0.000553772436299
0.05453 0.02572 0.04641 0.07077 0.01945 0.02704 
Optimization terminated successfully.
         Current function value: 252.668419
         Iterations: 12
         Function evaluations: 21
         Gradient evaluations: 21
Final element counts:
[('N', 1562), ('O', 1592), ('F', 13), ('S', 258), ('Cl', 716), ('Br', 75)]
