Reading parameters from /home/kml/heping2/bvparm/bvparm2013.cif
WARNING: line does not have 5 columns, skipping...
Line is: ['----------+-------+-------+-------+------']
WARNING: line does not have 5 columns, skipping...
Line is: ['(10107 rows)']
WARNING: line does not have 5 columns, skipping...
Line is: []
WARNING: in CIZFEW01_Fe1, element Cl found, throwing away...
WARNING: only one anion for CIZFEW01_Fe1, throwing away...
WARNING: in CIZFEW01_Fe2, element Cl found, throwing away...
WARNING: only one anion for CIZFEW01_Fe2, throwing away...
WARNING: in TUNKAP_Fe1, element Cl found, throwing away...
WARNING: in XUJFUE_Fe1, element Cl found, throwing away...
WARNING: in HOBQIZ_Fe1, element Cl found, throwing away...
WARNING: in OBIGAH_Fe1, element Cl found, throwing away...
WARNING: in AWIDAM_Fe5, element Br found, throwing away...
WARNING: only one anion for AWIDAM_Fe5, throwing away...
WARNING: in AWIDAM_Fe4, element Br found, throwing away...
WARNING: only one anion for AWIDAM_Fe4, throwing away...
WARNING: in KAGLIO_Fe1, element Cl found, throwing away...
WARNING: in HAJGAB_Fe1, element Cl found, throwing away...
WARNING: in TIRVOG_Fe1, element Cl found, throwing away...
WARNING: in XEFWIP_Fe1, element Cl found, throwing away...
WARNING: in PUPGUC_Fe1, element S found, throwing away...
WARNING: only one anion for PUPGUC_Fe1, throwing away...
WARNING: in HOBPIY_Fe1, element Br found, throwing away...
WARNING: in DOWFAW_Fe1, element S found, throwing away...
WARNING: only one anion for DOWFAW_Fe1, throwing away...
WARNING: in JAHTES_Fe1, element Cl found, throwing away...
WARNING: only one anion for JAHTES_Fe1, throwing away...
WARNING: in AGUGOY_Fe1, element Cl found, throwing away...
WARNING: in XAYVOJ_Fe1, element Cl found, throwing away...
WARNING: only one anion for XAYVOJ_Fe1, throwing away...
WARNING: in ALAWAL_Fe1, element Cl found, throwing away...
WARNING: in EXOWOD_Fe1, element Cl found, throwing away...
WARNING: in RAFJAK_Fe1, element Cl found, throwing away...
WARNING: in MASQAA_Fe1, element S found, throwing away...
WARNING: only one anion for MASQAA_Fe1, throwing away...
WARNING: in DOFGAH_Fe1, element Cl found, throwing away...
WARNING: in GEQTUS_Fe1, element Cl found, throwing away...
WARNING: in QACVOH_Fe1, element Cl found, throwing away...
WARNING: only one anion for QACVOH_Fe1, throwing away...
WARNING: in PUXRIK_Fe1, element Cl found, throwing away...
WARNING: in FEBPEI_Fe1, element Cl found, throwing away...
WARNING: only one anion for FEBPEI_Fe1, throwing away...
WARNING: in JUXPUN_Fe1, element Cl found, throwing away...
WARNING: in DIBJED_Fe1, element S found, throwing away...
WARNING: only one anion for DIBJED_Fe1, throwing away...
WARNING: in ECEWAL_Fe1, element S found, throwing away...
WARNING: in TAGGOX_Fe1, element Br found, throwing away...
WARNING: only one anion for TAGGOX_Fe1, throwing away...
WARNING: in KINSAB_Fe1, element Cl found, throwing away...
WARNING: only one anion for KINSAB_Fe1, throwing away...
WARNING: in QEJXUY_Fe1, element Cl found, throwing away...
WARNING: only one anion for QEJXUY_Fe1, throwing away...
WARNING: in SOTVUS_Fe4, element S found, throwing away...
WARNING: only one anion for SOTVUS_Fe4, throwing away...
WARNING: in CPYFEM_Fe1, element Cl found, throwing away...
WARNING: in OFABED_Fe2, element Cl found, throwing away...
WARNING: only one anion for OFABED_Fe2, throwing away...
WARNING: in OFABED_Fe1, element Cl found, throwing away...
WARNING: in METHUO_Fe1, element Cl found, throwing away...
WARNING: only one anion for METHUO_Fe1, throwing away...
WARNING: in KIXVUJ_Fe1, element Cl found, throwing away...
WARNING: in JUDPED_Fe2, element Cl found, throwing away...
WARNING: in JUDPED_Fe1, element Cl found, throwing away...
WARNING: in VIBSUV_Fe1, element Cl found, throwing away...
WARNING: in HIYVER_Fe5, element Cl found, throwing away...
WARNING: only one anion for HIYVER_Fe5, throwing away...
WARNING: in QOSFOU_Fe1, element Cl found, throwing away...
WARNING: in QOSFOU_Fe2, element Cl found, throwing away...
WARNING: only one anion for QOSFOU_Fe2, throwing away...
WARNING: in YICTEK_Fe1, element Cl found, throwing away...
WARNING: in YICTEK_Fe2, element Cl found, throwing away...
WARNING: only one anion for YICTEK_Fe2, throwing away...
WARNING: in WORPIC01_Fe1, element S found, throwing away...
WARNING: only one anion for WORPIC01_Fe1, throwing away...
WARNING: in SIXMES_Fe1, element Cl found, throwing away...
WARNING: in VIFPIK_Fe1, element Cl found, throwing away...
WARNING: in GUCXOR_Fe1, element Br found, throwing away...
WARNING: in EKAHED_Fe1, element Cl found, throwing away...
WARNING: in YAJLAW_Fe1, element S found, throwing away...
WARNING: only one anion for YAJLAW_Fe1, throwing away...
WARNING: in LUYMEX_Fe1, element Cl found, throwing away...
WARNING: only one anion for LUYMEX_Fe1, throwing away...
WARNING: in WUPKEX_Fe2, element Cl found, throwing away...
WARNING: in WUPKEX_Fe1, element Cl found, throwing away...
WARNING: in VAQQEJ_Fe1, element Cl found, throwing away...
WARNING: in EGUZUB_Fe1, element S found, throwing away...
WARNING: only one anion for EGUZUB_Fe1, throwing away...
WARNING: in JIZTIW_Fe1, element Cl found, throwing away...
WARNING: in CURPOU_Fe1, element Cl found, throwing away...
WARNING: only one anion for CURPOU_Fe1, throwing away...
WARNING: in JIWBOH_Fe1, element Cl found, throwing away...
WARNING: in HOQHEA_Fe1, element Cl found, throwing away...
WARNING: only one anion for HOQHEA_Fe1, throwing away...
WARNING: in FACNEC_Fe8, element S found, throwing away...
WARNING: only one anion for FACNEC_Fe8, throwing away...
WARNING: in UBECEJ_Fe1, element Cl found, throwing away...
WARNING: in POTTAT_Fe1, element Cl found, throwing away...
WARNING: in FACNEC_Fe2, element Br found, throwing away...
WARNING: only one anion for FACNEC_Fe2, throwing away...
WARNING: in FACNEC_Fe3, element S found, throwing away...
WARNING: only one anion for FACNEC_Fe3, throwing away...
WARNING: in FACNEC_Fe1, element S found, throwing away...
WARNING: only one anion for FACNEC_Fe1, throwing away...
WARNING: in FACNEC_Fe6, element S found, throwing away...
WARNING: only one anion for FACNEC_Fe6, throwing away...
WARNING: in FACNEC_Fe7, element Br found, throwing away...
WARNING: only one anion for FACNEC_Fe7, throwing away...
WARNING: in FACNEC_Fe4, element S found, throwing away...
WARNING: only one anion for FACNEC_Fe4, throwing away...
WARNING: in FACNEC_Fe5, element S found, throwing away...
WARNING: only one anion for FACNEC_Fe5, throwing away...
WARNING: in ATOJUO_Fe1, element S found, throwing away...
WARNING: only one anion for ATOJUO_Fe1, throwing away...
WARNING: in BAHYIS_Fe1, element S found, throwing away...
WARNING: only one anion for BAHYIS_Fe1, throwing away...
WARNING: in ZAZNOD_Fe1, element S found, throwing away...
WARNING: only one anion for ZAZNOD_Fe1, throwing away...
WARNING: in CAMREP_Fe1, element Cl found, throwing away...
WARNING: in LAXNON_Fe1, element S found, throwing away...
WARNING: only one anion for LAXNON_Fe1, throwing away...
WARNING: in VAPWAM_Fe1, element Cl found, throwing away...
WARNING: in VIFPUW_Fe1, element Cl found, throwing away...
WARNING: in HUFCUG_Fe1, element Cl found, throwing away...
WARNING: in CIYKUQ_Fe2, element S found, throwing away...
WARNING: only one anion for CIYKUQ_Fe2, throwing away...
WARNING: in GUJJUQ_Fe2, element Cl found, throwing away...
WARNING: only one anion for GUJJUQ_Fe2, throwing away...
WARNING: in MAWSIN_Fe1, element Cl found, throwing away...
WARNING: only one anion for MAWSIN_Fe1, throwing away...
WARNING: in CEGDEX_Fe1, element Cl found, throwing away...
WARNING: in LAFMAI_Fe1, element Cl found, throwing away...
WARNING: in PTHPFE10_Fe1, element S found, throwing away...
WARNING: only one anion for PTHPFE10_Fe1, throwing away...
WARNING: in DAMPAI_Fe3, element S found, throwing away...
WARNING: only one anion for DAMPAI_Fe3, throwing away...
WARNING: in UJUPIZ_Fe1, element Cl found, throwing away...
WARNING: in UJUPIZ_Fe2, element Cl found, throwing away...
WARNING: in XEBDIR_Fe1, element Br found, throwing away...
WARNING: in XEBDIR_Fe2, element Br found, throwing away...
WARNING: only one anion for XEBDIR_Fe2, throwing away...
WARNING: in GIGGIN_Fe1, element Cl found, throwing away...
WARNING: in REWPOY01_Fe2, element Cl found, throwing away...
WARNING: only one anion for REWPOY01_Fe2, throwing away...
WARNING: in REWPOY01_Fe1, element Cl found, throwing away...
WARNING: in QUSJAQ_Fe1, element S found, throwing away...
WARNING: only one anion for QUSJAQ_Fe1, throwing away...
WARNING: in SAXTEQ_Fe1, element S found, throwing away...
WARNING: only one anion for SAXTEQ_Fe1, throwing away...
WARNING: in SASMAC_Fe1, element Cl found, throwing away...
WARNING: in KIDBEF_Fe1, element S found, throwing away...
WARNING: only one anion for KIDBEF_Fe1, throwing away...
WARNING: in YORRUT_Fe1, element Cl found, throwing away...
WARNING: in OFABIH_Fe2, element Cl found, throwing away...
WARNING: only one anion for OFABIH_Fe2, throwing away...
WARNING: in OFABIH_Fe1, element Cl found, throwing away...
WARNING: in UBECIN_Fe1, element Cl found, throwing away...
WARNING: in YABGAK_Fe1, element Cl found, throwing away...
WARNING: in GEZMON_Fe1, element Cl found, throwing away...
WARNING: only one anion for GEZMON_Fe1, throwing away...
WARNING: in JEWTOV_Fe2, element Cl found, throwing away...
WARNING: in JEWTOV_Fe1, element Cl found, throwing away...
WARNING: in RAFJEO_Fe1, element Cl found, throwing away...
WARNING: in YIDZER_Fe1, element Br found, throwing away...
WARNING: only one anion for YIDZER_Fe1, throwing away...
WARNING: in HEYPAC_Fe1, element S found, throwing away...
WARNING: only one anion for HEYPAC_Fe1, throwing away...
WARNING: in MIQBOE_Fe1, element Cl found, throwing away...
WARNING: in COVGID_Fe3, element S found, throwing away...
WARNING: only one anion for COVGID_Fe3, throwing away...
WARNING: in ALAVEO_Fe1, element Cl found, throwing away...
WARNING: in CAMREP_Fe2, element Cl found, throwing away...
WARNING: in NAXSOV_Fe1, element Cl found, throwing away...
WARNING: in JIYQUE_Fe1, element Cl found, throwing away...
WARNING: in NAZRUC_Fe1, element S found, throwing away...
WARNING: only one anion for NAZRUC_Fe1, throwing away...
WARNING: in FEDMSI10_Fe2, element Cl found, throwing away...
WARNING: only one anion for FEDMSI10_Fe2, throwing away...
WARNING: in LABMUY_Fe1, element Br found, throwing away...
WARNING: only one anion for LABMUY_Fe1, throwing away...
WARNING: in VIMBUP_Fe1, element Cl found, throwing away...
WARNING: only one anion for VIMBUP_Fe1, throwing away...
WARNING: in OTOTEX_Fe1, element Br found, throwing away...
WARNING: in OFAPUH_Fe1, element Cl found, throwing away...
WARNING: in LEGFAE_Fe1, element Cl found, throwing away...
WARNING: only one anion for LEGFAE_Fe1, throwing away...
WARNING: in ITEXIO_Fe1, element S found, throwing away...
WARNING: only one anion for ITEXIO_Fe1, throwing away...
WARNING: in HONZIU_Fe2, element Cl found, throwing away...
WARNING: only one anion for HONZIU_Fe2, throwing away...
WARNING: in ETOGEA_Fe1, element Cl found, throwing away...
WARNING: only one anion for ETOGEA_Fe1, throwing away...
WARNING: in ISEXOT_Fe1, element Cl found, throwing away...
WARNING: in MAZWIT_Fe1, element Cl found, throwing away...
WARNING: in PIXYIF_Fe1, element Cl found, throwing away...
WARNING: in ELEWUO_Fe1, element Cl found, throwing away...
WARNING: in ELEWUO_Fe2, element Cl found, throwing away...
WARNING: only one anion for ELEWUO_Fe2, throwing away...
WARNING: in EAFEST_Fe1, element S found, throwing away...
WARNING: only one anion for EAFEST_Fe1, throwing away...
WARNING: in KINRUU_Fe1, element S found, throwing away...
WARNING: only one anion for KINRUU_Fe1, throwing away...
WARNING: in TPYFEC_Fe1, element Cl found, throwing away...
WARNING: in EDTCFD01_Fe1, element S found, throwing away...
WARNING: only one anion for EDTCFD01_Fe1, throwing away...
WARNING: in KUJBEX_Fe2, element Cl found, throwing away...
WARNING: only one anion for KUJBEX_Fe2, throwing away...
WARNING: in TARSIO_Fe1, element S found, throwing away...
WARNING: only one anion for TARSIO_Fe1, throwing away...
WARNING: in DEBWIQ_Fe2, element Br found, throwing away...
WARNING: only one anion for DEBWIQ_Fe2, throwing away...
WARNING: in XOPJOB_Fe1, element Cl found, throwing away...
WARNING: in FONGEV_Fe1, element Cl found, throwing away...
WARNING: in QEKXIO_Fe1, element Cl found, throwing away...
WARNING: in HIKNOF_Fe3, element Cl found, throwing away...
WARNING: only one anion for HIKNOF_Fe3, throwing away...
WARNING: in HIKNOF_Fe2, element Cl found, throwing away...
WARNING: only one anion for HIKNOF_Fe2, throwing away...
WARNING: in HIKNOF_Fe1, element Cl found, throwing away...
WARNING: in XEWNOD_Fe1, element S found, throwing away...
WARNING: only one anion for XEWNOD_Fe1, throwing away...
WARNING: in XEWNOD_Fe2, element S found, throwing away...
WARNING: only one anion for XEWNOD_Fe2, throwing away...
WARNING: in LEWPOT_Fe2, element S found, throwing away...
WARNING: only one anion for LEWPOT_Fe2, throwing away...
WARNING: in LEWPOT_Fe1, element S found, throwing away...
WARNING: only one anion for LEWPOT_Fe1, throwing away...
WARNING: in SEFYAE_Fe1, element Cl found, throwing away...
WARNING: in GOCZIH_Fe1, element S found, throwing away...
WARNING: only one anion for GOCZIH_Fe1, throwing away...
WARNING: in JAXLID_Fe1, element Cl found, throwing away...
WARNING: in BAHLOL_Fe1, element S found, throwing away...
WARNING: only one anion for BAHLOL_Fe1, throwing away...
WARNING: in HOBPOE_Fe1, element Cl found, throwing away...
WARNING: in EXOWET_Fe1, element Cl found, throwing away...
WARNING: in ASENUI_Fe1, element S found, throwing away...
WARNING: only one anion for ASENUI_Fe1, throwing away...
WARNING: in MASNUR_Fe1, element S found, throwing away...
WARNING: only one anion for MASNUR_Fe1, throwing away...
WARNING: in HELLOZ_Fe1, element S found, throwing away...
WARNING: only one anion for HELLOZ_Fe1, throwing away...
WARNING: in TARJON_Fe1, element Cl found, throwing away...
WARNING: in EKAHON_Fe1, element Cl found, throwing away...
WARNING: in RUDSIS_Fe1, element S found, throwing away...
WARNING: only one anion for RUDSIS_Fe1, throwing away...
WARNING: in HOBQUL_Fe1, element Br found, throwing away...
WARNING: in CPRNFE_Fe1, element Cl found, throwing away...
WARNING: in OLAREZ_Fe3, element S found, throwing away...
WARNING: only one anion for OLAREZ_Fe3, throwing away...
WARNING: in CAYQOI_Fe2, element Cl found, throwing away...
WARNING: only one anion for CAYQOI_Fe2, throwing away...
WARNING: in OLUHOS_Fe1, element S found, throwing away...
WARNING: only one anion for OLUHOS_Fe1, throwing away...
WARNING: in FAHXOB_Fe1, element Cl found, throwing away...
WARNING: in EWIVIQ_Fe1, element Cl found, throwing away...
WARNING: in ZIFDEX_Fe3, element S found, throwing away...
WARNING: only one anion for ZIFDEX_Fe3, throwing away...
WARNING: in AHOBOP_Fe1, element Cl found, throwing away...
WARNING: in ICAHUP_Fe1, element Cl found, throwing away...
WARNING: only one anion for ICAHUP_Fe1, throwing away...
WARNING: in BEDLAY_Fe1, element Cl found, throwing away...
WARNING: in NASJIB_Fe2, element S found, throwing away...
WARNING: only one anion for NASJIB_Fe2, throwing away...
WARNING: in NASJIB_Fe1, element S found, throwing away...
WARNING: only one anion for NASJIB_Fe1, throwing away...
WARNING: in FDAPSC10_Fe1, element Cl found, throwing away...
WARNING: only one anion for FDAPSC10_Fe1, throwing away...
WARNING: in HAJHIK_Fe1, element Cl found, throwing away...
WARNING: in CUKMOL_Fe1, element Cl found, throwing away...
WARNING: in ACISOU_Fe2, element Cl found, throwing away...
WARNING: only one anion for ACISOU_Fe2, throwing away...
WARNING: in ACISOU_Fe1, element Cl found, throwing away...
WARNING: in GAHBUO_Fe1, element Br found, throwing away...
WARNING: only one anion for GAHBUO_Fe1, throwing away...
WARNING: in PUXRAC_Fe1, element Cl found, throwing away...
WARNING: in LOPTEQ_Fe1, element Cl found, throwing away...
WARNING: in PUXREG_Fe1, element Cl found, throwing away...
WARNING: in JARMAQ_Fe1, element Cl found, throwing away...
WARNING: in JARMAQ_Fe2, element Cl found, throwing away...
WARNING: in YOJFOT_Fe1, element Br found, throwing away...
WARNING: in OCUJOL_Fe1, element Cl found, throwing away...
WARNING: in KOCYUX_Fe2, element Cl found, throwing away...
WARNING: in KOCYUX_Fe1, element Cl found, throwing away...
WARNING: in OFACII_Fe2, element Cl found, throwing away...
WARNING: only one anion for OFACII_Fe2, throwing away...
WARNING: in OFACII_Fe1, element Cl found, throwing away...
WARNING: only one anion for OFACII_Fe1, throwing away...
WARNING: in LARZIO_Fe1, element S found, throwing away...
WARNING: only one anion for LARZIO_Fe1, throwing away...
WARNING: in VOXSEG_Fe1, element Br found, throwing away...
WARNING: only one anion for VOXSEG_Fe1, throwing away...
WARNING: in XEFWEL_Fe1, element Cl found, throwing away...
WARNING: in VOFZEV_Fe1, element Cl found, throwing away...
WARNING: only one anion for VOFZEV_Fe1, throwing away...
WARNING: in TPTHFE10_Fe1, element S found, throwing away...
WARNING: only one anion for TPTHFE10_Fe1, throwing away...
WARNING: in TPTHFE10_Fe2, element S found, throwing away...
WARNING: only one anion for TPTHFE10_Fe2, throwing away...
WARNING: in GOSCUM_Fe1, element S found, throwing away...
WARNING: only one anion for GOSCUM_Fe1, throwing away...
WARNING: in UHEGOD_Fe1, element Cl found, throwing away...
WARNING: in REWSOB_Fe1, element Cl found, throwing away...
WARNING: in MCPRDE_Fe1, element S found, throwing away...
WARNING: only one anion for MCPRDE_Fe1, throwing away...
WARNING: in COBHIL_Fe1, element Cl found, throwing away...
WARNING: in XAPLOP_Fe1, element Cl found, throwing away...
WARNING: only one anion for XAPLOP_Fe1, throwing away...
WARNING: in KEBSOB_Fe2, element Cl found, throwing away...
WARNING: only one anion for KEBSOB_Fe2, throwing away...
WARNING: in REWPOY_Fe3, element Cl found, throwing away...
WARNING: only one anion for REWPOY_Fe3, throwing away...
WARNING: in NEMDIS_Fe5, element Br found, throwing away...
WARNING: only one anion for NEMDIS_Fe5, throwing away...
WARNING: in LAVYAJ_Fe1, element Cl found, throwing away...
WARNING: in LAVYAJ_Fe2, element Cl found, throwing away...
WARNING: in OPAQIG_Fe1, element Cl found, throwing away...
WARNING: in FADRAE_Fe1, element S found, throwing away...
WARNING: only one anion for FADRAE_Fe1, throwing away...
WARNING: in GEFLAF_Fe1, element S found, throwing away...
WARNING: only one anion for GEFLAF_Fe1, throwing away...
WARNING: in GEFLAF_Fe2, element S found, throwing away...
WARNING: only one anion for GEFLAF_Fe2, throwing away...
WARNING: in CIRGOZ_Fe1, element Cl found, throwing away...
WARNING: only one anion for CIRGOZ_Fe1, throwing away...
WARNING: in IFEJUY_Fe3, element Cl found, throwing away...
WARNING: only one anion for IFEJUY_Fe3, throwing away...
WARNING: in DEJCUR_Fe1, element Cl found, throwing away...
WARNING: in ITUXOL_Fe2, element Cl found, throwing away...
WARNING: in ITUXOL_Fe1, element Cl found, throwing away...
WARNING: in LAXGOI_Fe2, element S found, throwing away...
WARNING: only one anion for LAXGOI_Fe2, throwing away...
WARNING: in DORPIJ01_Fe1, element S found, throwing away...
WARNING: only one anion for DORPIJ01_Fe1, throwing away...
WARNING: in MCENDI_Fe1, element S found, throwing away...
WARNING: only one anion for MCENDI_Fe1, throwing away...
WARNING: in ERADIL_Fe1, element Cl found, throwing away...
WARNING: in YOMPOF_Fe2, element S found, throwing away...
WARNING: only one anion for YOMPOF_Fe2, throwing away...
WARNING: in HECVER_Fe1, element S found, throwing away...
WARNING: only one anion for HECVER_Fe1, throwing away...
WARNING: in PUQJAM_Fe1, element Cl found, throwing away...
WARNING: only one anion for PUQJAM_Fe1, throwing away...
WARNING: in DAJBAS_Fe1, element S found, throwing away...
WARNING: only one anion for DAJBAS_Fe1, throwing away...
WARNING: in WEKPUX_Fe1, element Cl found, throwing away...
WARNING: only one anion for WEKPUX_Fe1, throwing away...
WARNING: in FEQMAQ_Fe1, element Br found, throwing away...
WARNING: in YUZKOT10_Fe1, element Cl found, throwing away...
WARNING: in YUZKOT10_Fe2, element Cl found, throwing away...
WARNING: in PTSQFE10_Fe1, element S found, throwing away...
WARNING: only one anion for PTSQFE10_Fe1, throwing away...
WARNING: in VEDXIM_Fe1, element Cl found, throwing away...
WARNING: in DAEAFE_Fe1, element Br found, throwing away...
WARNING: in DONFOC_Fe1, element Cl found, throwing away...
WARNING: only one anion for DONFOC_Fe1, throwing away...
WARNING: in TUNKET_Fe1, element Cl found, throwing away...
WARNING: only one anion for TUNKET_Fe1, throwing away...
WARNING: in LAFGEE_Fe1, element Cl found, throwing away...
WARNING: only one anion for LAFGEE_Fe1, throwing away...
WARNING: in FUGNOL_Fe1, element Cl found, throwing away...
WARNING: in YOGBAX_Fe1, element S found, throwing away...
WARNING: only one anion for YOGBAX_Fe1, throwing away...
WARNING: in BETRIC_Fe1, element Cl found, throwing away...
WARNING: in ZAGYIP_Fe1, element S found, throwing away...
WARNING: only one anion for ZAGYIP_Fe1, throwing away...
WARNING: in KUGXUG_Fe1, element S found, throwing away...
WARNING: in TOKSER_Fe1, element S found, throwing away...
WARNING: only one anion for TOKSER_Fe1, throwing away...
WARNING: in CPMOBS10_Fe1, element S found, throwing away...
WARNING: only one anion for CPMOBS10_Fe1, throwing away...
WARNING: in XEFWUB_Fe1, element Cl found, throwing away...
WARNING: in RUDSOY_Fe1, element S found, throwing away...
WARNING: only one anion for RUDSOY_Fe1, throwing away...
WARNING: in TMAFEC_Fe1, element Cl found, throwing away...
WARNING: only one anion for TMAFEC_Fe1, throwing away...
WARNING: in POHVAK_Fe1, element S found, throwing away...
WARNING: only one anion for POHVAK_Fe1, throwing away...
WARNING: in YASPUE_Fe1, element S found, throwing away...
WARNING: only one anion for YASPUE_Fe1, throwing away...
WARNING: in GIBBIC_Fe1, element Cl found, throwing away...
WARNING: in SEBJOA_Fe1, element S found, throwing away...
WARNING: only one anion for SEBJOA_Fe1, throwing away...
WARNING: in SOTLET_Fe1, element S found, throwing away...
WARNING: only one anion for SOTLET_Fe1, throwing away...
WARNING: in OJENAS_Fe1, element Cl found, throwing away...
WARNING: in SELSEI_Fe1, element Cl found, throwing away...
WARNING: in UCUSIW_Fe1, element Cl found, throwing away...
WARNING: in RUKLOY_Fe2, element Cl found, throwing away...
WARNING: only one anion for RUKLOY_Fe2, throwing away...
WARNING: in GOSXUH_Fe1, element Cl found, throwing away...
WARNING: in QAMDOY_Fe1, element Cl found, throwing away...
WARNING: only one anion for QAMDOY_Fe1, throwing away...
WARNING: in ALAXEQ_Fe1, element Cl found, throwing away...
WARNING: in HURSIX_Fe1, element Cl found, throwing away...
WARNING: in MAXCAR_Fe1, element Cl found, throwing away...
WARNING: in VESKOU_Fe1, element Cl found, throwing away...
WARNING: only one anion for VESKOU_Fe1, throwing away...
WARNING: in CEYHET_Fe2, element S found, throwing away...
WARNING: only one anion for CEYHET_Fe2, throwing away...
WARNING: in CEYHET_Fe3, element S found, throwing away...
WARNING: only one anion for CEYHET_Fe3, throwing away...
WARNING: in CEYHET_Fe1, element S found, throwing away...
WARNING: only one anion for CEYHET_Fe1, throwing away...
WARNING: in CEYHET_Fe4, element S found, throwing away...
WARNING: only one anion for CEYHET_Fe4, throwing away...
WARNING: in HOBQEV_Fe1, element Cl found, throwing away...
WARNING: in XEFWAH_Fe1, element Cl found, throwing away...
WARNING: in QEJXEI_Fe1, element Cl found, throwing away...
WARNING: only one anion for QEJXEI_Fe1, throwing away...
WARNING: in KURPUI_Fe2, element S found, throwing away...
WARNING: only one anion for KURPUI_Fe2, throwing away...
WARNING: in KURPUI_Fe1, element S found, throwing away...
WARNING: only one anion for KURPUI_Fe1, throwing away...
WARNING: in CIXKOJ_Fe1, element S found, throwing away...
WARNING: only one anion for CIXKOJ_Fe1, throwing away...
WARNING: in COZXOE_Fe2, element S found, throwing away...
WARNING: only one anion for COZXOE_Fe2, throwing away...
WARNING: in BAYKOD_Fe1, element Cl found, throwing away...
WARNING: in UFOKAC_Fe1, element Cl found, throwing away...
WARNING: in KUGXAM_Fe1, element Cl found, throwing away...
WARNING: in GITFOE_Fe1, element S found, throwing away...
WARNING: only one anion for GITFOE_Fe1, throwing away...
WARNING: in RORKUE_Fe1, element S found, throwing away...
WARNING: only one anion for RORKUE_Fe1, throwing away...
WARNING: in RORKUE_Fe2, element S found, throwing away...
WARNING: only one anion for RORKUE_Fe2, throwing away...
WARNING: in MEGBIK_Fe2, element S found, throwing away...
WARNING: only one anion for MEGBIK_Fe2, throwing away...
WARNING: in BEQJUD_Fe2, element S found, throwing away...
WARNING: only one anion for BEQJUD_Fe2, throwing away...
WARNING: in BEQJUD_Fe1, element S found, throwing away...
WARNING: only one anion for BEQJUD_Fe1, throwing away...
WARNING: in FOTNEI_Fe1, element Cl found, throwing away...
WARNING: in POKNAF_Fe1, element Cl found, throwing away...
WARNING: only one anion for POKNAF_Fe1, throwing away...
WARNING: in JITWUF_Fe1, element S found, throwing away...
WARNING: only one anion for JITWUF_Fe1, throwing away...
WARNING: in UNECOG_Fe1, element Cl found, throwing away...
WARNING: in FEBPAE_Fe1, element Cl found, throwing away...
WARNING: only one anion for FEBPAE_Fe1, throwing away...
WARNING: in HEYPEG_Fe1, element S found, throwing away...
WARNING: only one anion for HEYPEG_Fe1, throwing away...
WARNING: in YOJVOJ_Fe1, element Br found, throwing away...
WARNING: in COTQOS_Fe1, element Cl found, throwing away...
WARNING: in NARWEI_Fe2, element S found, throwing away...
WARNING: only one anion for NARWEI_Fe2, throwing away...
WARNING: in NARWEI_Fe3, element S found, throwing away...
WARNING: in NARWEI_Fe1, element S found, throwing away...
WARNING: only one anion for NARWEI_Fe1, throwing away...
WARNING: in PADQES_Fe1, element Cl found, throwing away...
WARNING: in WODJOO_Fe1, element Cl found, throwing away...
WARNING: in BARFEH_Fe1, element Cl found, throwing away...
WARNING: in RAFJIS_Fe1, element Cl found, throwing away...
WARNING: in QAMBEM_Fe3, element Cl found, throwing away...
WARNING: only one anion for QAMBEM_Fe3, throwing away...
WARNING: in QAMBEM_Fe2, element Cl found, throwing away...
WARNING: only one anion for QAMBEM_Fe2, throwing away...
WARNING: in QAMBEM_Fe1, element Cl found, throwing away...
WARNING: in RAFJOY_Fe1, element Cl found, throwing away...
WARNING: in VUXPAG_Fe1, element Cl found, throwing away...
WARNING: only one anion for VUXPAG_Fe1, throwing away...
WARNING: in INUTUH_Fe1, element Cl found, throwing away...
WARNING: in UHEFOC_Fe1, element Cl found, throwing away...
WARNING: only one anion for UHEFOC_Fe1, throwing away...
WARNING: in VAPVIT_Fe1, element Cl found, throwing away...
WARNING: in QAMDOY_Fe2, element Cl found, throwing away...
WARNING: only one anion for QAMDOY_Fe2, throwing away...
WARNING: in QUSDIR_Fe2, element Cl found, throwing away...
WARNING: only one anion for QUSDIR_Fe2, throwing away...
WARNING: in MUSQOH_Fe1, element Cl found, throwing away...
WARNING: in DAJRAH_Fe1, element Cl found, throwing away...
WARNING: only one anion for DAJRAH_Fe1, throwing away...
WARNING: in YEWYUU_Fe1, element S found, throwing away...
WARNING: only one anion for YEWYUU_Fe1, throwing away...
WARNING: in AMAHOM_Fe1, element Br found, throwing away...
WARNING: in NASHUL_Fe1, element F found, throwing away...
WARNING: only one anion for NASHUL_Fe1, throwing away...
WARNING: in WUWFUQ_Fe1, element Br found, throwing away...
WARNING: in WAJHAS_Fe1, element Br found, throwing away...
WARNING: in BEQKEO_Fe1, element S found, throwing away...
WARNING: in KOCBIN_Fe4, element S found, throwing away...
WARNING: only one anion for KOCBIN_Fe4, throwing away...
WARNING: in UPIFUV_Fe1, element S found, throwing away...
WARNING: only one anion for UPIFUV_Fe1, throwing away...
WARNING: in XAYVOJ_Fe2, element Cl found, throwing away...
WARNING: in HOBQOF_Fe1, element Cl found, throwing away...
WARNING: in DOMNEZ_Fe1, element Cl found, throwing away...
WARNING: in HIPLAU_Fe1, element Cl found, throwing away...
WARNING: in PUPHEN_Fe2, element S found, throwing away...
WARNING: only one anion for PUPHEN_Fe2, throwing away...
WARNING: in PUPHEN_Fe1, element S found, throwing away...
WARNING: only one anion for PUPHEN_Fe1, throwing away...
WARNING: in INUXIZ_Fe1, element S found, throwing away...
WARNING: only one anion for INUXIZ_Fe1, throwing away...
WARNING: in VIRWEZ_Fe1, element Cl found, throwing away...
WARNING: in EWIVEM_Fe1, element Cl found, throwing away...
WARNING: in NAZREM_Fe2, element S found, throwing away...
WARNING: only one anion for NAZREM_Fe2, throwing away...
WARNING: in GEQTOM_Fe1, element Cl found, throwing away...
WARNING: in AHOBIJ_Fe2, element Cl found, throwing away...
WARNING: in AHOBIJ_Fe1, element Cl found, throwing away...
WARNING: in KOCBIN01_Fe4, element S found, throwing away...
WARNING: only one anion for KOCBIN01_Fe4, throwing away...
WARNING: in BALPEJ_Fe1, element S found, throwing away...
WARNING: only one anion for BALPEJ_Fe1, throwing away...
WARNING: in NIPJAX_Fe1, element Cl found, throwing away...
WARNING: only one anion for NIPJAX_Fe1, throwing away...
WARNING: in TAXNEM_Fe2, element S found, throwing away...
WARNING: only one anion for TAXNEM_Fe2, throwing away...
WARNING: in TAXNEM_Fe1, element S found, throwing away...
WARNING: only one anion for TAXNEM_Fe1, throwing away...
WARNING: in ZEYQID_Fe4, element Br found, throwing away...
WARNING: only one anion for ZEYQID_Fe4, throwing away...
WARNING: in HOBQAR_Fe1, element Cl found, throwing away...
WARNING: in KIKMIA_Fe1, element Cl found, throwing away...
WARNING: only one anion for KIKMIA_Fe1, throwing away...
WARNING: in TAMCUH_Fe1, element Cl found, throwing away...
WARNING: in TAMCUH_Fe2, element Cl found, throwing away...
WARNING: in FIBJOQ_Fe1, element Cl found, throwing away...
WARNING: in JAQQOH_Fe1, element Cl found, throwing away...
WARNING: only one anion for JAQQOH_Fe1, throwing away...
WARNING: in BUJHUJ_Fe1, element S found, throwing away...
WARNING: only one anion for BUJHUJ_Fe1, throwing away...
WARNING: in CUQSEN_Fe1, element Br found, throwing away...
WARNING: in YAJLEA_Fe1, element S found, throwing away...
WARNING: only one anion for YAJLEA_Fe1, throwing away...
WARNING: in DEXFOB_Fe1, element S found, throwing away...
WARNING: only one anion for DEXFOB_Fe1, throwing away...
WARNING: in OXAKII_Fe1, element Cl found, throwing away...
WARNING: in LUXFEP_Fe1, element Cl found, throwing away...
WARNING: in QOHWEQ_Fe1, element Cl found, throwing away...
WARNING: only one anion for QOHWEQ_Fe1, throwing away...
WARNING: in YABGIS_Fe1, element Cl found, throwing away...
WARNING: only one anion for YABGIS_Fe1, throwing away...
WARNING: in JOHCUF_Fe1, element S found, throwing away...
WARNING: only one anion for JOHCUF_Fe1, throwing away...
WARNING: in AFIRAJ_Fe3, element Cl found, throwing away...
WARNING: only one anion for AFIRAJ_Fe3, throwing away...
WARNING: in AFIRAJ_Fe2, element Cl found, throwing away...
WARNING: only one anion for AFIRAJ_Fe2, throwing away...
WARNING: in LAXNUT_Fe1, element S found, throwing away...
WARNING: only one anion for LAXNUT_Fe1, throwing away...
WARNING: in JEBNAF_Fe1, element Cl found, throwing away...
WARNING: in NEGXUT_Fe1, element Cl found, throwing away...
WARNING: only one anion for NEGXUT_Fe1, throwing away...
WARNING: in UDUMEL_Fe1, element Br found, throwing away...
WARNING: only one anion for UDUMEL_Fe1, throwing away...
WARNING: in MOYVOL_Fe1, element S found, throwing away...
WARNING: in OBIFUA_Fe1, element Cl found, throwing away...
WARNING: in XEWPAR_Fe1, element S found, throwing away...
WARNING: only one anion for XEWPAR_Fe1, throwing away...
WARNING: in YECRII_Fe1, element S found, throwing away...
WARNING: only one anion for YECRII_Fe1, throwing away...
WARNING: in QUKTAS_Fe1, element Cl found, throwing away...
WARNING: in OYOCOV_Fe1, element Cl found, throwing away...
WARNING: in OBOSED_Fe1, element Cl found, throwing away...
WARNING: in UCODIB_Fe1, element Cl found, throwing away...
WARNING: in XIFXOZ_Fe1, element Cl found, throwing away...
WARNING: in KISMIJ_Fe1, element Cl found, throwing away...
WARNING: only one anion for KISMIJ_Fe1, throwing away...
WARNING: in YIDXIT_Fe1, element Cl found, throwing away...
WARNING: only one anion for YIDXIT_Fe1, throwing away...
WARNING: in UMAZIS_Fe1, element Cl found, throwing away...
WARNING: only one anion for UMAZIS_Fe1, throwing away...
WARNING: in RUCYEU_Fe2, element Cl found, throwing away...
WARNING: only one anion for RUCYEU_Fe2, throwing away...
WARNING: in RUCYEU_Fe1, element Cl found, throwing away...
WARNING: in EBEBUI_Fe1, element S found, throwing away...
WARNING: only one anion for EBEBUI_Fe1, throwing away...
WARNING: in HENLIV_Fe1, element Cl found, throwing away...
WARNING: in ABAYAF_Fe2, element Br found, throwing away...
WARNING: only one anion for ABAYAF_Fe2, throwing away...
WARNING: in FATBOR_Fe1, element S found, throwing away...
WARNING: only one anion for FATBOR_Fe1, throwing away...
WARNING: in GUZLES_Fe1, element Cl found, throwing away...
WARNING: in LAHMOW_Fe2, element S found, throwing away...
WARNING: only one anion for LAHMOW_Fe2, throwing away...
WARNING: in KUXVII_Fe1, element S found, throwing away...
WARNING: only one anion for KUXVII_Fe1, throwing away...
WARNING: in GUFPUT_Fe2, element S found, throwing away...
WARNING: only one anion for GUFPUT_Fe2, throwing away...
WARNING: in XEFWOV_Fe1, element Cl found, throwing away...
WARNING: in RAKDAI_Fe1, element Cl found, throwing away...
WARNING: only one anion for RAKDAI_Fe1, throwing away...
WARNING: in YEWYII_Fe1, element S found, throwing away...
WARNING: only one anion for YEWYII_Fe1, throwing away...
WARNING: in VIFNAA_Fe1, element Cl found, throwing away...
WARNING: in DAMNUA_Fe2, element S found, throwing away...
WARNING: only one anion for DAMNUA_Fe2, throwing away...
WARNING: in QADCOO_Fe1, element Cl found, throwing away...
WARNING: only one anion for QADCOO_Fe1, throwing away...
WARNING: in LARZEK_Fe1, element S found, throwing away...
WARNING: only one anion for LARZEK_Fe1, throwing away...
WARNING: in ZAWTAS_Fe1, element Cl found, throwing away...
WARNING: in SELSIM_Fe1, element Cl found, throwing away...
WARNING: only one anion for SELSIM_Fe1, throwing away...
WARNING: in QIVCII_Fe1, element Cl found, throwing away...
WARNING: only one anion for QIVCII_Fe1, throwing away...
WARNING: in NANYUW_Fe2, element Cl found, throwing away...
WARNING: in NANYUW_Fe1, element Cl found, throwing away...
WARNING: only one anion for NANYUW_Fe1, throwing away...
WARNING: in MAFECL_Fe1, element Cl found, throwing away...
WARNING: only one anion for MAFECL_Fe1, throwing away...
WARNING: in KUGXIU_Fe1, element S found, throwing away...
WARNING: in TATWAM_Fe1, element S found, throwing away...
WARNING: only one anion for TATWAM_Fe1, throwing away...
WARNING: in XAYVUP_Fe1, element Cl found, throwing away...
WARNING: in OXAKOO_Fe1, element Cl found, throwing away...
WARNING: in HUFDER_Fe1, element Cl found, throwing away...
WARNING: in HUFDER_Fe2, element Cl found, throwing away...
WARNING: only one anion for HUFDER_Fe2, throwing away...
WARNING: in KEHQOE_Fe1, element Cl found, throwing away...
WARNING: in OFABAZ_Fe1, element Cl found, throwing away...
WARNING: in LECXOH_Fe1, element Cl found, throwing away...
WARNING: only one anion for LECXOH_Fe1, throwing away...
WARNING: in TULQOH_Fe1, element Cl found, throwing away...
WARNING: in TOWHAO_Fe1, element F found, throwing away...
WARNING: only one anion for TOWHAO_Fe1, throwing away...
WARNING: in KALCUX_Fe1, element Cl found, throwing away...
WARNING: in UZAHEJ_Fe1, element Cl found, throwing away...
WARNING: in CAHPEI_Fe1, element Cl found, throwing away...
WARNING: in KOMWAL_Fe1, element Cl found, throwing away...
WARNING: only one anion for KOMWAL_Fe1, throwing away...
WARNING: in UJUPOF_Fe1, element Cl found, throwing away...
WARNING: in NEMDOY_Fe7, element Cl found, throwing away...
WARNING: only one anion for NEMDOY_Fe7, throwing away...
WARNING: in IMAPOC_Fe1, element Cl found, throwing away...
WARNING: in DAGLUU_Fe1, element Cl found, throwing away...
WARNING: only one anion for DAGLUU_Fe1, throwing away...
WARNING: in KOKTEK01_Fe1, element S found, throwing away...
WARNING: only one anion for KOKTEK01_Fe1, throwing away...
WARNING: in NASJAT_Fe1, element F found, throwing away...
WARNING: in GUZLUI_Fe2, element Cl found, throwing away...
WARNING: in WIKDAW_Fe1, element S found, throwing away...
WARNING: only one anion for WIKDAW_Fe1, throwing away...
WARNING: in VAPVAL_Fe1, element Cl found, throwing away...
WARNING: only one anion for VAPVAL_Fe1, throwing away...
WARNING: in TIRXEY_Fe1, element Cl found, throwing away...
WARNING: in RUZXUF_Fe1, element S found, throwing away...
WARNING: only one anion for RUZXUF_Fe1, throwing away...
WARNING: in PAKKIW_Fe1, element Cl found, throwing away...
WARNING: in METGIB_Fe2, element Cl found, throwing away...
WARNING: only one anion for METGIB_Fe2, throwing away...
WARNING: in JASCIP_Fe1, element S found, throwing away...
WARNING: only one anion for JASCIP_Fe1, throwing away...
WARNING: in UHEHOE_Fe1, element Br found, throwing away...
WARNING: only one anion for UHEHOE_Fe1, throwing away...
WARNING: in MENWUY_Fe1, element Br found, throwing away...
WARNING: only one anion for MENWUY_Fe1, throwing away...
WARNING: in OHEDOU_Fe1, element Cl found, throwing away...
WARNING: in COQNEC_Fe1, element Cl found, throwing away...
WARNING: in CEYGOC_Fe1, element S found, throwing away...
WARNING: only one anion for CEYGOC_Fe1, throwing away...
WARNING: in CEYGOC_Fe2, element S found, throwing away...
WARNING: only one anion for CEYGOC_Fe2, throwing away...
WARNING: in CUCXUT_Fe1, element Cl found, throwing away...
WARNING: only one anion for CUCXUT_Fe1, throwing away...
WARNING: in EKINAN_Fe1, element Cl found, throwing away...
WARNING: in SARRUA_Fe1, element Cl found, throwing away...
WARNING: in CERVIE_Fe1, element S found, throwing away...
WARNING: only one anion for CERVIE_Fe1, throwing away...
WARNING: in YOJFUZ_Fe1, element Cl found, throwing away...
WARNING: in IMSPFE10_Fe1, element S found, throwing away...
WARNING: only one anion for IMSPFE10_Fe1, throwing away...
WARNING: in KAGPUE_Fe1, element Cl found, throwing away...
WARNING: only one anion for KAGPUE_Fe1, throwing away...
WARNING: in MEPMAW_Fe1, element Cl found, throwing away...
WARNING: only one anion for MEPMAW_Fe1, throwing away...
WARNING: in SIWVAV_Fe1, element S found, throwing away...
WARNING: only one anion for SIWVAV_Fe1, throwing away...
WARNING: in SEBJAM_Fe3, element S found, throwing away...
WARNING: only one anion for SEBJAM_Fe3, throwing away...
WARNING: in SEBJAM_Fe6, element S found, throwing away...
WARNING: only one anion for SEBJAM_Fe6, throwing away...
WARNING: in QOMWEV_Fe2, element Cl found, throwing away...
WARNING: only one anion for QOMWEV_Fe2, throwing away...
WARNING: in PTUMFC_Fe1, element Cl found, throwing away...
WARNING: only one anion for PTUMFC_Fe1, throwing away...
WARNING: in PTUMFC_Fe2, element Cl found, throwing away...
WARNING: only one anion for PTUMFC_Fe2, throwing away...
WARNING: in UKEYUF_Fe1, element S found, throwing away...
WARNING: only one anion for UKEYUF_Fe1, throwing away...
WARNING: in ARUFOJ_Fe1, element Cl found, throwing away...
WARNING: in RIRPEO_Fe2, element Cl found, throwing away...
WARNING: only one anion for RIRPEO_Fe2, throwing away...
WARNING: in RIRPEO_Fe1, element Cl found, throwing away...
WARNING: in MAZWOZ_Fe1, element Br found, throwing away...
WARNING: in XUHPUM_Fe1, element S found, throwing away...
WARNING: only one anion for XUHPUM_Fe1, throwing away...
WARNING: in RUZNAB_Fe1, element Cl found, throwing away...
WARNING: only one anion for RUZNAB_Fe1, throwing away...
WARNING: in VAPVUF_Fe1, element Cl found, throwing away...
WARNING: only one anion for VAPVUF_Fe1, throwing away...
WARNING: in LABMOS_Fe2, element Br found, throwing away...
WARNING: only one anion for LABMOS_Fe2, throwing away...
WARNING: in ZIFDIB_Fe1, element S found, throwing away...
WARNING: only one anion for ZIFDIB_Fe1, throwing away...
WARNING: in QACVUN_Fe1, element Cl found, throwing away...
WARNING: in QEJYAF_Fe2, element Cl found, throwing away...
WARNING: in QEJYAF_Fe1, element Cl found, throwing away...
WARNING: only one anion for QEJYAF_Fe1, throwing away...
WARNING: in VIRWAV_Fe1, element Cl found, throwing away...
WARNING: only one anion for VIRWAV_Fe1, throwing away...
WARNING: in TACTUM_Fe1, element S found, throwing away...
WARNING: only one anion for TACTUM_Fe1, throwing away...
WARNING: in NAZROW_Fe1, element Cl found, throwing away...
WARNING: in NEMDUE_Fe7, element Cl found, throwing away...
WARNING: only one anion for NEMDUE_Fe7, throwing away...
WARNING: in ASUTEN_Fe1, element Cl found, throwing away...
WARNING: in FEJJEK_Fe2, element Cl found, throwing away...
WARNING: only one anion for FEJJEK_Fe2, throwing away...
WARNING: in GUCXIL_Fe1, element Cl found, throwing away...
WARNING: in XIMSAO_Fe1, element Br found, throwing away...
WARNING: only one anion for XIMSAO_Fe1, throwing away...
WARNING: in RERXIW_Fe1, element Cl found, throwing away...
WARNING: in COMKUL_Fe1, element Cl found, throwing away...
WARNING: in AGUGEO_Fe2, element Cl found, throwing away...
WARNING: only one anion for AGUGEO_Fe2, throwing away...
WARNING: in AGUGEO_Fe1, element Cl found, throwing away...
WARNING: in REWZUO_Fe1, element Cl found, throwing away...
WARNING: in SEBJIU_Fe2, element S found, throwing away...
WARNING: only one anion for SEBJIU_Fe2, throwing away...
WARNING: in WIBNUR_Fe1, element Br found, throwing away...
WARNING: only one anion for WIBNUR_Fe1, throwing away...
WARNING: in PAYTOZ_Fe1, element Cl found, throwing away...
WARNING: in GUFPUT_Fe1, element S found, throwing away...
WARNING: only one anion for GUFPUT_Fe1, throwing away...
WARNING: in IXEZOB_Fe1, element Cl found, throwing away...
WARNING: in GOLSIJ_Fe1, element S found, throwing away...
WARNING: only one anion for GOLSIJ_Fe1, throwing away...
WARNING: in SEWDAA_Fe1, element Cl found, throwing away...
WARNING: only one anion for SEWDAA_Fe1, throwing away...
WARNING: in SAFFEM_Fe1, element Cl found, throwing away...
WARNING: in AQUWEP_Fe1, element Cl found, throwing away...
WARNING: in LINRIK_Fe1, element Br found, throwing away...
WARNING: only one anion for LINRIK_Fe1, throwing away...
WARNING: in FANLIP_Fe1, element S found, throwing away...
WARNING: only one anion for FANLIP_Fe1, throwing away...
WARNING: in FANLIP_Fe2, element S found, throwing away...
WARNING: only one anion for FANLIP_Fe2, throwing away...
WARNING: in OXAKUU_Fe1, element Cl found, throwing away...
WARNING: in QALZUZ_Fe1, element Cl found, throwing away...
WARNING: in TDCURF_Fe1, element S found, throwing away...
WARNING: only one anion for TDCURF_Fe1, throwing away...
WARNING: in ITOKEI_Fe1, element Cl found, throwing away...
WARNING: only one anion for ITOKEI_Fe1, throwing away...
WARNING: in LAYVOX_Fe1, element S found, throwing away...
WARNING: in LAJFUX_Fe1, element S found, throwing away...
WARNING: only one anion for LAJFUX_Fe1, throwing away...
WARNING: in CIVLID_Fe1, element Cl found, throwing away...
WARNING: in GIVSEK_Fe1, element Cl found, throwing away...
WARNING: in RIRBAW_Fe1, element S found, throwing away...
WARNING: only one anion for RIRBAW_Fe1, throwing away...
WARNING: in QALTEE_Fe1, element Cl found, throwing away...
WARNING: in DABPIG_Fe1, element Cl found, throwing away...
WARNING: in DAWWEE_Fe1, element Cl found, throwing away...
WARNING: in XAKHOI_Fe1, element Cl found, throwing away...
WARNING: only one anion for XAKHOI_Fe1, throwing away...
WARNING: in CIVLEZ_Fe1, element Cl found, throwing away...
WARNING: only one anion for CIVLEZ_Fe1, throwing away...
WARNING: in LAXGOI_Fe1, element S found, throwing away...
WARNING: only one anion for LAXGOI_Fe1, throwing away...
WARNING: in IMAPUI_Fe1, element Cl found, throwing away...
WARNING: in XUJFIS_Fe1, element Br found, throwing away...
WARNING: only one anion for XUJFIS_Fe1, throwing away...
WARNING: in MITYEU_Fe2, element Cl found, throwing away...
WARNING: only one anion for MITYEU_Fe2, throwing away...
WARNING: in MITYEU_Fe1, element Cl found, throwing away...
WARNING: in QEJWUX_Fe1, element Cl found, throwing away...
WARNING: only one anion for QEJWUX_Fe1, throwing away...
WARNING: in LUGNUW_Fe1, element S found, throwing away...
WARNING: only one anion for LUGNUW_Fe1, throwing away...
WARNING: in VICSEG_Fe1, element Cl found, throwing away...
WARNING: in JIYQEO_Fe1, element Cl found, throwing away...
WARNING: in EWIVAI_Fe1, element Cl found, throwing away...
WARNING: in RUGYEY_Fe1, element S found, throwing away...
WARNING: in IKEHIQ_Fe1, element Cl found, throwing away...
WARNING: in VAWSUH_Fe3, element S found, throwing away...
WARNING: only one anion for VAWSUH_Fe3, throwing away...
WARNING: in NEVROW_Fe1, element Cl found, throwing away...
WARNING: only one anion for NEVROW_Fe1, throwing away...
WARNING: in SEBHUE_Fe1, element S found, throwing away...
WARNING: in JIYQOY_Fe1, element Cl found, throwing away...
WARNING: in QEJWOR_Fe1, element Cl found, throwing away...
WARNING: only one anion for QEJWOR_Fe1, throwing away...
WARNING: in EYIRUA_Fe1, element S found, throwing away...
WARNING: only one anion for EYIRUA_Fe1, throwing away...
WARNING: in HUXZUV_Fe1, element Cl found, throwing away...
WARNING: in MAJYOM_Fe1, element S found, throwing away...
WARNING: only one anion for MAJYOM_Fe1, throwing away...
WARNING: in KAWJOH_Fe1, element S found, throwing away...
WARNING: only one anion for KAWJOH_Fe1, throwing away...
WARNING: in PUGWIX_Fe1, element Cl found, throwing away...
WARNING: in NALSUQ_Fe2, element Cl found, throwing away...
WARNING: only one anion for NALSUQ_Fe2, throwing away...
WARNING: in WULSEB_Fe1, element S found, throwing away...
WARNING: only one anion for WULSEB_Fe1, throwing away...
WARNING: in LEGDEG_Fe1, element F found, throwing away...
WARNING: only one anion for LEGDEG_Fe1, throwing away...
WARNING: in NEBBUS_Fe1, element Cl found, throwing away...
WARNING: in XURVEM_Fe1, element Br found, throwing away...
WARNING: in QANTAB_Fe4, element S found, throwing away...
WARNING: only one anion for QANTAB_Fe4, throwing away...
WARNING: in QANTAB_Fe2, element S found, throwing away...
WARNING: only one anion for QANTAB_Fe2, throwing away...
WARNING: in COVGID_Fe1, element S found, throwing away...
WARNING: only one anion for COVGID_Fe1, throwing away...
WARNING: in BUCDEJ_Fe1, element Cl found, throwing away...
WARNING: in GEQYAD_Fe1, element Cl found, throwing away...
WARNING: in POKCUO_Fe1, element S found, throwing away...
WARNING: only one anion for POKCUO_Fe1, throwing away...
WARNING: in XENMEI_Fe1, element S found, throwing away...
WARNING: only one anion for XENMEI_Fe1, throwing away...
WARNING: in UMIBEX_Fe2, element S found, throwing away...
WARNING: only one anion for UMIBEX_Fe2, throwing away...
WARNING: in UMIBEX_Fe1, element S found, throwing away...
WARNING: only one anion for UMIBEX_Fe1, throwing away...
WARNING: in IREQIF_Fe2, element Cl found, throwing away...
WARNING: only one anion for IREQIF_Fe2, throwing away...
WARNING: in CEZZEM10_Fe1, element S found, throwing away...
WARNING: only one anion for CEZZEM10_Fe1, throwing away...
WARNING: in MECECO_Fe2, element S found, throwing away...
WARNING: only one anion for MECECO_Fe2, throwing away...
WARNING: in MECECO_Fe1, element S found, throwing away...
WARNING: in INUVET_Fe2, element Br found, throwing away...
WARNING: in ITUYAY_Fe1, element Cl found, throwing away...
WARNING: in MUDVAI_Fe1, element Cl found, throwing away...
WARNING: only one anion for MUDVAI_Fe1, throwing away...
WARNING: in PUPHIR_Fe2, element S found, throwing away...
WARNING: only one anion for PUPHIR_Fe2, throwing away...
WARNING: in PUPHIR_Fe1, element S found, throwing away...
WARNING: only one anion for PUPHIR_Fe1, throwing away...
WARNING: in MICYFE10_Fe1, element Cl found, throwing away...
WARNING: only one anion for MICYFE10_Fe1, throwing away...
WARNING: in ZEYQOJ_Fe7, element Cl found, throwing away...
WARNING: only one anion for ZEYQOJ_Fe7, throwing away...
WARNING: in ABAWUV_Fe2, element Cl found, throwing away...
WARNING: only one anion for ABAWUV_Fe2, throwing away...
WARNING: in ABAWUV_Fe3, element Cl found, throwing away...
WARNING: in ABAWUV_Fe1, element Cl found, throwing away...
WARNING: in TULQIB_Fe1, element Cl found, throwing away...
WARNING: in DOMNID_Fe1, element Cl found, throwing away...
WARNING: in MDTHCF10_Fe1, element Cl found, throwing away...
WARNING: only one anion for MDTHCF10_Fe1, throwing away...
WARNING: in RUCXUJ_Fe1, element Cl found, throwing away...
WARNING: in REWPOY_Fe1, element Cl found, throwing away...
WARNING: in REWPOY_Fe2, element Cl found, throwing away...
WARNING: only one anion for REWPOY_Fe2, throwing away...
WARNING: in WOGMIP_Fe3, element Br found, throwing away...
WARNING: only one anion for WOGMIP_Fe3, throwing away...
WARNING: in QACVIB_Fe1, element Cl found, throwing away...
WARNING: in YAJKUP_Fe1, element S found, throwing away...
WARNING: only one anion for YAJKUP_Fe1, throwing away...
WARNING: in YUDFOT_Fe1, element Cl found, throwing away...
WARNING: in LEGDUW_Fe1, element Cl found, throwing away...
WARNING: in GIGHOU_Fe1, element Cl found, throwing away...
WARNING: in LEJQUN_Fe1, element Br found, throwing away...
WARNING: only one anion for LEJQUN_Fe1, throwing away...
WARNING: in NASJEX_Fe1, element F found, throwing away...
WARNING: only one anion for NASJEX_Fe1, throwing away...
WARNING: in BEQKAK_Fe1, element S found, throwing away...
WARNING: only one anion for BEQKAK_Fe1, throwing away...
WARNING: in BEQKAK_Fe2, element S found, throwing away...
WARNING: only one anion for BEQKAK_Fe2, throwing away...
WARNING: in JIMXIN_Fe1, element Cl found, throwing away...
WARNING: in YOMPIZ_Fe1, element S found, throwing away...
WARNING: only one anion for YOMPIZ_Fe1, throwing away...
WARNING: in HIWFOJ_Fe1, element S found, throwing away...
WARNING: only one anion for HIWFOJ_Fe1, throwing away...
WARNING: in VAPTIR_Fe1, element Cl found, throwing away...
WARNING: in BAESMC_Fe4, element S found, throwing away...
WARNING: only one anion for BAESMC_Fe4, throwing away...
WARNING: in VUXNOS_Fe1, element Cl found, throwing away...
WARNING: in SPCNFE_Fe1, element S found, throwing away...
WARNING: only one anion for SPCNFE_Fe1, throwing away...
WARNING: in AGEROU_Fe1, element Cl found, throwing away...
WARNING: in TULQUN_Fe1, element Cl found, throwing away...
WARNING: in FEYNED_Fe1, element S found, throwing away...
WARNING: only one anion for FEYNED_Fe1, throwing away...
WARNING: in VIRWOJ_Fe1, element Cl found, throwing away...
WARNING: in UPIGEG_Fe1, element Cl found, throwing away...
WARNING: in ZIFDOH_Fe1, element S found, throwing away...
WARNING: only one anion for ZIFDOH_Fe1, throwing away...
WARNING: in TUKBAC_Fe2, element Cl found, throwing away...
WARNING: only one anion for TUKBAC_Fe2, throwing away...
WARNING: in IXIFAW_Fe1, element Cl found, throwing away...
WARNING: in BIBMOO_Fe4, element S found, throwing away...
WARNING: only one anion for BIBMOO_Fe4, throwing away...
WARNING: in JIYQOY_Fe2, element Cl found, throwing away...
WARNING: only one anion for JIYQOY_Fe2, throwing away...
WARNING: in QOSGUB_Fe1, element Br found, throwing away...
WARNING: in KOCKUI_Fe1, element Cl found, throwing away...
WARNING: only one anion for KOCKUI_Fe1, throwing away...
WARNING: in KOCKUI_Fe2, element Cl found, throwing away...
WARNING: in QOSGUB_Fe2, element Br found, throwing away...
WARNING: in METGIB_Fe1, element Cl found, throwing away...
WARNING: in ENIWON_Fe1, element Cl found, throwing away...
WARNING: in BIXDIW_Fe1, element Cl found, throwing away...
WARNING: in OTUSUS_Fe1, element S found, throwing away...
WARNING: only one anion for OTUSUS_Fe1, throwing away...
WARNING: in LUGNOQ_Fe1, element S found, throwing away...
WARNING: in EXOVUI_Fe2, element Cl found, throwing away...
WARNING: only one anion for EXOVUI_Fe2, throwing away...
WARNING: in AHOBUV_Fe1, element Cl found, throwing away...
WARNING: in ETOGAW_Fe1, element Br found, throwing away...
WARNING: only one anion for ETOGAW_Fe1, throwing away...
WARNING: in MACHUV_Fe1, element Br found, throwing away...
WARNING: in CORHIB_Fe2, element S found, throwing away...
WARNING: in CORHIB_Fe1, element S found, throwing away...
WARNING: only one anion for CORHIB_Fe1, throwing away...
WARNING: in AGUGIS_Fe1, element Cl found, throwing away...
WARNING: in KURPOC_Fe1, element S found, throwing away...
WARNING: only one anion for KURPOC_Fe1, throwing away...
WARNING: in NUTBAF_Fe1, element S found, throwing away...
WARNING: only one anion for NUTBAF_Fe1, throwing away...
WARNING: in UDULOU_Fe1, element Cl found, throwing away...
WARNING: in SIQHUW_Fe1, element Cl found, throwing away...
WARNING: in EMEVAT_Fe1, element Cl found, throwing away...
WARNING: in VUYSAK_Fe1, element Cl found, throwing away...
WARNING: in WAJGUL_Fe1, element Cl found, throwing away...
WARNING: in EMEJAH_Fe1, element Cl found, throwing away...
WARNING: in QETXOC_Fe2, element Cl found, throwing away...
WARNING: only one anion for QETXOC_Fe2, throwing away...
WARNING: in QETXOC_Fe1, element Cl found, throwing away...
WARNING: in ADUPAQ_Fe1, element Cl found, throwing away...
WARNING: only one anion for ADUPAQ_Fe1, throwing away...
Removed 322 sites with only one anion
Total number of sites: 1843
After processing: 1244
Homoleptic statistics
O 110 1.70460535034 0.0462465285721
N 723 1.64336398143 0.10745574914
N       O       
***Intial callback***
N       O       
1.76900 1.70000  1244 0.9103 4.94 (CABLOH_Fe1) 13432.0311054
0.13962 0.04057 
BVS deviation for CABLOH_Fe1 is 4.94, more than 2.00, rejecting...
***Intial callback***
N       O       
1.54566 1.69511  1243 0.2965 1.73 (NELGOA_Fe1) 2476.76667657
0.14513 0.07062 
N       O       
1.54285 1.73727  1243 0.2845 1.74 (NELGOA_Fe1) 2297.58008821
0.13947 0.06040 
N       O       
1.55603 1.73808  1243 0.2619 1.68 (NELGOA_Fe1) 1942.06535904
0.13172 0.05825 
N       O       
1.58558 1.73473  1243 0.2270 1.57 (CEYSEE_Fe1) 1004.58845461
0.11717 0.05408 
N       O       
1.61673 1.73462  1243 0.2175 1.89 (CEYSEE_Fe1) 295.381701005
0.10558 0.04972 
N       O       
1.60954 1.73555  1243 0.2167 1.82 (CEYSEE_Fe1) 29.9224928854
0.10767 0.05064 
N       O       
1.61022 1.73523  1243 0.2167 1.83 (CEYSEE_Fe1) 1.09831620693
0.10749 0.05056 
N       O       
1.61024 1.73528  1243 0.2167 1.83 (CEYSEE_Fe1) 0.157475166491
0.10748 0.05056 
N       O       
1.61024 1.73527  1243 0.2167 1.83 (CEYSEE_Fe1) 0.00228107286124
0.10748 0.05056 
N       O       
1.61024 1.73527  1243 0.2167 1.83 (CEYSEE_Fe1) 6.4301046736e-05
0.10748 0.05056 
Optimization terminated successfully.
         Current function value: 269.364130
         Iterations: 10
         Function evaluations: 15
         Gradient evaluations: 15
Final element counts:
[('N', 1133), ('O', 521)]
