Reading parameters from /home/kml/heping2/bvparm/bvparm2013.cif
WARNING: line does not have 5 columns, skipping...
Line is: ['----------+-------+-------+-------+------']
WARNING: line does not have 5 columns, skipping...
Line is: ['(10107 rows)']
WARNING: line does not have 5 columns, skipping...
Line is: []
WARNING: in CIZFEW01_Fe1, element Cl found, throwing away...
WARNING: only one anion for CIZFEW01_Fe1, throwing away...
WARNING: in CIZFEW01_Fe2, element Cl found, throwing away...
WARNING: only one anion for CIZFEW01_Fe2, throwing away...
WARNING: in TUNKAP_Fe1, element Cl found, throwing away...
WARNING: in XUJFUE_Fe1, element Cl found, throwing away...
WARNING: in HOBQIZ_Fe1, element Cl found, throwing away...
WARNING: in OBIGAH_Fe1, element Cl found, throwing away...
WARNING: in AWIDAM_Fe5, element Br found, throwing away...
WARNING: only one anion for AWIDAM_Fe5, throwing away...
WARNING: in AWIDAM_Fe4, element Br found, throwing away...
WARNING: only one anion for AWIDAM_Fe4, throwing away...
WARNING: in KAGLIO_Fe1, element Cl found, throwing away...
WARNING: in HAJGAB_Fe1, element Cl found, throwing away...
WARNING: in TIRVOG_Fe1, element Cl found, throwing away...
WARNING: in XEFWIP_Fe1, element Cl found, throwing away...
WARNING: in PUPGUC_Fe1, element S found, throwing away...
WARNING: only one anion for PUPGUC_Fe1, throwing away...
WARNING: in HOBPIY_Fe1, element Br found, throwing away...
WARNING: in DOWFAW_Fe1, element S found, throwing away...
WARNING: only one anion for DOWFAW_Fe1, throwing away...
WARNING: in JAHTES_Fe1, element Cl found, throwing away...
WARNING: only one anion for JAHTES_Fe1, throwing away...
WARNING: in AGUGOY_Fe1, element Cl found, throwing away...
WARNING: in XAYVOJ_Fe1, element Cl found, throwing away...
WARNING: only one anion for XAYVOJ_Fe1, throwing away...
WARNING: in ALAWAL_Fe1, element Cl found, throwing away...
WARNING: in EXOWOD_Fe1, element Cl found, throwing away...
WARNING: in RAFJAK_Fe1, element Cl found, throwing away...
WARNING: in MASQAA_Fe1, element S found, throwing away...
WARNING: only one anion for MASQAA_Fe1, throwing away...
WARNING: in DOFGAH_Fe1, element Cl found, throwing away...
WARNING: in GEQTUS_Fe1, element Cl found, throwing away...
WARNING: in QACVOH_Fe1, element Cl found, throwing away...
WARNING: only one anion for QACVOH_Fe1, throwing away...
WARNING: in PUXRIK_Fe1, element Cl found, throwing away...
WARNING: in FEBPEI_Fe1, element Cl found, throwing away...
WARNING: only one anion for FEBPEI_Fe1, throwing away...
WARNING: in JUXPUN_Fe1, element Cl found, throwing away...
WARNING: in DIBJED_Fe1, element S found, throwing away...
WARNING: only one anion for DIBJED_Fe1, throwing away...
WARNING: in ECEWAL_Fe1, element S found, throwing away...
WARNING: in TAGGOX_Fe1, element Br found, throwing away...
WARNING: only one anion for TAGGOX_Fe1, throwing away...
WARNING: in KINSAB_Fe1, element Cl found, throwing away...
WARNING: only one anion for KINSAB_Fe1, throwing away...
WARNING: in QEJXUY_Fe1, element Cl found, throwing away...
WARNING: only one anion for QEJXUY_Fe1, throwing away...
WARNING: in SOTVUS_Fe4, element S found, throwing away...
WARNING: only one anion for SOTVUS_Fe4, throwing away...
WARNING: in CPYFEM_Fe1, element Cl found, throwing away...
WARNING: in OFABED_Fe2, element Cl found, throwing away...
WARNING: only one anion for OFABED_Fe2, throwing away...
WARNING: in OFABED_Fe1, element Cl found, throwing away...
WARNING: in METHUO_Fe1, element Cl found, throwing away...
WARNING: only one anion for METHUO_Fe1, throwing away...
WARNING: in KIXVUJ_Fe1, element Cl found, throwing away...
WARNING: in JUDPED_Fe2, element Cl found, throwing away...
WARNING: in JUDPED_Fe1, element Cl found, throwing away...
WARNING: in VIBSUV_Fe1, element Cl found, throwing away...
WARNING: in HIYVER_Fe5, element Cl found, throwing away...
WARNING: only one anion for HIYVER_Fe5, throwing away...
WARNING: in QOSFOU_Fe1, element Cl found, throwing away...
WARNING: in QOSFOU_Fe2, element Cl found, throwing away...
WARNING: only one anion for QOSFOU_Fe2, throwing away...
WARNING: in YICTEK_Fe1, element Cl found, throwing away...
WARNING: in YICTEK_Fe2, element Cl found, throwing away...
WARNING: only one anion for YICTEK_Fe2, throwing away...
WARNING: in WORPIC01_Fe1, element S found, throwing away...
WARNING: only one anion for WORPIC01_Fe1, throwing away...
WARNING: in SIXMES_Fe1, element Cl found, throwing away...
WARNING: in VIFPIK_Fe1, element Cl found, throwing away...
WARNING: in GUCXOR_Fe1, element Br found, throwing away...
WARNING: in EKAHED_Fe1, element Cl found, throwing away...
WARNING: in YAJLAW_Fe1, element S found, throwing away...
WARNING: only one anion for YAJLAW_Fe1, throwing away...
WARNING: in LUYMEX_Fe1, element Cl found, throwing away...
WARNING: only one anion for LUYMEX_Fe1, throwing away...
WARNING: in WUPKEX_Fe2, element Cl found, throwing away...
WARNING: in WUPKEX_Fe1, element Cl found, throwing away...
WARNING: in VAQQEJ_Fe1, element Cl found, throwing away...
WARNING: in EGUZUB_Fe1, element S found, throwing away...
WARNING: only one anion for EGUZUB_Fe1, throwing away...
WARNING: in JIZTIW_Fe1, element Cl found, throwing away...
WARNING: in CURPOU_Fe1, element Cl found, throwing away...
WARNING: only one anion for CURPOU_Fe1, throwing away...
WARNING: in JIWBOH_Fe1, element Cl found, throwing away...
WARNING: in HOQHEA_Fe1, element Cl found, throwing away...
WARNING: only one anion for HOQHEA_Fe1, throwing away...
WARNING: in FACNEC_Fe8, element S found, throwing away...
WARNING: only one anion for FACNEC_Fe8, throwing away...
WARNING: in UBECEJ_Fe1, element Cl found, throwing away...
WARNING: in POTTAT_Fe1, element Cl found, throwing away...
WARNING: in FACNEC_Fe2, element Br found, throwing away...
WARNING: only one anion for FACNEC_Fe2, throwing away...
WARNING: in FACNEC_Fe3, element S found, throwing away...
WARNING: only one anion for FACNEC_Fe3, throwing away...
WARNING: in FACNEC_Fe1, element S found, throwing away...
WARNING: only one anion for FACNEC_Fe1, throwing away...
WARNING: in FACNEC_Fe6, element S found, throwing away...
WARNING: only one anion for FACNEC_Fe6, throwing away...
WARNING: in FACNEC_Fe7, element Br found, throwing away...
WARNING: only one anion for FACNEC_Fe7, throwing away...
WARNING: in FACNEC_Fe4, element S found, throwing away...
WARNING: only one anion for FACNEC_Fe4, throwing away...
WARNING: in FACNEC_Fe5, element S found, throwing away...
WARNING: only one anion for FACNEC_Fe5, throwing away...
WARNING: in ATOJUO_Fe1, element S found, throwing away...
WARNING: only one anion for ATOJUO_Fe1, throwing away...
WARNING: in BAHYIS_Fe1, element S found, throwing away...
WARNING: only one anion for BAHYIS_Fe1, throwing away...
WARNING: in ZAZNOD_Fe1, element S found, throwing away...
WARNING: only one anion for ZAZNOD_Fe1, throwing away...
WARNING: in CAMREP_Fe1, element Cl found, throwing away...
WARNING: in LAXNON_Fe1, element S found, throwing away...
WARNING: only one anion for LAXNON_Fe1, throwing away...
WARNING: in VAPWAM_Fe1, element Cl found, throwing away...
WARNING: in VIFPUW_Fe1, element Cl found, throwing away...
WARNING: in HUFCUG_Fe1, element Cl found, throwing away...
WARNING: in CIYKUQ_Fe2, element S found, throwing away...
WARNING: only one anion for CIYKUQ_Fe2, throwing away...
WARNING: in GUJJUQ_Fe2, element Cl found, throwing away...
WARNING: only one anion for GUJJUQ_Fe2, throwing away...
WARNING: in MAWSIN_Fe1, element Cl found, throwing away...
WARNING: only one anion for MAWSIN_Fe1, throwing away...
WARNING: in CEGDEX_Fe1, element Cl found, throwing away...
WARNING: in LAFMAI_Fe1, element Cl found, throwing away...
WARNING: in PTHPFE10_Fe1, element S found, throwing away...
WARNING: only one anion for PTHPFE10_Fe1, throwing away...
WARNING: in DAMPAI_Fe3, element S found, throwing away...
WARNING: only one anion for DAMPAI_Fe3, throwing away...
WARNING: in UJUPIZ_Fe1, element Cl found, throwing away...
WARNING: in UJUPIZ_Fe2, element Cl found, throwing away...
WARNING: in XEBDIR_Fe1, element Br found, throwing away...
WARNING: in XEBDIR_Fe2, element Br found, throwing away...
WARNING: only one anion for XEBDIR_Fe2, throwing away...
WARNING: in GIGGIN_Fe1, element Cl found, throwing away...
WARNING: in REWPOY01_Fe2, element Cl found, throwing away...
WARNING: only one anion for REWPOY01_Fe2, throwing away...
WARNING: in REWPOY01_Fe1, element Cl found, throwing away...
WARNING: in QUSJAQ_Fe1, element S found, throwing away...
WARNING: only one anion for QUSJAQ_Fe1, throwing away...
WARNING: in SAXTEQ_Fe1, element S found, throwing away...
WARNING: only one anion for SAXTEQ_Fe1, throwing away...
WARNING: in SASMAC_Fe1, element Cl found, throwing away...
WARNING: in KIDBEF_Fe1, element S found, throwing away...
WARNING: only one anion for KIDBEF_Fe1, throwing away...
WARNING: in YORRUT_Fe1, element Cl found, throwing away...
WARNING: in OFABIH_Fe2, element Cl found, throwing away...
WARNING: only one anion for OFABIH_Fe2, throwing away...
WARNING: in OFABIH_Fe1, element Cl found, throwing away...
WARNING: in UBECIN_Fe1, element Cl found, throwing away...
WARNING: in YABGAK_Fe1, element Cl found, throwing away...
WARNING: in GEZMON_Fe1, element Cl found, throwing away...
WARNING: only one anion for GEZMON_Fe1, throwing away...
WARNING: in JEWTOV_Fe2, element Cl found, throwing away...
WARNING: in JEWTOV_Fe1, element Cl found, throwing away...
WARNING: in RAFJEO_Fe1, element Cl found, throwing away...
WARNING: in YIDZER_Fe1, element Br found, throwing away...
WARNING: only one anion for YIDZER_Fe1, throwing away...
WARNING: in HEYPAC_Fe1, element S found, throwing away...
WARNING: only one anion for HEYPAC_Fe1, throwing away...
WARNING: in MIQBOE_Fe1, element Cl found, throwing away...
WARNING: in COVGID_Fe3, element S found, throwing away...
WARNING: only one anion for COVGID_Fe3, throwing away...
WARNING: in ALAVEO_Fe1, element Cl found, throwing away...
WARNING: in CAMREP_Fe2, element Cl found, throwing away...
WARNING: in NAXSOV_Fe1, element Cl found, throwing away...
WARNING: in JIYQUE_Fe1, element Cl found, throwing away...
WARNING: in NAZRUC_Fe1, element S found, throwing away...
WARNING: only one anion for NAZRUC_Fe1, throwing away...
WARNING: in FEDMSI10_Fe2, element Cl found, throwing away...
WARNING: only one anion for FEDMSI10_Fe2, throwing away...
WARNING: in LABMUY_Fe1, element Br found, throwing away...
WARNING: only one anion for LABMUY_Fe1, throwing away...
WARNING: in VIMBUP_Fe1, element Cl found, throwing away...
WARNING: only one anion for VIMBUP_Fe1, throwing away...
WARNING: in OTOTEX_Fe1, element Br found, throwing away...
WARNING: in OFAPUH_Fe1, element Cl found, throwing away...
WARNING: in LEGFAE_Fe1, element Cl found, throwing away...
WARNING: only one anion for LEGFAE_Fe1, throwing away...
WARNING: in ITEXIO_Fe1, element S found, throwing away...
WARNING: only one anion for ITEXIO_Fe1, throwing away...
WARNING: in HONZIU_Fe2, element Cl found, throwing away...
WARNING: only one anion for HONZIU_Fe2, throwing away...
WARNING: in ETOGEA_Fe1, element Cl found, throwing away...
WARNING: only one anion for ETOGEA_Fe1, throwing away...
WARNING: in ISEXOT_Fe1, element Cl found, throwing away...
WARNING: in MAZWIT_Fe1, element Cl found, throwing away...
WARNING: in PIXYIF_Fe1, element Cl found, throwing away...
WARNING: in ELEWUO_Fe1, element Cl found, throwing away...
WARNING: in ELEWUO_Fe2, element Cl found, throwing away...
WARNING: only one anion for ELEWUO_Fe2, throwing away...
WARNING: in EAFEST_Fe1, element S found, throwing away...
WARNING: only one anion for EAFEST_Fe1, throwing away...
WARNING: in KINRUU_Fe1, element S found, throwing away...
WARNING: only one anion for KINRUU_Fe1, throwing away...
WARNING: in TPYFEC_Fe1, element Cl found, throwing away...
WARNING: in EDTCFD01_Fe1, element S found, throwing away...
WARNING: only one anion for EDTCFD01_Fe1, throwing away...
WARNING: in KUJBEX_Fe2, element Cl found, throwing away...
WARNING: only one anion for KUJBEX_Fe2, throwing away...
WARNING: in TARSIO_Fe1, element S found, throwing away...
WARNING: only one anion for TARSIO_Fe1, throwing away...
WARNING: in DEBWIQ_Fe2, element Br found, throwing away...
WARNING: only one anion for DEBWIQ_Fe2, throwing away...
WARNING: in XOPJOB_Fe1, element Cl found, throwing away...
WARNING: in FONGEV_Fe1, element Cl found, throwing away...
WARNING: in QEKXIO_Fe1, element Cl found, throwing away...
WARNING: in HIKNOF_Fe3, element Cl found, throwing away...
WARNING: only one anion for HIKNOF_Fe3, throwing away...
WARNING: in HIKNOF_Fe2, element Cl found, throwing away...
WARNING: only one anion for HIKNOF_Fe2, throwing away...
WARNING: in HIKNOF_Fe1, element Cl found, throwing away...
WARNING: in XEWNOD_Fe1, element S found, throwing away...
WARNING: only one anion for XEWNOD_Fe1, throwing away...
WARNING: in XEWNOD_Fe2, element S found, throwing away...
WARNING: only one anion for XEWNOD_Fe2, throwing away...
WARNING: in LEWPOT_Fe2, element S found, throwing away...
WARNING: only one anion for LEWPOT_Fe2, throwing away...
WARNING: in LEWPOT_Fe1, element S found, throwing away...
WARNING: only one anion for LEWPOT_Fe1, throwing away...
WARNING: in SEFYAE_Fe1, element Cl found, throwing away...
WARNING: in GOCZIH_Fe1, element S found, throwing away...
WARNING: only one anion for GOCZIH_Fe1, throwing away...
WARNING: in JAXLID_Fe1, element Cl found, throwing away...
WARNING: in BAHLOL_Fe1, element S found, throwing away...
WARNING: only one anion for BAHLOL_Fe1, throwing away...
WARNING: in HOBPOE_Fe1, element Cl found, throwing away...
WARNING: in EXOWET_Fe1, element Cl found, throwing away...
WARNING: in ASENUI_Fe1, element S found, throwing away...
WARNING: only one anion for ASENUI_Fe1, throwing away...
WARNING: in MASNUR_Fe1, element S found, throwing away...
WARNING: only one anion for MASNUR_Fe1, throwing away...
WARNING: in HELLOZ_Fe1, element S found, throwing away...
WARNING: only one anion for HELLOZ_Fe1, throwing away...
WARNING: in TARJON_Fe1, element Cl found, throwing away...
WARNING: in EKAHON_Fe1, element Cl found, throwing away...
WARNING: in RUDSIS_Fe1, element S found, throwing away...
WARNING: only one anion for RUDSIS_Fe1, throwing away...
WARNING: in HOBQUL_Fe1, element Br found, throwing away...
WARNING: in CPRNFE_Fe1, element Cl found, throwing away...
WARNING: in OLAREZ_Fe3, element S found, throwing away...
WARNING: only one anion for OLAREZ_Fe3, throwing away...
WARNING: in CAYQOI_Fe2, element Cl found, throwing away...
WARNING: only one anion for CAYQOI_Fe2, throwing away...
WARNING: in OLUHOS_Fe1, element S found, throwing away...
WARNING: only one anion for OLUHOS_Fe1, throwing away...
WARNING: in FAHXOB_Fe1, element Cl found, throwing away...
WARNING: in EWIVIQ_Fe1, element Cl found, throwing away...
WARNING: in ZIFDEX_Fe3, element S found, throwing away...
WARNING: only one anion for ZIFDEX_Fe3, throwing away...
WARNING: in AHOBOP_Fe1, element Cl found, throwing away...
WARNING: in ICAHUP_Fe1, element Cl found, throwing away...
WARNING: only one anion for ICAHUP_Fe1, throwing away...
WARNING: in BEDLAY_Fe1, element Cl found, throwing away...
WARNING: in NASJIB_Fe2, element S found, throwing away...
WARNING: only one anion for NASJIB_Fe2, throwing away...
WARNING: in NASJIB_Fe1, element S found, throwing away...
WARNING: only one anion for NASJIB_Fe1, throwing away...
WARNING: in FDAPSC10_Fe1, element Cl found, throwing away...
WARNING: only one anion for FDAPSC10_Fe1, throwing away...
WARNING: in HAJHIK_Fe1, element Cl found, throwing away...
WARNING: in CUKMOL_Fe1, element Cl found, throwing away...
WARNING: in ACISOU_Fe2, element Cl found, throwing away...
WARNING: only one anion for ACISOU_Fe2, throwing away...
WARNING: in ACISOU_Fe1, element Cl found, throwing away...
WARNING: in GAHBUO_Fe1, element Br found, throwing away...
WARNING: only one anion for GAHBUO_Fe1, throwing away...
WARNING: in PUXRAC_Fe1, element Cl found, throwing away...
WARNING: in LOPTEQ_Fe1, element Cl found, throwing away...
WARNING: in PUXREG_Fe1, element Cl found, throwing away...
WARNING: in JARMAQ_Fe1, element Cl found, throwing away...
WARNING: in JARMAQ_Fe2, element Cl found, throwing away...
WARNING: in YOJFOT_Fe1, element Br found, throwing away...
WARNING: in OCUJOL_Fe1, element Cl found, throwing away...
WARNING: in KOCYUX_Fe2, element Cl found, throwing away...
WARNING: in KOCYUX_Fe1, element Cl found, throwing away...
WARNING: in OFACII_Fe2, element Cl found, throwing away...
WARNING: only one anion for OFACII_Fe2, throwing away...
WARNING: in OFACII_Fe1, element Cl found, throwing away...
WARNING: only one anion for OFACII_Fe1, throwing away...
WARNING: in LARZIO_Fe1, element S found, throwing away...
WARNING: only one anion for LARZIO_Fe1, throwing away...
WARNING: in VOXSEG_Fe1, element Br found, throwing away...
WARNING: only one anion for VOXSEG_Fe1, throwing away...
WARNING: in XEFWEL_Fe1, element Cl found, throwing away...
WARNING: in VOFZEV_Fe1, element Cl found, throwing away...
WARNING: only one anion for VOFZEV_Fe1, throwing away...
WARNING: in TPTHFE10_Fe1, element S found, throwing away...
WARNING: only one anion for TPTHFE10_Fe1, throwing away...
WARNING: in TPTHFE10_Fe2, element S found, throwing away...
WARNING: only one anion for TPTHFE10_Fe2, throwing away...
WARNING: in GOSCUM_Fe1, element S found, throwing away...
WARNING: only one anion for GOSCUM_Fe1, throwing away...
WARNING: in UHEGOD_Fe1, element Cl found, throwing away...
WARNING: in REWSOB_Fe1, element Cl found, throwing away...
WARNING: in MCPRDE_Fe1, element S found, throwing away...
WARNING: only one anion for MCPRDE_Fe1, throwing away...
WARNING: in COBHIL_Fe1, element Cl found, throwing away...
WARNING: in XAPLOP_Fe1, element Cl found, throwing away...
WARNING: only one anion for XAPLOP_Fe1, throwing away...
WARNING: in KEBSOB_Fe2, element Cl found, throwing away...
WARNING: only one anion for KEBSOB_Fe2, throwing away...
WARNING: in REWPOY_Fe3, element Cl found, throwing away...
WARNING: only one anion for REWPOY_Fe3, throwing away...
WARNING: in NEMDIS_Fe5, element Br found, throwing away...
WARNING: only one anion for NEMDIS_Fe5, throwing away...
WARNING: in LAVYAJ_Fe1, element Cl found, throwing away...
WARNING: in LAVYAJ_Fe2, element Cl found, throwing away...
WARNING: in OPAQIG_Fe1, element Cl found, throwing away...
WARNING: in FADRAE_Fe1, element S found, throwing away...
WARNING: only one anion for FADRAE_Fe1, throwing away...
WARNING: in GEFLAF_Fe1, element S found, throwing away...
WARNING: only one anion for GEFLAF_Fe1, throwing away...
WARNING: in GEFLAF_Fe2, element S found, throwing away...
WARNING: only one anion for GEFLAF_Fe2, throwing away...
WARNING: in CIRGOZ_Fe1, element Cl found, throwing away...
WARNING: only one anion for CIRGOZ_Fe1, throwing away...
WARNING: in IFEJUY_Fe3, element Cl found, throwing away...
WARNING: only one anion for IFEJUY_Fe3, throwing away...
WARNING: in DEJCUR_Fe1, element Cl found, throwing away...
WARNING: in ITUXOL_Fe2, element Cl found, throwing away...
WARNING: in ITUXOL_Fe1, element Cl found, throwing away...
WARNING: in LAXGOI_Fe2, element S found, throwing away...
WARNING: only one anion for LAXGOI_Fe2, throwing away...
WARNING: in DORPIJ01_Fe1, element S found, throwing away...
WARNING: only one anion for DORPIJ01_Fe1, throwing away...
WARNING: in MCENDI_Fe1, element S found, throwing away...
WARNING: only one anion for MCENDI_Fe1, throwing away...
WARNING: in ERADIL_Fe1, element Cl found, throwing away...
WARNING: in YOMPOF_Fe2, element S found, throwing away...
WARNING: only one anion for YOMPOF_Fe2, throwing away...
WARNING: in HECVER_Fe1, element S found, throwing away...
WARNING: only one anion for HECVER_Fe1, throwing away...
WARNING: in PUQJAM_Fe1, element Cl found, throwing away...
WARNING: only one anion for PUQJAM_Fe1, throwing away...
WARNING: in DAJBAS_Fe1, element S found, throwing away...
WARNING: only one anion for DAJBAS_Fe1, throwing away...
WARNING: in WEKPUX_Fe1, element Cl found, throwing away...
WARNING: only one anion for WEKPUX_Fe1, throwing away...
WARNING: in FEQMAQ_Fe1, element Br found, throwing away...
WARNING: in YUZKOT10_Fe1, element Cl found, throwing away...
WARNING: in YUZKOT10_Fe2, element Cl found, throwing away...
WARNING: in PTSQFE10_Fe1, element S found, throwing away...
WARNING: only one anion for PTSQFE10_Fe1, throwing away...
WARNING: in VEDXIM_Fe1, element Cl found, throwing away...
WARNING: in DAEAFE_Fe1, element Br found, throwing away...
WARNING: in DONFOC_Fe1, element Cl found, throwing away...
WARNING: only one anion for DONFOC_Fe1, throwing away...
WARNING: in TUNKET_Fe1, element Cl found, throwing away...
WARNING: only one anion for TUNKET_Fe1, throwing away...
WARNING: in LAFGEE_Fe1, element Cl found, throwing away...
WARNING: only one anion for LAFGEE_Fe1, throwing away...
WARNING: in FUGNOL_Fe1, element Cl found, throwing away...
WARNING: in YOGBAX_Fe1, element S found, throwing away...
WARNING: only one anion for YOGBAX_Fe1, throwing away...
WARNING: in BETRIC_Fe1, element Cl found, throwing away...
WARNING: in ZAGYIP_Fe1, element S found, throwing away...
WARNING: only one anion for ZAGYIP_Fe1, throwing away...
WARNING: in KUGXUG_Fe1, element S found, throwing away...
WARNING: in TOKSER_Fe1, element S found, throwing away...
WARNING: only one anion for TOKSER_Fe1, throwing away...
WARNING: in CPMOBS10_Fe1, element S found, throwing away...
WARNING: only one anion for CPMOBS10_Fe1, throwing away...
WARNING: in XEFWUB_Fe1, element Cl found, throwing away...
WARNING: in RUDSOY_Fe1, element S found, throwing away...
WARNING: only one anion for RUDSOY_Fe1, throwing away...
WARNING: in TMAFEC_Fe1, element Cl found, throwing away...
WARNING: only one anion for TMAFEC_Fe1, throwing away...
WARNING: in POHVAK_Fe1, element S found, throwing away...
WARNING: only one anion for POHVAK_Fe1, throwing away...
WARNING: in YASPUE_Fe1, element S found, throwing away...
WARNING: only one anion for YASPUE_Fe1, throwing away...
WARNING: in GIBBIC_Fe1, element Cl found, throwing away...
WARNING: in SEBJOA_Fe1, element S found, throwing away...
WARNING: only one anion for SEBJOA_Fe1, throwing away...
WARNING: in SOTLET_Fe1, element S found, throwing away...
WARNING: only one anion for SOTLET_Fe1, throwing away...
WARNING: in OJENAS_Fe1, element Cl found, throwing away...
WARNING: in SELSEI_Fe1, element Cl found, throwing away...
WARNING: in UCUSIW_Fe1, element Cl found, throwing away...
WARNING: in RUKLOY_Fe2, element Cl found, throwing away...
WARNING: only one anion for RUKLOY_Fe2, throwing away...
WARNING: in GOSXUH_Fe1, element Cl found, throwing away...
WARNING: in QAMDOY_Fe1, element Cl found, throwing away...
WARNING: only one anion for QAMDOY_Fe1, throwing away...
WARNING: in ALAXEQ_Fe1, element Cl found, throwing away...
WARNING: in HURSIX_Fe1, element Cl found, throwing away...
WARNING: in MAXCAR_Fe1, element Cl found, throwing away...
WARNING: in VESKOU_Fe1, element Cl found, throwing away...
WARNING: only one anion for VESKOU_Fe1, throwing away...
WARNING: in CEYHET_Fe2, element S found, throwing away...
WARNING: only one anion for CEYHET_Fe2, throwing away...
WARNING: in CEYHET_Fe3, element S found, throwing away...
WARNING: only one anion for CEYHET_Fe3, throwing away...
WARNING: in CEYHET_Fe1, element S found, throwing away...
WARNING: only one anion for CEYHET_Fe1, throwing away...
WARNING: in CEYHET_Fe4, element S found, throwing away...
WARNING: only one anion for CEYHET_Fe4, throwing away...
WARNING: in HOBQEV_Fe1, element Cl found, throwing away...
WARNING: in XEFWAH_Fe1, element Cl found, throwing away...
WARNING: in QEJXEI_Fe1, element Cl found, throwing away...
WARNING: only one anion for QEJXEI_Fe1, throwing away...
WARNING: in KURPUI_Fe2, element S found, throwing away...
WARNING: only one anion for KURPUI_Fe2, throwing away...
WARNING: in KURPUI_Fe1, element S found, throwing away...
WARNING: only one anion for KURPUI_Fe1, throwing away...
WARNING: in CIXKOJ_Fe1, element S found, throwing away...
WARNING: only one anion for CIXKOJ_Fe1, throwing away...
WARNING: in COZXOE_Fe2, element S found, throwing away...
WARNING: only one anion for COZXOE_Fe2, throwing away...
WARNING: in BAYKOD_Fe1, element Cl found, throwing away...
WARNING: in UFOKAC_Fe1, element Cl found, throwing away...
WARNING: in KUGXAM_Fe1, element Cl found, throwing away...
WARNING: in GITFOE_Fe1, element S found, throwing away...
WARNING: only one anion for GITFOE_Fe1, throwing away...
WARNING: in RORKUE_Fe1, element S found, throwing away...
WARNING: only one anion for RORKUE_Fe1, throwing away...
WARNING: in RORKUE_Fe2, element S found, throwing away...
WARNING: only one anion for RORKUE_Fe2, throwing away...
WARNING: in MEGBIK_Fe2, element S found, throwing away...
WARNING: only one anion for MEGBIK_Fe2, throwing away...
WARNING: in BEQJUD_Fe2, element S found, throwing away...
WARNING: only one anion for BEQJUD_Fe2, throwing away...
WARNING: in BEQJUD_Fe1, element S found, throwing away...
WARNING: only one anion for BEQJUD_Fe1, throwing away...
WARNING: in FOTNEI_Fe1, element Cl found, throwing away...
WARNING: in POKNAF_Fe1, element Cl found, throwing away...
WARNING: only one anion for POKNAF_Fe1, throwing away...
WARNING: in JITWUF_Fe1, element S found, throwing away...
WARNING: only one anion for JITWUF_Fe1, throwing away...
WARNING: in UNECOG_Fe1, element Cl found, throwing away...
WARNING: in FEBPAE_Fe1, element Cl found, throwing away...
WARNING: only one anion for FEBPAE_Fe1, throwing away...
WARNING: in HEYPEG_Fe1, element S found, throwing away...
WARNING: only one anion for HEYPEG_Fe1, throwing away...
WARNING: in YOJVOJ_Fe1, element Br found, throwing away...
WARNING: in COTQOS_Fe1, element Cl found, throwing away...
WARNING: in NARWEI_Fe2, element S found, throwing away...
WARNING: only one anion for NARWEI_Fe2, throwing away...
WARNING: in NARWEI_Fe3, element S found, throwing away...
WARNING: in NARWEI_Fe1, element S found, throwing away...
WARNING: only one anion for NARWEI_Fe1, throwing away...
WARNING: in PADQES_Fe1, element Cl found, throwing away...
WARNING: in WODJOO_Fe1, element Cl found, throwing away...
WARNING: in BARFEH_Fe1, element Cl found, throwing away...
WARNING: in RAFJIS_Fe1, element Cl found, throwing away...
WARNING: in QAMBEM_Fe3, element Cl found, throwing away...
WARNING: only one anion for QAMBEM_Fe3, throwing away...
WARNING: in QAMBEM_Fe2, element Cl found, throwing away...
WARNING: only one anion for QAMBEM_Fe2, throwing away...
WARNING: in QAMBEM_Fe1, element Cl found, throwing away...
WARNING: in RAFJOY_Fe1, element Cl found, throwing away...
WARNING: in VUXPAG_Fe1, element Cl found, throwing away...
WARNING: only one anion for VUXPAG_Fe1, throwing away...
WARNING: in INUTUH_Fe1, element Cl found, throwing away...
WARNING: in UHEFOC_Fe1, element Cl found, throwing away...
WARNING: only one anion for UHEFOC_Fe1, throwing away...
WARNING: in VAPVIT_Fe1, element Cl found, throwing away...
WARNING: in QAMDOY_Fe2, element Cl found, throwing away...
WARNING: only one anion for QAMDOY_Fe2, throwing away...
WARNING: in QUSDIR_Fe2, element Cl found, throwing away...
WARNING: only one anion for QUSDIR_Fe2, throwing away...
WARNING: in MUSQOH_Fe1, element Cl found, throwing away...
WARNING: in DAJRAH_Fe1, element Cl found, throwing away...
WARNING: only one anion for DAJRAH_Fe1, throwing away...
WARNING: in YEWYUU_Fe1, element S found, throwing away...
WARNING: only one anion for YEWYUU_Fe1, throwing away...
WARNING: in AMAHOM_Fe1, element Br found, throwing away...
WARNING: in NASHUL_Fe1, element F found, throwing away...
WARNING: only one anion for NASHUL_Fe1, throwing away...
WARNING: in WUWFUQ_Fe1, element Br found, throwing away...
WARNING: in WAJHAS_Fe1, element Br found, throwing away...
WARNING: in BEQKEO_Fe1, element S found, throwing away...
WARNING: in KOCBIN_Fe4, element S found, throwing away...
WARNING: only one anion for KOCBIN_Fe4, throwing away...
WARNING: in UPIFUV_Fe1, element S found, throwing away...
WARNING: only one anion for UPIFUV_Fe1, throwing away...
WARNING: in XAYVOJ_Fe2, element Cl found, throwing away...
WARNING: in HOBQOF_Fe1, element Cl found, throwing away...
WARNING: in DOMNEZ_Fe1, element Cl found, throwing away...
WARNING: in HIPLAU_Fe1, element Cl found, throwing away...
WARNING: in PUPHEN_Fe2, element S found, throwing away...
WARNING: only one anion for PUPHEN_Fe2, throwing away...
WARNING: in PUPHEN_Fe1, element S found, throwing away...
WARNING: only one anion for PUPHEN_Fe1, throwing away...
WARNING: in INUXIZ_Fe1, element S found, throwing away...
WARNING: only one anion for INUXIZ_Fe1, throwing away...
WARNING: in VIRWEZ_Fe1, element Cl found, throwing away...
WARNING: in EWIVEM_Fe1, element Cl found, throwing away...
WARNING: in NAZREM_Fe2, element S found, throwing away...
WARNING: only one anion for NAZREM_Fe2, throwing away...
WARNING: in GEQTOM_Fe1, element Cl found, throwing away...
WARNING: in AHOBIJ_Fe2, element Cl found, throwing away...
WARNING: in AHOBIJ_Fe1, element Cl found, throwing away...
WARNING: in KOCBIN01_Fe4, element S found, throwing away...
WARNING: only one anion for KOCBIN01_Fe4, throwing away...
WARNING: in BALPEJ_Fe1, element S found, throwing away...
WARNING: only one anion for BALPEJ_Fe1, throwing away...
WARNING: in NIPJAX_Fe1, element Cl found, throwing away...
WARNING: only one anion for NIPJAX_Fe1, throwing away...
WARNING: in TAXNEM_Fe2, element S found, throwing away...
WARNING: only one anion for TAXNEM_Fe2, throwing away...
WARNING: in TAXNEM_Fe1, element S found, throwing away...
WARNING: only one anion for TAXNEM_Fe1, throwing away...
WARNING: in ZEYQID_Fe4, element Br found, throwing away...
WARNING: only one anion for ZEYQID_Fe4, throwing away...
WARNING: in HOBQAR_Fe1, element Cl found, throwing away...
WARNING: in KIKMIA_Fe1, element Cl found, throwing away...
WARNING: only one anion for KIKMIA_Fe1, throwing away...
WARNING: in TAMCUH_Fe1, element Cl found, throwing away...
WARNING: in TAMCUH_Fe2, element Cl found, throwing away...
WARNING: in FIBJOQ_Fe1, element Cl found, throwing away...
WARNING: in JAQQOH_Fe1, element Cl found, throwing away...
WARNING: only one anion for JAQQOH_Fe1, throwing away...
WARNING: in BUJHUJ_Fe1, element S found, throwing away...
WARNING: only one anion for BUJHUJ_Fe1, throwing away...
WARNING: in CUQSEN_Fe1, element Br found, throwing away...
WARNING: in YAJLEA_Fe1, element S found, throwing away...
WARNING: only one anion for YAJLEA_Fe1, throwing away...
WARNING: in DEXFOB_Fe1, element S found, throwing away...
WARNING: only one anion for DEXFOB_Fe1, throwing away...
WARNING: in OXAKII_Fe1, element Cl found, throwing away...
WARNING: in LUXFEP_Fe1, element Cl found, throwing away...
WARNING: in QOHWEQ_Fe1, element Cl found, throwing away...
WARNING: only one anion for QOHWEQ_Fe1, throwing away...
WARNING: in YABGIS_Fe1, element Cl found, throwing away...
WARNING: only one anion for YABGIS_Fe1, throwing away...
WARNING: in JOHCUF_Fe1, element S found, throwing away...
WARNING: only one anion for JOHCUF_Fe1, throwing away...
WARNING: in AFIRAJ_Fe3, element Cl found, throwing away...
WARNING: only one anion for AFIRAJ_Fe3, throwing away...
WARNING: in AFIRAJ_Fe2, element Cl found, throwing away...
WARNING: only one anion for AFIRAJ_Fe2, throwing away...
WARNING: in LAXNUT_Fe1, element S found, throwing away...
WARNING: only one anion for LAXNUT_Fe1, throwing away...
WARNING: in JEBNAF_Fe1, element Cl found, throwing away...
WARNING: in NEGXUT_Fe1, element Cl found, throwing away...
WARNING: only one anion for NEGXUT_Fe1, throwing away...
WARNING: in UDUMEL_Fe1, element Br found, throwing away...
WARNING: only one anion for UDUMEL_Fe1, throwing away...
WARNING: in MOYVOL_Fe1, element S found, throwing away...
WARNING: in OBIFUA_Fe1, element Cl found, throwing away...
WARNING: in XEWPAR_Fe1, element S found, throwing away...
WARNING: only one anion for XEWPAR_Fe1, throwing away...
WARNING: in YECRII_Fe1, element S found, throwing away...
WARNING: only one anion for YECRII_Fe1, throwing away...
WARNING: in QUKTAS_Fe1, element Cl found, throwing away...
WARNING: in OYOCOV_Fe1, element Cl found, throwing away...
WARNING: in OBOSED_Fe1, element Cl found, throwing away...
WARNING: in UCODIB_Fe1, element Cl found, throwing away...
WARNING: in XIFXOZ_Fe1, element Cl found, throwing away...
WARNING: in KISMIJ_Fe1, element Cl found, throwing away...
WARNING: only one anion for KISMIJ_Fe1, throwing away...
WARNING: in YIDXIT_Fe1, element Cl found, throwing away...
WARNING: only one anion for YIDXIT_Fe1, throwing away...
WARNING: in UMAZIS_Fe1, element Cl found, throwing away...
WARNING: only one anion for UMAZIS_Fe1, throwing away...
WARNING: in RUCYEU_Fe2, element Cl found, throwing away...
WARNING: only one anion for RUCYEU_Fe2, throwing away...
WARNING: in RUCYEU_Fe1, element Cl found, throwing away...
WARNING: in EBEBUI_Fe1, element S found, throwing away...
WARNING: only one anion for EBEBUI_Fe1, throwing away...
WARNING: in HENLIV_Fe1, element Cl found, throwing away...
WARNING: in ABAYAF_Fe2, element Br found, throwing away...
WARNING: only one anion for ABAYAF_Fe2, throwing away...
WARNING: in FATBOR_Fe1, element S found, throwing away...
WARNING: only one anion for FATBOR_Fe1, throwing away...
WARNING: in GUZLES_Fe1, element Cl found, throwing away...
WARNING: in LAHMOW_Fe2, element S found, throwing away...
WARNING: only one anion for LAHMOW_Fe2, throwing away...
WARNING: in KUXVII_Fe1, element S found, throwing away...
WARNING: only one anion for KUXVII_Fe1, throwing away...
WARNING: in GUFPUT_Fe2, element S found, throwing away...
WARNING: only one anion for GUFPUT_Fe2, throwing away...
WARNING: in XEFWOV_Fe1, element Cl found, throwing away...
WARNING: in RAKDAI_Fe1, element Cl found, throwing away...
WARNING: only one anion for RAKDAI_Fe1, throwing away...
WARNING: in YEWYII_Fe1, element S found, throwing away...
WARNING: only one anion for YEWYII_Fe1, throwing away...
WARNING: in VIFNAA_Fe1, element Cl found, throwing away...
WARNING: in DAMNUA_Fe2, element S found, throwing away...
WARNING: only one anion for DAMNUA_Fe2, throwing away...
WARNING: in QADCOO_Fe1, element Cl found, throwing away...
WARNING: only one anion for QADCOO_Fe1, throwing away...
WARNING: in LARZEK_Fe1, element S found, throwing away...
WARNING: only one anion for LARZEK_Fe1, throwing away...
WARNING: in ZAWTAS_Fe1, element Cl found, throwing away...
WARNING: in SELSIM_Fe1, element Cl found, throwing away...
WARNING: only one anion for SELSIM_Fe1, throwing away...
WARNING: in QIVCII_Fe1, element Cl found, throwing away...
WARNING: only one anion for QIVCII_Fe1, throwing away...
WARNING: in NANYUW_Fe2, element Cl found, throwing away...
WARNING: in NANYUW_Fe1, element Cl found, throwing away...
WARNING: only one anion for NANYUW_Fe1, throwing away...
WARNING: in MAFECL_Fe1, element Cl found, throwing away...
WARNING: only one anion for MAFECL_Fe1, throwing away...
WARNING: in KUGXIU_Fe1, element S found, throwing away...
WARNING: in TATWAM_Fe1, element S found, throwing away...
WARNING: only one anion for TATWAM_Fe1, throwing away...
WARNING: in XAYVUP_Fe1, element Cl found, throwing away...
WARNING: in OXAKOO_Fe1, element Cl found, throwing away...
WARNING: in HUFDER_Fe1, element Cl found, throwing away...
WARNING: in HUFDER_Fe2, element Cl found, throwing away...
WARNING: only one anion for HUFDER_Fe2, throwing away...
WARNING: in KEHQOE_Fe1, element Cl found, throwing away...
WARNING: in OFABAZ_Fe1, element Cl found, throwing away...
WARNING: in LECXOH_Fe1, element Cl found, throwing away...
WARNING: only one anion for LECXOH_Fe1, throwing away...
WARNING: in TULQOH_Fe1, element Cl found, throwing away...
WARNING: in TOWHAO_Fe1, element F found, throwing away...
WARNING: only one anion for TOWHAO_Fe1, throwing away...
WARNING: in KALCUX_Fe1, element Cl found, throwing away...
WARNING: in UZAHEJ_Fe1, element Cl found, throwing away...
WARNING: in CAHPEI_Fe1, element Cl found, throwing away...
WARNING: in KOMWAL_Fe1, element Cl found, throwing away...
WARNING: only one anion for KOMWAL_Fe1, throwing away...
WARNING: in UJUPOF_Fe1, element Cl found, throwing away...
WARNING: in NEMDOY_Fe7, element Cl found, throwing away...
WARNING: only one anion for NEMDOY_Fe7, throwing away...
WARNING: in IMAPOC_Fe1, element Cl found, throwing away...
WARNING: in DAGLUU_Fe1, element Cl found, throwing away...
WARNING: only one anion for DAGLUU_Fe1, throwing away...
WARNING: in KOKTEK01_Fe1, element S found, throwing away...
WARNING: only one anion for KOKTEK01_Fe1, throwing away...
WARNING: in NASJAT_Fe1, element F found, throwing away...
WARNING: in GUZLUI_Fe2, element Cl found, throwing away...
WARNING: in WIKDAW_Fe1, element S found, throwing away...
WARNING: only one anion for WIKDAW_Fe1, throwing away...
WARNING: in VAPVAL_Fe1, element Cl found, throwing away...
WARNING: only one anion for VAPVAL_Fe1, throwing away...
WARNING: in TIRXEY_Fe1, element Cl found, throwing away...
WARNING: in RUZXUF_Fe1, element S found, throwing away...
WARNING: only one anion for RUZXUF_Fe1, throwing away...
WARNING: in PAKKIW_Fe1, element Cl found, throwing away...
WARNING: in METGIB_Fe2, element Cl found, throwing away...
WARNING: only one anion for METGIB_Fe2, throwing away...
WARNING: in JASCIP_Fe1, element S found, throwing away...
WARNING: only one anion for JASCIP_Fe1, throwing away...
WARNING: in UHEHOE_Fe1, element Br found, throwing away...
WARNING: only one anion for UHEHOE_Fe1, throwing away...
WARNING: in MENWUY_Fe1, element Br found, throwing away...
WARNING: only one anion for MENWUY_Fe1, throwing away...
WARNING: in OHEDOU_Fe1, element Cl found, throwing away...
WARNING: in COQNEC_Fe1, element Cl found, throwing away...
WARNING: in CEYGOC_Fe1, element S found, throwing away...
WARNING: only one anion for CEYGOC_Fe1, throwing away...
WARNING: in CEYGOC_Fe2, element S found, throwing away...
WARNING: only one anion for CEYGOC_Fe2, throwing away...
WARNING: in CUCXUT_Fe1, element Cl found, throwing away...
WARNING: only one anion for CUCXUT_Fe1, throwing away...
WARNING: in EKINAN_Fe1, element Cl found, throwing away...
WARNING: in SARRUA_Fe1, element Cl found, throwing away...
WARNING: in CERVIE_Fe1, element S found, throwing away...
WARNING: only one anion for CERVIE_Fe1, throwing away...
WARNING: in YOJFUZ_Fe1, element Cl found, throwing away...
WARNING: in IMSPFE10_Fe1, element S found, throwing away...
WARNING: only one anion for IMSPFE10_Fe1, throwing away...
WARNING: in KAGPUE_Fe1, element Cl found, throwing away...
WARNING: only one anion for KAGPUE_Fe1, throwing away...
WARNING: in MEPMAW_Fe1, element Cl found, throwing away...
WARNING: only one anion for MEPMAW_Fe1, throwing away...
WARNING: in SIWVAV_Fe1, element S found, throwing away...
WARNING: only one anion for SIWVAV_Fe1, throwing away...
WARNING: in SEBJAM_Fe3, element S found, throwing away...
WARNING: only one anion for SEBJAM_Fe3, throwing away...
WARNING: in SEBJAM_Fe6, element S found, throwing away...
WARNING: only one anion for SEBJAM_Fe6, throwing away...
WARNING: in QOMWEV_Fe2, element Cl found, throwing away...
WARNING: only one anion for QOMWEV_Fe2, throwing away...
WARNING: in PTUMFC_Fe1, element Cl found, throwing away...
WARNING: only one anion for PTUMFC_Fe1, throwing away...
WARNING: in PTUMFC_Fe2, element Cl found, throwing away...
WARNING: only one anion for PTUMFC_Fe2, throwing away...
WARNING: in UKEYUF_Fe1, element S found, throwing away...
WARNING: only one anion for UKEYUF_Fe1, throwing away...
WARNING: in ARUFOJ_Fe1, element Cl found, throwing away...
WARNING: in RIRPEO_Fe2, element Cl found, throwing away...
WARNING: only one anion for RIRPEO_Fe2, throwing away...
WARNING: in RIRPEO_Fe1, element Cl found, throwing away...
WARNING: in MAZWOZ_Fe1, element Br found, throwing away...
WARNING: in XUHPUM_Fe1, element S found, throwing away...
WARNING: only one anion for XUHPUM_Fe1, throwing away...
WARNING: in RUZNAB_Fe1, element Cl found, throwing away...
WARNING: only one anion for RUZNAB_Fe1, throwing away...
WARNING: in VAPVUF_Fe1, element Cl found, throwing away...
WARNING: only one anion for VAPVUF_Fe1, throwing away...
WARNING: in LABMOS_Fe2, element Br found, throwing away...
WARNING: only one anion for LABMOS_Fe2, throwing away...
WARNING: in ZIFDIB_Fe1, element S found, throwing away...
WARNING: only one anion for ZIFDIB_Fe1, throwing away...
WARNING: in QACVUN_Fe1, element Cl found, throwing away...
WARNING: in QEJYAF_Fe2, element Cl found, throwing away...
WARNING: in QEJYAF_Fe1, element Cl found, throwing away...
WARNING: only one anion for QEJYAF_Fe1, throwing away...
WARNING: in VIRWAV_Fe1, element Cl found, throwing away...
WARNING: only one anion for VIRWAV_Fe1, throwing away...
WARNING: in TACTUM_Fe1, element S found, throwing away...
WARNING: only one anion for TACTUM_Fe1, throwing away...
WARNING: in NAZROW_Fe1, element Cl found, throwing away...
WARNING: in NEMDUE_Fe7, element Cl found, throwing away...
WARNING: only one anion for NEMDUE_Fe7, throwing away...
WARNING: in ASUTEN_Fe1, element Cl found, throwing away...
WARNING: in FEJJEK_Fe2, element Cl found, throwing away...
WARNING: only one anion for FEJJEK_Fe2, throwing away...
WARNING: in GUCXIL_Fe1, element Cl found, throwing away...
WARNING: in XIMSAO_Fe1, element Br found, throwing away...
WARNING: only one anion for XIMSAO_Fe1, throwing away...
WARNING: in RERXIW_Fe1, element Cl found, throwing away...
WARNING: in COMKUL_Fe1, element Cl found, throwing away...
WARNING: in AGUGEO_Fe2, element Cl found, throwing away...
WARNING: only one anion for AGUGEO_Fe2, throwing away...
WARNING: in AGUGEO_Fe1, element Cl found, throwing away...
WARNING: in REWZUO_Fe1, element Cl found, throwing away...
WARNING: in SEBJIU_Fe2, element S found, throwing away...
WARNING: only one anion for SEBJIU_Fe2, throwing away...
WARNING: in WIBNUR_Fe1, element Br found, throwing away...
WARNING: only one anion for WIBNUR_Fe1, throwing away...
WARNING: in PAYTOZ_Fe1, element Cl found, throwing away...
WARNING: in GUFPUT_Fe1, element S found, throwing away...
WARNING: only one anion for GUFPUT_Fe1, throwing away...
WARNING: in IXEZOB_Fe1, element Cl found, throwing away...
WARNING: in GOLSIJ_Fe1, element S found, throwing away...
WARNING: only one anion for GOLSIJ_Fe1, throwing away...
WARNING: in SEWDAA_Fe1, element Cl found, throwing away...
WARNING: only one anion for SEWDAA_Fe1, throwing away...
WARNING: in SAFFEM_Fe1, element Cl found, throwing away...
WARNING: in AQUWEP_Fe1, element Cl found, throwing away...
WARNING: in LINRIK_Fe1, element Br found, throwing away...
WARNING: only one anion for LINRIK_Fe1, throwing away...
WARNING: in FANLIP_Fe1, element S found, throwing away...
WARNING: only one anion for FANLIP_Fe1, throwing away...
WARNING: in FANLIP_Fe2, element S found, throwing away...
WARNING: only one anion for FANLIP_Fe2, throwing away...
WARNING: in OXAKUU_Fe1, element Cl found, throwing away...
WARNING: in QALZUZ_Fe1, element Cl found, throwing away...
WARNING: in TDCURF_Fe1, element S found, throwing away...
WARNING: only one anion for TDCURF_Fe1, throwing away...
WARNING: in ITOKEI_Fe1, element Cl found, throwing away...
WARNING: only one anion for ITOKEI_Fe1, throwing away...
WARNING: in LAYVOX_Fe1, element S found, throwing away...
WARNING: in LAJFUX_Fe1, element S found, throwing away...
WARNING: only one anion for LAJFUX_Fe1, throwing away...
WARNING: in CIVLID_Fe1, element Cl found, throwing away...
WARNING: in GIVSEK_Fe1, element Cl found, throwing away...
WARNING: in RIRBAW_Fe1, element S found, throwing away...
WARNING: only one anion for RIRBAW_Fe1, throwing away...
WARNING: in QALTEE_Fe1, element Cl found, throwing away...
WARNING: in DABPIG_Fe1, element Cl found, throwing away...
WARNING: in DAWWEE_Fe1, element Cl found, throwing away...
WARNING: in XAKHOI_Fe1, element Cl found, throwing away...
WARNING: only one anion for XAKHOI_Fe1, throwing away...
WARNING: in CIVLEZ_Fe1, element Cl found, throwing away...
WARNING: only one anion for CIVLEZ_Fe1, throwing away...
WARNING: in LAXGOI_Fe1, element S found, throwing away...
WARNING: only one anion for LAXGOI_Fe1, throwing away...
WARNING: in IMAPUI_Fe1, element Cl found, throwing away...
WARNING: in XUJFIS_Fe1, element Br found, throwing away...
WARNING: only one anion for XUJFIS_Fe1, throwing away...
WARNING: in MITYEU_Fe2, element Cl found, throwing away...
WARNING: only one anion for MITYEU_Fe2, throwing away...
WARNING: in MITYEU_Fe1, element Cl found, throwing away...
WARNING: in QEJWUX_Fe1, element Cl found, throwing away...
WARNING: only one anion for QEJWUX_Fe1, throwing away...
WARNING: in LUGNUW_Fe1, element S found, throwing away...
WARNING: only one anion for LUGNUW_Fe1, throwing away...
WARNING: in VICSEG_Fe1, element Cl found, throwing away...
WARNING: in JIYQEO_Fe1, element Cl found, throwing away...
WARNING: in EWIVAI_Fe1, element Cl found, throwing away...
WARNING: in RUGYEY_Fe1, element S found, throwing away...
WARNING: in IKEHIQ_Fe1, element Cl found, throwing away...
WARNING: in VAWSUH_Fe3, element S found, throwing away...
WARNING: only one anion for VAWSUH_Fe3, throwing away...
WARNING: in NEVROW_Fe1, element Cl found, throwing away...
WARNING: only one anion for NEVROW_Fe1, throwing away...
WARNING: in SEBHUE_Fe1, element S found, throwing away...
WARNING: in JIYQOY_Fe1, element Cl found, throwing away...
WARNING: in QEJWOR_Fe1, element Cl found, throwing away...
WARNING: only one anion for QEJWOR_Fe1, throwing away...
WARNING: in EYIRUA_Fe1, element S found, throwing away...
WARNING: only one anion for EYIRUA_Fe1, throwing away...
WARNING: in HUXZUV_Fe1, element Cl found, throwing away...
WARNING: in MAJYOM_Fe1, element S found, throwing away...
WARNING: only one anion for MAJYOM_Fe1, throwing away...
WARNING: in KAWJOH_Fe1, element S found, throwing away...
WARNING: only one anion for KAWJOH_Fe1, throwing away...
WARNING: in PUGWIX_Fe1, element Cl found, throwing away...
WARNING: in NALSUQ_Fe2, element Cl found, throwing away...
WARNING: only one anion for NALSUQ_Fe2, throwing away...
WARNING: in WULSEB_Fe1, element S found, throwing away...
WARNING: only one anion for WULSEB_Fe1, throwing away...
WARNING: in LEGDEG_Fe1, element F found, throwing away...
WARNING: only one anion for LEGDEG_Fe1, throwing away...
WARNING: in NEBBUS_Fe1, element Cl found, throwing away...
WARNING: in XURVEM_Fe1, element Br found, throwing away...
WARNING: in QANTAB_Fe4, element S found, throwing away...
WARNING: only one anion for QANTAB_Fe4, throwing away...
WARNING: in QANTAB_Fe2, element S found, throwing away...
WARNING: only one anion for QANTAB_Fe2, throwing away...
WARNING: in COVGID_Fe1, element S found, throwing away...
WARNING: only one anion for COVGID_Fe1, throwing away...
WARNING: in BUCDEJ_Fe1, element Cl found, throwing away...
WARNING: in GEQYAD_Fe1, element Cl found, throwing away...
WARNING: in POKCUO_Fe1, element S found, throwing away...
WARNING: only one anion for POKCUO_Fe1, throwing away...
WARNING: in XENMEI_Fe1, element S found, throwing away...
WARNING: only one anion for XENMEI_Fe1, throwing away...
WARNING: in UMIBEX_Fe2, element S found, throwing away...
WARNING: only one anion for UMIBEX_Fe2, throwing away...
WARNING: in UMIBEX_Fe1, element S found, throwing away...
WARNING: only one anion for UMIBEX_Fe1, throwing away...
WARNING: in IREQIF_Fe2, element Cl found, throwing away...
WARNING: only one anion for IREQIF_Fe2, throwing away...
WARNING: in CEZZEM10_Fe1, element S found, throwing away...
WARNING: only one anion for CEZZEM10_Fe1, throwing away...
WARNING: in MECECO_Fe2, element S found, throwing away...
WARNING: only one anion for MECECO_Fe2, throwing away...
WARNING: in MECECO_Fe1, element S found, throwing away...
WARNING: in INUVET_Fe2, element Br found, throwing away...
WARNING: in ITUYAY_Fe1, element Cl found, throwing away...
WARNING: in MUDVAI_Fe1, element Cl found, throwing away...
WARNING: only one anion for MUDVAI_Fe1, throwing away...
WARNING: in PUPHIR_Fe2, element S found, throwing away...
WARNING: only one anion for PUPHIR_Fe2, throwing away...
WARNING: in PUPHIR_Fe1, element S found, throwing away...
WARNING: only one anion for PUPHIR_Fe1, throwing away...
WARNING: in MICYFE10_Fe1, element Cl found, throwing away...
WARNING: only one anion for MICYFE10_Fe1, throwing away...
WARNING: in ZEYQOJ_Fe7, element Cl found, throwing away...
WARNING: only one anion for ZEYQOJ_Fe7, throwing away...
WARNING: in ABAWUV_Fe2, element Cl found, throwing away...
WARNING: only one anion for ABAWUV_Fe2, throwing away...
WARNING: in ABAWUV_Fe3, element Cl found, throwing away...
WARNING: in ABAWUV_Fe1, element Cl found, throwing away...
WARNING: in TULQIB_Fe1, element Cl found, throwing away...
WARNING: in DOMNID_Fe1, element Cl found, throwing away...
WARNING: in MDTHCF10_Fe1, element Cl found, throwing away...
WARNING: only one anion for MDTHCF10_Fe1, throwing away...
WARNING: in RUCXUJ_Fe1, element Cl found, throwing away...
WARNING: in REWPOY_Fe1, element Cl found, throwing away...
WARNING: in REWPOY_Fe2, element Cl found, throwing away...
WARNING: only one anion for REWPOY_Fe2, throwing away...
WARNING: in WOGMIP_Fe3, element Br found, throwing away...
WARNING: only one anion for WOGMIP_Fe3, throwing away...
WARNING: in QACVIB_Fe1, element Cl found, throwing away...
WARNING: in YAJKUP_Fe1, element S found, throwing away...
WARNING: only one anion for YAJKUP_Fe1, throwing away...
WARNING: in YUDFOT_Fe1, element Cl found, throwing away...
WARNING: in LEGDUW_Fe1, element Cl found, throwing away...
WARNING: in GIGHOU_Fe1, element Cl found, throwing away...
WARNING: in LEJQUN_Fe1, element Br found, throwing away...
WARNING: only one anion for LEJQUN_Fe1, throwing away...
WARNING: in NASJEX_Fe1, element F found, throwing away...
WARNING: only one anion for NASJEX_Fe1, throwing away...
WARNING: in BEQKAK_Fe1, element S found, throwing away...
WARNING: only one anion for BEQKAK_Fe1, throwing away...
WARNING: in BEQKAK_Fe2, element S found, throwing away...
WARNING: only one anion for BEQKAK_Fe2, throwing away...
WARNING: in JIMXIN_Fe1, element Cl found, throwing away...
WARNING: in YOMPIZ_Fe1, element S found, throwing away...
WARNING: only one anion for YOMPIZ_Fe1, throwing away...
WARNING: in HIWFOJ_Fe1, element S found, throwing away...
WARNING: only one anion for HIWFOJ_Fe1, throwing away...
WARNING: in VAPTIR_Fe1, element Cl found, throwing away...
WARNING: in BAESMC_Fe4, element S found, throwing away...
WARNING: only one anion for BAESMC_Fe4, throwing away...
WARNING: in VUXNOS_Fe1, element Cl found, throwing away...
WARNING: in SPCNFE_Fe1, element S found, throwing away...
WARNING: only one anion for SPCNFE_Fe1, throwing away...
WARNING: in AGEROU_Fe1, element Cl found, throwing away...
WARNING: in TULQUN_Fe1, element Cl found, throwing away...
WARNING: in FEYNED_Fe1, element S found, throwing away...
WARNING: only one anion for FEYNED_Fe1, throwing away...
WARNING: in VIRWOJ_Fe1, element Cl found, throwing away...
WARNING: in UPIGEG_Fe1, element Cl found, throwing away...
WARNING: in ZIFDOH_Fe1, element S found, throwing away...
WARNING: only one anion for ZIFDOH_Fe1, throwing away...
WARNING: in TUKBAC_Fe2, element Cl found, throwing away...
WARNING: only one anion for TUKBAC_Fe2, throwing away...
WARNING: in IXIFAW_Fe1, element Cl found, throwing away...
WARNING: in BIBMOO_Fe4, element S found, throwing away...
WARNING: only one anion for BIBMOO_Fe4, throwing away...
WARNING: in JIYQOY_Fe2, element Cl found, throwing away...
WARNING: only one anion for JIYQOY_Fe2, throwing away...
WARNING: in QOSGUB_Fe1, element Br found, throwing away...
WARNING: in KOCKUI_Fe1, element Cl found, throwing away...
WARNING: only one anion for KOCKUI_Fe1, throwing away...
WARNING: in KOCKUI_Fe2, element Cl found, throwing away...
WARNING: in QOSGUB_Fe2, element Br found, throwing away...
WARNING: in METGIB_Fe1, element Cl found, throwing away...
WARNING: in ENIWON_Fe1, element Cl found, throwing away...
WARNING: in BIXDIW_Fe1, element Cl found, throwing away...
WARNING: in OTUSUS_Fe1, element S found, throwing away...
WARNING: only one anion for OTUSUS_Fe1, throwing away...
WARNING: in LUGNOQ_Fe1, element S found, throwing away...
WARNING: in EXOVUI_Fe2, element Cl found, throwing away...
WARNING: only one anion for EXOVUI_Fe2, throwing away...
WARNING: in AHOBUV_Fe1, element Cl found, throwing away...
WARNING: in ETOGAW_Fe1, element Br found, throwing away...
WARNING: only one anion for ETOGAW_Fe1, throwing away...
WARNING: in MACHUV_Fe1, element Br found, throwing away...
WARNING: in CORHIB_Fe2, element S found, throwing away...
WARNING: in CORHIB_Fe1, element S found, throwing away...
WARNING: only one anion for CORHIB_Fe1, throwing away...
WARNING: in AGUGIS_Fe1, element Cl found, throwing away...
WARNING: in KURPOC_Fe1, element S found, throwing away...
WARNING: only one anion for KURPOC_Fe1, throwing away...
WARNING: in NUTBAF_Fe1, element S found, throwing away...
WARNING: only one anion for NUTBAF_Fe1, throwing away...
WARNING: in UDULOU_Fe1, element Cl found, throwing away...
WARNING: in SIQHUW_Fe1, element Cl found, throwing away...
WARNING: in EMEVAT_Fe1, element Cl found, throwing away...
WARNING: in VUYSAK_Fe1, element Cl found, throwing away...
WARNING: in WAJGUL_Fe1, element Cl found, throwing away...
WARNING: in EMEJAH_Fe1, element Cl found, throwing away...
WARNING: in QETXOC_Fe2, element Cl found, throwing away...
WARNING: only one anion for QETXOC_Fe2, throwing away...
WARNING: in QETXOC_Fe1, element Cl found, throwing away...
WARNING: in ADUPAQ_Fe1, element Cl found, throwing away...
WARNING: only one anion for ADUPAQ_Fe1, throwing away...
Removed 322 sites with only one anion
Total number of sites: 1843
After processing: 1244
Homoleptic statistics
O 110 1.70460535034 0.0462465285721
N 723 1.64336398143 0.10745574914
N       O       
***Intial callback***
N       O       
1.76900 1.70000  1244 0.9103 4.94 (CABLOH_Fe1) 13432.0311054
1.76900 1.70000     0 0.0000 0.00 (-) 0.0
0.13962 0.04057 
0.00000 0.00000 
BVS deviation for CABLOH_Fe1 is 4.94, more than 2.00, rejecting...
***Intial callback***
N       O       
1.54529 1.69755  1243 0.2958 1.73 (NELGOA_Fe1) 2470.86312676
1.76900 1.69755     0 0.0000 0.00 (-) 0.0
0.14490 0.06982 
0.00000 0.00000 
Switching pick (0->1) for 1 (HOSRUD_Fe1)
Switching pick (0->1) for 2 (SAXFIH_Fe1)
Switching pick (0->1) for 4 (NEHHEO_Fe1)
Switching pick (0->1) for 5 (XUCXUP_Fe1)
Switching pick (0->1) for 9 (KEHRAR_Fe1)
Switching pick (0->1) for 10 (JUXYEG_Fe1)
Switching pick (0->1) for 11 (JUXYEG_Fe2)
Switching pick (0->1) for 13 (TUQKAR_Fe1)
Switching pick (0->1) for 15 (DUKXUC_Fe2)
Switching pick (0->1) for 16 (DUKXUC_Fe1)
Switching pick (0->1) for 17 (LUGXAN_Fe1)
Switching pick (0->1) for 19 (GAYBUF_Fe1)
Switching pick (0->1) for 20 (MEZBEY_Fe1)
Switching pick (0->1) for 22 (DECLAZ_Fe2)
Switching pick (0->1) for 23 (IXAQII_Fe1)
Switching pick (0->1) for 24 (KULREO_Fe1)
Switching pick (0->1) for 26 (NASWAH_Fe1)
Switching pick (0->1) for 27 (NOKFOJ_Fe1)
Switching pick (0->1) for 28 (OVEPAH_Fe1)
Switching pick (0->1) for 30 (NUTCUB_Fe1)
Switching pick (0->1) for 33 (ZACNOG_Fe3)
Switching pick (0->1) for 36 (XUMWAE01_Fe1)
Switching pick (0->1) for 37 (WAPNEI_Fe1)
Switching pick (0->1) for 38 (JAVJAS_Fe1)
Switching pick (0->1) for 39 (WAJHEW_Fe1)
Switching pick (0->1) for 40 (QIBZUX_Fe1)
Switching pick (0->1) for 41 (RUNWAZ_Fe1)
Switching pick (0->1) for 42 (EBUWOO_Fe1)
Switching pick (0->1) for 43 (BOWNIL_Fe1)
Switching pick (0->1) for 44 (AJAXEP_Fe1)
Switching pick (0->1) for 45 (TISWIC_Fe1)
Switching pick (0->1) for 47 (XEFDER05_Fe1)
Switching pick (0->1) for 48 (WODKAB_Fe1)
Switching pick (0->1) for 49 (POLLAE_Fe1)
Switching pick (0->1) for 50 (TAZTAP_Fe1)
Switching pick (0->1) for 53 (LAQYIM01_Fe1)
Switching pick (0->1) for 58 (HMPBFE_Fe1)
Switching pick (0->1) for 59 (EDAYUE_Fe1)
Switching pick (0->1) for 61 (QOLDAX_Fe1)
Switching pick (0->1) for 62 (COTGAT_Fe1)
Switching pick (0->1) for 67 (OHAKOX_Fe1)
Switching pick (0->1) for 69 (IXAQOO_Fe1)
Switching pick (0->1) for 70 (IXAQOO_Fe2)
Switching pick (0->1) for 71 (NESXOY_Fe1)
Switching pick (0->1) for 72 (WEZVIH_Fe1)
Switching pick (0->1) for 73 (XUKPEZ01_Fe1)
Switching pick (0->1) for 74 (AFANIF03_Fe1)
Switching pick (0->1) for 76 (NOWBIK04_Fe1)
Switching pick (0->1) for 78 (CAQVEX_Fe1)
Switching pick (0->1) for 79 (JIRWUC_Fe2)
Switching pick (0->1) for 80 (DOZROA_Fe1)
Switching pick (0->1) for 81 (QOSNIW02_Fe1)
Switching pick (0->1) for 84 (REPWIT_Fe1)
Switching pick (0->1) for 85 (MALJIT_Fe1)
Switching pick (0->1) for 87 (WUPKOH_Fe1)
Switching pick (0->1) for 88 (TIGKEZ_Fe1)
Switching pick (0->1) for 89 (PARFIZ_Fe1)
Switching pick (0->1) for 90 (QOSNIW_Fe1)
Switching pick (0->1) for 92 (VOZHIB_Fe1)
Switching pick (0->1) for 93 (UBEXOQ_Fe1)
Switching pick (0->1) for 97 (DOFFUA_Fe1)
Switching pick (0->1) for 102 (UCIVEH_Fe1)
Switching pick (0->1) for 103 (WUPPED_Fe1)
Switching pick (0->1) for 105 (NEFTEX01_Fe1)
Switching pick (0->1) for 106 (HERJIX_Fe1)
Switching pick (0->1) for 107 (HERJIX_Fe2)
Switching pick (0->1) for 111 (POLLIM_Fe1)
Switching pick (0->1) for 113 (CEPZOM_Fe1)
Switching pick (0->1) for 115 (YACNEW02_Fe2)
Switching pick (0->1) for 121 (RULNUI_Fe1)
Switching pick (0->1) for 122 (XOVMOL_Fe1)
Switching pick (0->1) for 125 (AMAHUS_Fe1)
Switching pick (0->1) for 126 (NAMGUF_Fe1)
Switching pick (0->1) for 129 (MOGTUX_Fe1)
Switching pick (0->1) for 131 (AVIYUZ_Fe1)
Switching pick (0->1) for 132 (EBOVAU_Fe1)
Switching pick (0->1) for 133 (NEFVID01_Fe1)
Switching pick (0->1) for 134 (FUDMEW_Fe1)
Switching pick (0->1) for 135 (TAKVIK_Fe1)
Switching pick (0->1) for 142 (TIQSOC_Fe1)
Switching pick (0->1) for 143 (TIQSOC_Fe2)
Switching pick (0->1) for 145 (YELWOC01_Fe1)
Switching pick (0->1) for 149 (BOXSIR_Fe2)
Switching pick (0->1) for 150 (HIYTOZ_Fe9)
Switching pick (0->1) for 151 (HIYTOZ_Fe8)
Switching pick (0->1) for 152 (HIYTOZ_Fe3)
Switching pick (0->1) for 153 (HIYTOZ_Fe2)
Switching pick (0->1) for 155 (HIYTOZ_Fe7)
Switching pick (0->1) for 156 (HIYTOZ_Fe6)
Switching pick (0->1) for 157 (HIYTOZ_Fe5)
Switching pick (0->1) for 158 (HIYTOZ_Fe4)
Switching pick (0->1) for 159 (XELQIO_Fe1)
Switching pick (0->1) for 160 (VOVDIT_Fe1)
Switching pick (0->1) for 164 (AKEQEM_Fe1)
Switching pick (0->1) for 165 (SIZVON_Fe1)
Switching pick (0->1) for 166 (DUKYAJ_Fe1)
Switching pick (0->1) for 167 (WEWQOF_Fe1)
Switching pick (0->1) for 168 (WEWQOF_Fe2)
Switching pick (0->1) for 171 (AREHAG_Fe1)
Switching pick (0->1) for 172 (ASIYIK_Fe1)
Switching pick (0->1) for 173 (ASIYIK_Fe2)
Switching pick (0->1) for 174 (PUXRUW_Fe1)
Switching pick (0->1) for 175 (SIPFED_Fe2)
Switching pick (0->1) for 177 (BEPZIF_Fe1)
Switching pick (0->1) for 178 (TAPIFE_Fe1)
Switching pick (0->1) for 182 (QOSGOV_Fe1)
Switching pick (0->1) for 186 (QEKXUA_Fe1)
Switching pick (0->1) for 188 (ARIXEF_Fe1)
Switching pick (0->1) for 191 (POGMED_Fe1)
Switching pick (0->1) for 192 (NAMHIU_Fe1)
Switching pick (0->1) for 193 (LUGYAO_Fe1)
Switching pick (0->1) for 196 (WIDHAT_Fe1)
Switching pick (0->1) for 200 (BUYKUB_Fe1)
Switching pick (0->1) for 201 (HIDGEH_Fe1)
Switching pick (0->1) for 205 (OHIRAZ_Fe1)
Switching pick (0->1) for 207 (NEMSIH_Fe3)
Switching pick (0->1) for 210 (IFEDAZ_Fe1)
Switching pick (0->1) for 212 (LIWKOR01_Fe1)
Switching pick (0->1) for 213 (JUVHIR02_Fe2)
Switching pick (0->1) for 214 (JUVHIR02_Fe1)
Switching pick (0->1) for 218 (AXAKIT01_Fe1)
Switching pick (0->1) for 220 (WUPPAZ_Fe2)
Switching pick (0->1) for 221 (WUPPAZ_Fe1)
Switching pick (0->1) for 222 (UCIVIL_Fe1)
Switching pick (0->1) for 224 (VAVMUB_Fe1)
Switching pick (0->1) for 225 (HENGOX_Fe1)
Switching pick (0->1) for 226 (DEDNOQ_Fe1)
Switching pick (0->1) for 228 (GAKKOS04_Fe1)
Switching pick (0->1) for 229 (FURTUI_Fe1)
Switching pick (0->1) for 232 (VUNMIA01_Fe1)
Switching pick (0->1) for 233 (MAPPID_Fe1)
Switching pick (0->1) for 234 (UBOWIR_Fe1)
Switching pick (0->1) for 235 (OGIJEU_Fe1)
Switching pick (0->1) for 236 (LUYYAG_Fe1)
Switching pick (0->1) for 237 (LUYYAG_Fe2)
Switching pick (0->1) for 238 (YOSYOV_Fe1)
Switching pick (0->1) for 241 (VUXKAB_Fe1)
Switching pick (0->1) for 245 (GIYDUO_Fe1)
Switching pick (0->1) for 246 (INUWUK_Fe2)
Switching pick (0->1) for 247 (INUWUK_Fe1)
Switching pick (0->1) for 248 (LEHCIM01_Fe1)
Switching pick (0->1) for 250 (ABITEM_Fe1)
Switching pick (0->1) for 252 (PUQLIX_Fe1)
Switching pick (0->1) for 253 (HAHWUK_Fe1)
Switching pick (0->1) for 254 (TEQPUA_Fe1)
Switching pick (0->1) for 258 (XIFYOA_Fe1)
Switching pick (0->1) for 259 (KUJBEX_Fe1)
Switching pick (0->1) for 260 (VUPJOF_Fe1)
Switching pick (0->1) for 261 (TAWFED_Fe1)
Switching pick (0->1) for 263 (MOFMAV_Fe1)
Switching pick (0->1) for 265 (QERDIB_Fe1)
Switching pick (0->1) for 268 (WENDOI03_Fe1)
Switching pick (0->1) for 269 (LESRUX_Fe1)
Switching pick (0->1) for 270 (FOGYEF_Fe1)
Switching pick (0->1) for 272 (UHEFAO_Fe1)
Switching pick (0->1) for 273 (IBIZOI_Fe2)
Switching pick (0->1) for 275 (RAGFUA_Fe1)
Switching pick (0->1) for 277 (YUBDAB_Fe1)
Switching pick (0->1) for 281 (NIJMAU_Fe1)
Switching pick (0->1) for 283 (WEZVON_Fe1)
Switching pick (0->1) for 287 (IXAQUU_Fe1)
Switching pick (0->1) for 288 (URIVIB_Fe1)
Switching pick (0->1) for 289 (IXAQUU_Fe2)
Switching pick (0->1) for 293 (OLOMOR_Fe1)
Switching pick (0->1) for 294 (ASIYEG_Fe1)
Switching pick (0->1) for 295 (ASIYEG_Fe2)
Switching pick (0->1) for 296 (HAKDOO_Fe1)
Switching pick (0->1) for 297 (ZIMLUC_Fe1)
Switching pick (0->1) for 298 (SANWAG_Fe1)
Switching pick (0->1) for 299 (SETDEB_Fe1)
Switching pick (0->1) for 300 (RAVYIX_Fe1)
Switching pick (0->1) for 301 (COMQUR_Fe1)
Switching pick (0->1) for 302 (OYOCIP_Fe1)
Switching pick (0->1) for 303 (YUKPID_Fe1)
Switching pick (0->1) for 304 (FESVEF_Fe1)
Switching pick (0->1) for 305 (QEGVON_Fe1)
Switching pick (0->1) for 311 (QAHVIE01_Fe1)
Switching pick (0->1) for 317 (WEWCUW_Fe1)
Switching pick (0->1) for 319 (NAFZAX_Fe1)
Switching pick (0->1) for 320 (NIKFAO_Fe1)
Switching pick (0->1) for 323 (IXAROP_Fe1)
Switching pick (0->1) for 327 (MOFREE_Fe1)
Switching pick (0->1) for 328 (VAHGES_Fe1)
Switching pick (0->1) for 330 (JIRXEN_Fe1)
Switching pick (0->1) for 331 (QIDLUL01_Fe1)
Switching pick (0->1) for 337 (AROBIS_Fe1)
Switching pick (0->1) for 338 (NELGIU_Fe1)
Switching pick (0->1) for 339 (VICSAC_Fe1)
Switching pick (0->1) for 343 (QANMOH_Fe1)
Switching pick (0->1) for 347 (KAXXAJ_Fe1)
Switching pick (0->1) for 348 (JOHVEH_Fe1)
Switching pick (0->1) for 349 (KOCZAE_Fe1)
Switching pick (0->1) for 350 (OMAJOB_Fe1)
Switching pick (0->1) for 351 (FIWXEP_Fe1)
Switching pick (0->1) for 352 (ZOKBOQ_Fe1)
Switching pick (0->1) for 353 (INIXUY_Fe1)
Switching pick (0->1) for 355 (WUWFIE_Fe1)
Switching pick (0->1) for 356 (MOFRAA_Fe1)
Switching pick (0->1) for 358 (PAKLAP_Fe1)
Switching pick (0->1) for 360 (WODJUU_Fe1)
Switching pick (0->1) for 362 (GOPREI_Fe3)
Switching pick (0->1) for 364 (NAWTIO_Fe2)
Switching pick (0->1) for 365 (NIJLIB_Fe1)
Switching pick (0->1) for 366 (NANYOQ_Fe1)
Switching pick (0->1) for 367 (OSADOC_Fe1)
Switching pick (0->1) for 368 (UNADIW_Fe1)
Switching pick (0->1) for 369 (UNADIW_Fe2)
Switching pick (0->1) for 373 (TENPAD_Fe1)
Switching pick (0->1) for 374 (LIZFIK01_Fe4)
Switching pick (0->1) for 384 (MONYUJ_Fe1)
Switching pick (0->1) for 385 (ETONIL_Fe1)
Switching pick (0->1) for 387 (GIMDEL_Fe1)
Switching pick (0->1) for 388 (IVURIA_Fe1)
Switching pick (0->1) for 389 (TIQRUH_Fe1)
Switching pick (0->1) for 390 (TIQRUH_Fe2)
Switching pick (0->1) for 392 (IMUVIW_Fe1)
Switching pick (0->1) for 393 (EDAYOY_Fe1)
Switching pick (0->1) for 394 (NAMJES_Fe1)
Switching pick (0->1) for 397 (TOBMAZ_Fe1)
Switching pick (0->1) for 398 (DEDWUE_Fe1)
Switching pick (0->1) for 399 (HIYTOZ_Fe18)
Switching pick (0->1) for 400 (EDISOA_Fe1)
Switching pick (0->1) for 401 (NOGVAH_Fe2)
Switching pick (0->1) for 402 (NOGVAH_Fe1)
Switching pick (0->1) for 404 (MENTEF_Fe1)
Switching pick (0->1) for 405 (QUKTEW_Fe1)
Switching pick (0->1) for 406 (QUKTEW_Fe3)
Switching pick (0->1) for 407 (QUKTEW_Fe2)
Switching pick (0->1) for 408 (NIKFUI_Fe1)
Switching pick (0->1) for 410 (YICSIN_Fe1)
Switching pick (0->1) for 414 (OBUJAW_Fe1)
Switching pick (0->1) for 415 (GUWVUP_Fe1)
Switching pick (0->1) for 417 (KULREO_Fe2)
Switching pick (0->1) for 423 (GOBBUV01_Fe2)
Switching pick (0->1) for 424 (GOBBUV01_Fe1)
Switching pick (0->1) for 425 (QEQFOI_Fe1)
Switching pick (0->1) for 426 (EDAYUE_Fe2)
Switching pick (0->1) for 428 (QILJEA_Fe1)
Switching pick (0->1) for 434 (KAHJUZ_Fe1)
Switching pick (0->1) for 435 (WIDGUM_Fe1)
Switching pick (0->1) for 436 (ETOHOL_Fe1)
Switching pick (0->1) for 437 (ODUBIY_Fe4)
Switching pick (0->1) for 438 (ODUBIY_Fe1)
Switching pick (0->1) for 439 (ODUBIY_Fe2)
Switching pick (0->1) for 440 (ODUBIY_Fe3)
Switching pick (0->1) for 441 (AVIMUN_Fe1)
Switching pick (0->1) for 442 (AMEKAF_Fe1)
Switching pick (0->1) for 443 (AMEKAF_Fe2)
Switching pick (0->1) for 451 (ETOHUR_Fe1)
Switching pick (0->1) for 454 (QAXLAD_Fe2)
Switching pick (0->1) for 456 (NAMHOA_Fe1)
Switching pick (0->1) for 457 (JIVYOD_Fe1)
Switching pick (0->1) for 462 (VIHCUL_Fe1)
Switching pick (0->1) for 465 (ERANIV_Fe1)
Switching pick (0->1) for 466 (EZAGIW_Fe1)
Switching pick (0->1) for 467 (XAGBIQ_Fe1)
Switching pick (0->1) for 469 (BUTHOO_Fe1)
Switching pick (0->1) for 473 (LUGWIU_Fe1)
Switching pick (0->1) for 474 (QARXIS_Fe1)
Switching pick (0->1) for 478 (DOZRUG_Fe1)
Switching pick (0->1) for 479 (DOZRUG_Fe2)
Switching pick (0->1) for 482 (AHESAI_Fe2)
Switching pick (0->1) for 483 (AHESAI_Fe1)
Switching pick (0->1) for 484 (JUPRAN_Fe2)
Switching pick (0->1) for 485 (JUPRAN_Fe1)
Switching pick (0->1) for 486 (GEJQES_Fe1)
Switching pick (0->1) for 488 (DECLON_Fe1)
Switching pick (0->1) for 492 (BEDLIG_Fe1)
Switching pick (0->1) for 493 (SOJKUY_Fe1)
Switching pick (0->1) for 497 (DONBAK_Fe1)
Switching pick (0->1) for 498 (EBUWII_Fe2)
Switching pick (0->1) for 500 (LUWSUS02_Fe2)
Switching pick (0->1) for 502 (LUTVIF_Fe1)
Switching pick (0->1) for 503 (QUVNOL_Fe1)
Switching pick (0->1) for 504 (PYESAF10_Fe1)
Switching pick (0->1) for 506 (BOYDOI_Fe1)
Switching pick (0->1) for 508 (WIFZUG_Fe1)
Switching pick (0->1) for 509 (NOGVUB_Fe1)
Switching pick (0->1) for 510 (WONGEL_Fe1)
Switching pick (0->1) for 511 (LUGXUH_Fe1)
Switching pick (0->1) for 513 (OSUBUA_Fe1)
Switching pick (0->1) for 516 (ULAHIY_Fe1)
Switching pick (0->1) for 518 (RUKLOY_Fe1)
Switching pick (0->1) for 521 (ITUYIG_Fe1)
Switching pick (0->1) for 523 (KUSZAZ_Fe1)
Switching pick (0->1) for 524 (WAWPOZ_Fe1)
Switching pick (0->1) for 529 (QOSVOJ_Fe1)
Switching pick (0->1) for 531 (PASDOD01_Fe1)
Switching pick (0->1) for 535 (TEGJUK01_Fe1)
Switching pick (0->1) for 536 (ODOZUC_Fe3)
Switching pick (0->1) for 537 (ODOZUC_Fe4)
Switching pick (0->1) for 538 (SUVZAL_Fe1)
Switching pick (0->1) for 539 (JAWFAO_Fe1)
Switching pick (0->1) for 542 (ELUPAC_Fe1)
Switching pick (0->1) for 544 (FURVIY_Fe1)
Switching pick (0->1) for 548 (BIJJUA_Fe1)
Switching pick (0->1) for 550 (QAHVIE_Fe1)
Switching pick (0->1) for 551 (ZURDAR_Fe2)
Switching pick (0->1) for 552 (ZURDAR_Fe1)
Switching pick (0->1) for 555 (ASIYAC_Fe1)
Switching pick (0->1) for 557 (ARIGOX_Fe1)
Switching pick (0->1) for 560 (FIJTIC_Fe1)
Switching pick (0->1) for 561 (DUKYEN_Fe1)
Switching pick (0->1) for 562 (IXUJAN_Fe2)
Switching pick (0->1) for 563 (WURKIE_Fe1)
Switching pick (0->1) for 567 (POWSID_Fe1)
Switching pick (0->1) for 569 (ULODIJ_Fe1)
Switching pick (0->1) for 572 (FADVUC_Fe1)
Switching pick (0->1) for 574 (KANBAC_Fe1)
Switching pick (0->1) for 575 (MONZIY_Fe1)
Switching pick (0->1) for 581 (SUMKUH_Fe1)
Switching pick (0->1) for 583 (BIXDUI_Fe1)
Switching pick (0->1) for 584 (CIWVEK_Fe1)
Switching pick (0->1) for 586 (RESWES_Fe1)
Switching pick (0->1) for 587 (NAPYFE10_Fe1)
Switching pick (0->1) for 589 (NASWEL_Fe1)
Switching pick (0->1) for 591 (QEYBIG_Fe1)
Switching pick (0->1) for 592 (QEYBIG_Fe2)
Switching pick (0->1) for 594 (PIVCED_Fe1)
Switching pick (0->1) for 595 (OHAKEN_Fe1)
Switching pick (0->1) for 596 (SIZVED_Fe1)
Switching pick (0->1) for 599 (QELZOX_Fe1)
Switching pick (0->1) for 601 (AFANEB02_Fe1)
Switching pick (0->1) for 602 (FOCTAT_Fe1)
Switching pick (0->1) for 604 (YEPDUS_Fe1)
Switching pick (0->1) for 606 (LUZXAG_Fe2)
Switching pick (0->1) for 609 (OFONON_Fe2)
Switching pick (0->1) for 611 (LEKXEE_Fe1)
Switching pick (0->1) for 612 (EDAQIK01_Fe1)
Switching pick (0->1) for 613 (ULODUV_Fe1)
Switching pick (0->1) for 614 (ISULAJ_Fe1)
Switching pick (0->1) for 615 (QUSDIR_Fe1)
Switching pick (0->1) for 619 (MACJAD_Fe1)
Switching pick (0->1) for 623 (WEYWEC_Fe1)
Switching pick (0->1) for 624 (EBUVUT_Fe1)
Switching pick (0->1) for 628 (WIYFEQ_Fe2)
Switching pick (0->1) for 630 (SEKMEA_Fe1)
Switching pick (0->1) for 634 (HIDGAD_Fe2)
Switching pick (0->1) for 635 (HIDGAD_Fe1)
Switching pick (0->1) for 636 (ADIFUO_Fe2)
Switching pick (0->1) for 637 (ULOFEH_Fe1)
Switching pick (0->1) for 639 (QEFKOB_Fe2)
Switching pick (0->1) for 640 (QEFKOB_Fe3)
Switching pick (0->1) for 641 (QEFKOB_Fe1)
Switching pick (0->1) for 642 (QEFKOB_Fe4)
Switching pick (0->1) for 644 (XOBBIZ_Fe1)
Switching pick (0->1) for 647 (QAHVIE10_Fe2)
Switching pick (0->1) for 649 (SOTPEX_Fe1)
Switching pick (0->1) for 650 (SIZVAZ_Fe1)
Switching pick (0->1) for 653 (PIRRAJ_Fe1)
Switching pick (0->1) for 656 (PEKQAX01_Fe1)
Switching pick (0->1) for 657 (WEQYEW_Fe1)
Switching pick (0->1) for 658 (WEQYEW_Fe2)
Switching pick (0->1) for 659 (WEQYEW_Fe3)
Switching pick (0->1) for 661 (WAMNEE_Fe1)
Switching pick (0->1) for 663 (YELWUI01_Fe1)
Switching pick (0->1) for 666 (LINREG_Fe1)
Switching pick (0->1) for 667 (MOBKOE_Fe1)
Switching pick (0->1) for 670 (AJEPIP_Fe1)
Switching pick (0->1) for 673 (LUWSUS05_Fe2)
Switching pick (0->1) for 681 (YOYNIK_Fe2)
Switching pick (0->1) for 682 (YOYNIK_Fe1)
Switching pick (0->1) for 688 (AFEMII_Fe1)
Switching pick (0->1) for 692 (FIZXUI_Fe1)
Switching pick (0->1) for 694 (GOVSIT_Fe2)
Switching pick (0->1) for 695 (GOVSIT_Fe1)
Switching pick (0->1) for 698 (VOZDUJ_Fe2)
Switching pick (0->1) for 702 (JIVYIX_Fe1)
Switching pick (0->1) for 703 (QARXAK_Fe2)
Switching pick (0->1) for 704 (QARXAK_Fe1)
Switching pick (0->1) for 711 (ETOHEB_Fe1)
Switching pick (0->1) for 712 (ETOHEB_Fe2)
Switching pick (0->1) for 713 (HEQXOQ_Fe1)
Switching pick (0->1) for 716 (VIHCOF_Fe1)
Switching pick (0->1) for 718 (VEVKEM_Fe1)
Switching pick (0->1) for 719 (VANREJ_Fe1)
Switching pick (0->1) for 720 (QOPBIH_Fe1)
Switching pick (0->1) for 721 (NOGQAC_Fe1)
Switching pick (0->1) for 725 (SISKOU_Fe1)
Switching pick (0->1) for 726 (SISKOU_Fe2)
Switching pick (0->1) for 728 (UBOWEN_Fe1)
Switching pick (0->1) for 732 (POWQOI_Fe1)
Switching pick (0->1) for 733 (KIBCII_Fe1)
Switching pick (0->1) for 736 (LUYXUZ_Fe1)
Switching pick (0->1) for 742 (NAMGIT_Fe1)
Switching pick (0->1) for 743 (DUFLEW_Fe1)
Switching pick (0->1) for 744 (ZILZID_Fe2)
Switching pick (0->1) for 748 (BEDLEC_Fe1)
Switching pick (0->1) for 749 (SOSGEN03_Fe1)
Switching pick (0->1) for 750 (GUFQAA_Fe1)
Switching pick (0->1) for 752 (VAVMOV_Fe1)
Switching pick (0->1) for 754 (LAYREJ01_Fe1)
Switching pick (0->1) for 755 (ZIFJON_Fe1)
Switching pick (0->1) for 756 (YAFHIY_Fe1)
Switching pick (0->1) for 757 (YAFHIY_Fe2)
Switching pick (0->1) for 759 (SIPSUG_Fe2)
Switching pick (0->1) for 762 (KIDGOU_Fe1)
Switching pick (0->1) for 764 (RUCYIY_Fe1)
Switching pick (0->1) for 765 (NIPLUU_Fe1)
Switching pick (0->1) for 768 (BAXXAB01_Fe1)
Switching pick (0->1) for 770 (QAHVIE06_Fe2)
Switching pick (0->1) for 771 (AXISOQ_Fe1)
Switching pick (0->1) for 773 (QATQUX_Fe1)
Switching pick (0->1) for 774 (LUGYES_Fe1)
Switching pick (0->1) for 778 (UCIRAB_Fe2)
Switching pick (0->1) for 779 (GAYCIU_Fe1)
Switching pick (0->1) for 780 (UCIRAB_Fe1)
Switching pick (0->1) for 783 (UZELAN_Fe1)
Switching pick (0->1) for 784 (WENDOI01_Fe2)
Switching pick (0->1) for 785 (WENDOI01_Fe1)
Switching pick (0->1) for 786 (IXAREF_Fe1)
Switching pick (0->1) for 788 (BINQIZ_Fe1)
Switching pick (0->1) for 789 (WUSWOX_Fe1)
Switching pick (0->1) for 800 (QENWEM_Fe1)
Switching pick (0->1) for 801 (QISQAL_Fe2)
Switching pick (0->1) for 803 (FENCIL_Fe1)
Switching pick (0->1) for 804 (IXARIJ_Fe1)
Switching pick (0->1) for 806 (IXARIJ_Fe2)
Switching pick (0->1) for 807 (KOCZIM_Fe1)
Switching pick (0->1) for 808 (UHEDUG_Fe1)
Switching pick (0->1) for 811 (ASIYAC_Fe2)
Switching pick (0->1) for 815 (BIXDOC_Fe1)
Switching pick (0->1) for 819 (JEXKIH_Fe1)
Switching pick (0->1) for 820 (LUGWEQ_Fe1)
Switching pick (0->1) for 823 (ULOFAD_Fe1)
Switching pick (0->1) for 824 (RANDER_Fe1)
Switching pick (0->1) for 826 (NUMBEC02_Fe1)
Switching pick (0->1) for 829 (CERDEJ01_Fe1)
Switching pick (0->1) for 833 (MOJGEY_Fe1)
Switching pick (0->1) for 837 (COVPUY_Fe1)
Switching pick (0->1) for 839 (LUWSUS01_Fe1)
Switching pick (0->1) for 844 (LINRAC_Fe2)
Switching pick (0->1) for 845 (LINRAC_Fe1)
Switching pick (0->1) for 847 (WIXCIQ_Fe1)
Switching pick (0->1) for 850 (OMAJOB_Fe2)
Switching pick (0->1) for 857 (OSUBOU_Fe1)
Switching pick (0->1) for 865 (WOJLUC_Fe1)
Switching pick (0->1) for 871 (UMEWAK_Fe1)
Switching pick (0->1) for 872 (ECELII_Fe1)
Switching pick (0->1) for 875 (YAZJOZ_Fe1)
Switching pick (0->1) for 877 (BAYKUJ_Fe1)
Switching pick (0->1) for 878 (FEGBOJ_Fe1)
Switching pick (0->1) for 880 (KOCZEI_Fe1)
Switching pick (0->1) for 881 (ICAKON_Fe1)
Switching pick (0->1) for 886 (FEBMAB_Fe1)
Switching pick (0->1) for 888 (HUKQAG_Fe2)
Switching pick (0->1) for 889 (HUKQAG_Fe1)
Switching pick (0->1) for 891 (QASLIG_Fe1)
Switching pick (0->1) for 893 (QAGWOK_Fe1)
Switching pick (0->1) for 896 (TEVNEO_Fe1)
Switching pick (0->1) for 898 (BAMNOU_Fe1)
Switching pick (0->1) for 900 (MUTCEJ_Fe1)
Switching pick (0->1) for 903 (GIYDIC_Fe1)
Switching pick (0->1) for 904 (GIYDIC_Fe2)
Switching pick (0->1) for 907 (NELGOA_Fe1)
Switching pick (0->1) for 911 (GAKKOS_Fe1)
Switching pick (0->1) for 912 (TUVLEB_Fe1)
Switching pick (0->1) for 913 (GITYUE_Fe1)
Switching pick (0->1) for 914 (ISEXIO_Fe1)
Switching pick (0->1) for 915 (ISEXIO_Fe2)
Switching pick (0->1) for 917 (EBOTOG01_Fe2)
Switching pick (0->1) for 918 (EBOTOG01_Fe1)
Switching pick (0->1) for 922 (IRUDAA_Fe1)
Switching pick (0->1) for 923 (POFYAL_Fe1)
Switching pick (0->1) for 924 (ZIWDUG_Fe1)
Switching pick (0->1) for 925 (ZIWDUG_Fe2)
Switching pick (0->1) for 926 (ASEQUL_Fe1)
Switching pick (0->1) for 927 (OYOCUB_Fe1)
Switching pick (0->1) for 928 (AHUGOA_Fe1)
Switching pick (0->1) for 930 (MAKCAD_Fe1)
Switching pick (0->1) for 933 (ZACNEW_Fe2)
Switching pick (0->1) for 935 (VASYOF_Fe1)
Switching pick (0->1) for 936 (QEDCUX_Fe1)
Switching pick (0->1) for 937 (HAXHOE_Fe1)
Switching pick (0->1) for 943 (ICOHOX_Fe1)
Switching pick (0->1) for 945 (NUVJOE_Fe4)
Switching pick (0->1) for 946 (NUVJOE_Fe1)
Switching pick (0->1) for 947 (NUVJOE_Fe3)
Switching pick (0->1) for 948 (NUVJOE_Fe2)
Switching pick (0->1) for 949 (GEVYEL_Fe2)
Switching pick (0->1) for 951 (GEVYEL_Fe1)
Switching pick (0->1) for 952 (WADHIT_Fe1)
Switching pick (0->1) for 953 (WUJCEK_Fe1)
Switching pick (0->1) for 955 (NIGWOP_Fe2)
Switching pick (0->1) for 956 (NIGWOP_Fe1)
Switching pick (0->1) for 960 (TIRFAC_Fe1)
Switching pick (0->1) for 962 (LECNUD_Fe1)
Switching pick (0->1) for 963 (XOPJUH_Fe1)
Switching pick (0->1) for 965 (QACVIZ_Fe1)
Switching pick (0->1) for 966 (ODUBEU_Fe1)
Switching pick (0->1) for 967 (ODUBEU_Fe2)
Switching pick (0->1) for 970 (HAHWUK_Fe2)
Switching pick (0->1) for 971 (OWOCAF_Fe2)
Switching pick (0->1) for 972 (OWOCAF_Fe1)
Switching pick (0->1) for 973 (QETJEF03_Fe1)
Switching pick (0->1) for 974 (NIPZUH_Fe1)
Switching pick (0->1) for 977 (LAGJEK_Fe1)
Switching pick (0->1) for 978 (LAGJEK_Fe2)
Switching pick (0->1) for 979 (TOMHIN_Fe1)
Switching pick (0->1) for 981 (RODREI_Fe1)
Switching pick (0->1) for 982 (FEJBOM_Fe1)
Switching pick (0->1) for 983 (QEVCEA_Fe2)
Switching pick (0->1) for 984 (QEVCEA_Fe1)
Switching pick (0->1) for 985 (GAPSIA_Fe1)
Switching pick (0->1) for 986 (ACEYOW01_Fe1)
Switching pick (0->1) for 987 (SIRNIQ_Fe1)
Switching pick (0->1) for 991 (RESWIW01_Fe2)
Switching pick (0->1) for 992 (ETUDOM_Fe1)
Switching pick (0->1) for 998 (IXARUV_Fe1)
Switching pick (0->1) for 999 (YUWWUJ_Fe1)
Switching pick (0->1) for 1000 (LIZFIK01_Fe1)
Switching pick (0->1) for 1005 (XIJQUC_Fe1)
Switching pick (0->1) for 1006 (LUGXOB_Fe1)
Switching pick (0->1) for 1007 (XUCYIE_Fe1)
Switching pick (0->1) for 1008 (FILCAF_Fe1)
Switching pick (0->1) for 1009 (YOXHUP_Fe1)
Switching pick (0->1) for 1012 (NOGVIP_Fe1)
Switching pick (0->1) for 1013 (FEPICA_Fe1)
Switching pick (0->1) for 1015 (LUXMOH_Fe1)
Switching pick (0->1) for 1018 (ZEMYAR_Fe2)
Switching pick (0->1) for 1020 (ZEMYAR_Fe1)
Switching pick (0->1) for 1021 (EJOJES_Fe1)
Switching pick (0->1) for 1022 (EJOJES_Fe2)
Switching pick (0->1) for 1023 (SOZYIP_Fe1)
Switching pick (0->1) for 1024 (SOZYIP_Fe2)
Switching pick (0->1) for 1025 (NAIPFE_Fe1)
Switching pick (0->1) for 1027 (AGUYUW_Fe1)
Switching pick (0->1) for 1032 (MAQLIZ_Fe1)
Switching pick (0->1) for 1034 (GIVZER_Fe1)
Switching pick (0->1) for 1035 (XAGBAI_Fe1)
Switching pick (0->1) for 1037 (ASEREW_Fe1)
Switching pick (0->1) for 1038 (KAXQEG_Fe2)
Switching pick (0->1) for 1039 (KAXQEG_Fe1)
Switching pick (0->1) for 1040 (QAHVOK01_Fe1)
Switching pick (0->1) for 1041 (DUPLOP_Fe1)
Switching pick (0->1) for 1042 (MAYLUU_Fe1)
Switching pick (0->1) for 1046 (WAJHEW_Fe2)
Switching pick (0->1) for 1051 (ZIMMAJ_Fe1)
Switching pick (0->1) for 1053 (ODECIJ_Fe1)
Switching pick (0->1) for 1054 (BUXTAQ_Fe1)
Switching pick (0->1) for 1055 (WIDGOG_Fe1)
Switching pick (0->1) for 1056 (MEMYIN_Fe1)
Switching pick (0->1) for 1060 (GAPSOG_Fe1)
Switching pick (0->1) for 1062 (AFUDUB_Fe1)
Switching pick (0->1) for 1064 (PARFEV_Fe1)
Switching pick (0->1) for 1066 (CESTOJ_Fe1)
Switching pick (0->1) for 1067 (XEVGEK_Fe2)
Switching pick (0->1) for 1068 (PEKQAX_Fe1)
Switching pick (0->1) for 1069 (RANDAN_Fe1)
Switching pick (0->1) for 1070 (NEBJAF_Fe1)
Switching pick (0->1) for 1071 (LAYREJ_Fe1)
Switching pick (0->1) for 1073 (ZILZAV_Fe2)
Switching pick (0->1) for 1074 (NEFSUM01_Fe1)
Switching pick (0->1) for 1075 (BOJMAP01_Fe1)
Switching pick (0->1) for 1076 (XORXAE_Fe1)
Switching pick (0->1) for 1077 (XORXAE_Fe2)
Switching pick (0->1) for 1078 (SAYDAZ_Fe2)
Switching pick (0->1) for 1079 (TIDBIS_Fe1)
Switching pick (0->1) for 1081 (NAMJAO_Fe1)
Switching pick (0->1) for 1082 (IXARAB_Fe1)
Switching pick (0->1) for 1084 (OWOCIN_Fe2)
Switching pick (0->1) for 1085 (OWOCIN_Fe1)
Switching pick (0->1) for 1089 (SIZVIH_Fe1)
Switching pick (0->1) for 1091 (BANSEQ_Fe1)
Switching pick (0->1) for 1092 (IRUCUT_Fe1)
Switching pick (0->1) for 1096 (CICHUS_Fe2)
Switching pick (0->1) for 1105 (QETJAB_Fe1)
Switching pick (0->1) for 1106 (NECSUK_Fe1)
Switching pick (0->1) for 1108 (LOCHAN_Fe1)
Switching pick (0->1) for 1110 (YIQRAS_Fe1)
Switching pick (0->1) for 1111 (YELXAP_Fe1)
Switching pick (0->1) for 1113 (PUQLAP_Fe1)
Switching pick (0->1) for 1114 (WEDGAO_Fe1)
Switching pick (0->1) for 1117 (MOYVEB_Fe1)
Switching pick (0->1) for 1119 (EMIPIZ01_Fe1)
Switching pick (0->1) for 1122 (HERNOH_Fe2)
Switching pick (0->1) for 1125 (EFEWAO_Fe1)
Switching pick (0->1) for 1126 (VAKYOX_Fe1)
Switching pick (0->1) for 1127 (TUBWES_Fe1)
Switching pick (0->1) for 1129 (JOJQEE_Fe1)
Switching pick (0->1) for 1130 (ABITUC01_Fe1)
Switching pick (0->1) for 1131 (HIYTOZ_Fe13)
Switching pick (0->1) for 1132 (HIYTOZ_Fe12)
Switching pick (0->1) for 1133 (HIYTOZ_Fe11)
Switching pick (0->1) for 1135 (HIYTOZ_Fe17)
Switching pick (0->1) for 1136 (HIYTOZ_Fe16)
Switching pick (0->1) for 1137 (HIYTOZ_Fe15)
Switching pick (0->1) for 1138 (HIYTOZ_Fe14)
Switching pick (0->1) for 1141 (LUXMOH02_Fe1)
Switching pick (0->1) for 1143 (DUFLUM_Fe1)
Switching pick (0->1) for 1146 (QAHVOK_Fe1)
Switching pick (0->1) for 1147 (UZEKUG_Fe1)
Switching pick (0->1) for 1149 (TPORFE01_Fe1)
Switching pick (0->1) for 1152 (GALNIS_Fe3)
Switching pick (0->1) for 1153 (WOJVEX_Fe1)
Switching pick (0->1) for 1156 (WAHPEC_Fe1)
Switching pick (0->1) for 1157 (QAGWUQ_Fe1)
Switching pick (0->1) for 1160 (RACWAU_Fe2)
Switching pick (0->1) for 1161 (OCUVAL_Fe1)
Switching pick (0->1) for 1165 (RADCUW_Fe1)
Switching pick (0->1) for 1168 (EYAPUP_Fe1)
Switching pick (0->1) for 1169 (FEXYAJ_Fe1)
Switching pick (0->1) for 1171 (FEXYAJ_Fe2)
Switching pick (0->1) for 1174 (NOGVEL_Fe2)
Switching pick (0->1) for 1175 (NOGVEL_Fe1)
Switching pick (0->1) for 1176 (POHLON_Fe1)
Switching pick (0->1) for 1178 (OVERAJ_Fe1)
Switching pick (0->1) for 1179 (JOJQAA_Fe1)
Switching pick (0->1) for 1182 (DOHGAJ_Fe1)
Switching pick (0->1) for 1188 (PUCHAX_Fe2)
Switching pick (0->1) for 1189 (KALWUR_Fe1)
Switching pick (0->1) for 1191 (LAFWAS_Fe2)
Switching pick (0->1) for 1192 (LAFWAS_Fe1)
Switching pick (0->1) for 1195 (XIFYIU01_Fe1)
Switching pick (0->1) for 1196 (JANSAS05_Fe1)
Switching pick (0->1) for 1197 (FETPYR02_Fe1)
Switching pick (0->1) for 1199 (WAWPUF_Fe1)
Switching pick (0->1) for 1200 (VOVDEP_Fe1)
Switching pick (0->1) for 1201 (IVOYOH_Fe2)
Switching pick (0->1) for 1206 (MONYOD_Fe1)
Switching pick (0->1) for 1207 (MONYOD_Fe2)
Switching pick (0->1) for 1208 (OJIVUY_Fe1)
Switching pick (0->1) for 1211 (DOJKET_Fe1)
Switching pick (0->1) for 1212 (EBUWII_Fe5)
Switching pick (0->1) for 1213 (EBUWII_Fe4)
Switching pick (0->1) for 1214 (EBUWII_Fe7)
Switching pick (0->1) for 1215 (EBUWII_Fe6)
Switching pick (0->1) for 1216 (EBUWII_Fe1)
Switching pick (0->1) for 1217 (EBUWII_Fe3)
Switching pick (0->1) for 1220 (IDABIY_Fe1)
Switching pick (0->1) for 1221 (VAXWOH_Fe1)
Switching pick (0->1) for 1222 (LOQPAI_Fe1)
Switching pick (0->1) for 1223 (WEWQIZ_Fe2)
Switching pick (0->1) for 1224 (WEWQIZ_Fe1)
Switching pick (0->1) for 1227 (RADDIL_Fe1)
Switching pick (0->1) for 1228 (NELGAM_Fe1)
Switching pick (0->1) for 1235 (NEMSED_Fe1)
Switching pick (0->1) for 1236 (NECSOE_Fe1)
Switching pick (0->1) for 1239 (LUZXAG_Fe1)
Switching pick (0->1) for 1240 (BIXDES_Fe1)
Switching pick (0->1) for 1241 (YABKOD_Fe1)
Switching pick (0->1) for 1242 (IBUVUW_Fe1)
N       O       
1.54380 1.72045   601 0.0490 1.06 (CEYSEE_Fe1) 288.232689485
1.76900 1.72045   642 0.0226 0.56 (NELGOA_Fe1) 285.246268117
0.02654 0.02681 
0.02316 0.01478 
Switching pick (1->0) for 13 (TUQKAR_Fe1)
Switching pick (1->0) for 41 (RUNWAZ_Fe1)
Switching pick (1->0) for 42 (EBUWOO_Fe1)
Switching pick (1->0) for 89 (PARFIZ_Fe1)
Switching pick (1->0) for 205 (OHIRAZ_Fe1)
Switching pick (1->0) for 299 (SETDEB_Fe1)
Switching pick (1->0) for 397 (TOBMAZ_Fe1)
Switching pick (1->0) for 611 (LEKXEE_Fe1)
Switching pick (1->0) for 639 (QEFKOB_Fe2)
Switching pick (1->0) for 640 (QEFKOB_Fe3)
Switching pick (1->0) for 641 (QEFKOB_Fe1)
Switching pick (1->0) for 642 (QEFKOB_Fe4)
Switching pick (1->0) for 720 (QOPBIH_Fe1)
Switching pick (1->0) for 743 (DUFLEW_Fe1)
Switching pick (1->0) for 755 (ZIFJON_Fe1)
Switching pick (1->0) for 771 (AXISOQ_Fe1)
Switching pick (1->0) for 837 (COVPUY_Fe1)
Switching pick (1->0) for 979 (TOMHIN_Fe1)
Switching pick (1->0) for 1007 (XUCYIE_Fe1)
Switching pick (1->0) for 1038 (KAXQEG_Fe2)
Switching pick (1->0) for 1039 (KAXQEG_Fe1)
Switching pick (1->0) for 1064 (PARFEV_Fe1)
Switching pick (1->0) for 1076 (XORXAE_Fe1)
Switching pick (1->0) for 1077 (XORXAE_Fe2)
Switching pick (1->0) for 1143 (DUFLUM_Fe1)
Switching pick (1->0) for 1153 (WOJVEX_Fe1)
Switching pick (1->0) for 1212 (EBUWII_Fe5)
Switching pick (1->0) for 1213 (EBUWII_Fe4)
Switching pick (1->0) for 1214 (EBUWII_Fe7)
Switching pick (1->0) for 1215 (EBUWII_Fe6)
Switching pick (1->0) for 1216 (EBUWII_Fe1)
Switching pick (1->0) for 1217 (EBUWII_Fe3)
N       O       
1.54380 1.72047   633 0.0475 1.06 (CEYSEE_Fe1) 291.996123443
1.76855 1.72047   610 0.0214 0.56 (NELGOA_Fe1) 254.565351272
0.02711 0.02740 
0.02226 0.01174 
Switching pick (0->1) for 608 (OFONON_Fe3)
Switching pick (0->1) for 1098 (PAFMUF10_Fe1)
N       O       
1.54546 1.71635   631 0.0444 1.04 (CEYSEE_Fe1) 248.86646219
1.77680 1.71635   612 0.0236 0.52 (NELGOA_Fe1) 282.129125496
0.02608 0.02691 
0.02261 0.01190 
Switching pick (1->0) for 135 (TAKVIK_Fe1)
Switching pick (1->0) for 589 (NASWEL_Fe1)
Switching pick (1->0) for 608 (OFONON_Fe3)
Switching pick (0->1) for 611 (LEKXEE_Fe1)
Switching pick (0->1) for 743 (DUFLEW_Fe1)
Switching pick (1->0) for 918 (EBOTOG01_Fe1)
Switching pick (1->0) for 1098 (PAFMUF10_Fe1)
N       O       
1.54685 1.71573   634 0.0458 1.04 (CEYSEE_Fe1) 234.890081825
1.77582 1.71573   609 0.0206 0.52 (NELGOA_Fe1) 241.989430752
0.02712 0.02685 
0.02156 0.01192 
Switching pick (0->1) for 979 (TOMHIN_Fe1)
Switching pick (0->1) for 1007 (XUCYIE_Fe1)
N       O       
1.55124 1.71269   632 0.0437 1.04 (CEYSEE_Fe1) 127.69975093
1.77575 1.71269   611 0.0205 0.52 (NELGOA_Fe1) 215.156327807
0.02630 0.02664 
0.02157 0.01203 
Switching pick (0->1) for 639 (QEFKOB_Fe2)
Switching pick (0->1) for 642 (QEFKOB_Fe4)
Switching pick (1->0) for 1066 (CESTOJ_Fe1)
Switching pick (0->1) for 1216 (EBUWII_Fe1)
N       O       
1.55998 1.70647   630 0.0424 1.04 (CEYSEE_Fe1) 94.6214061125
1.77513 1.70647   613 0.0199 0.53 (NELGOA_Fe1) 152.950725327
0.02580 0.02640 
0.02148 0.01255 
Switching pick (0->1) for 41 (RUNWAZ_Fe1)
Switching pick (0->1) for 640 (QEFKOB_Fe3)
Switching pick (0->1) for 641 (QEFKOB_Fe1)
Switching pick (0->1) for 720 (QOPBIH_Fe1)
Switching pick (0->1) for 755 (ZIFJON_Fe1)
Switching pick (0->1) for 771 (AXISOQ_Fe1)
Switching pick (0->1) for 837 (COVPUY_Fe1)
Switching pick (0->1) for 1077 (XORXAE_Fe2)
Switching pick (0->1) for 1213 (EBUWII_Fe4)
Switching pick (0->1) for 1217 (EBUWII_Fe3)
N       O       
1.55910 1.70575   620 0.0423 1.03 (CEYSEE_Fe1) 73.7287384949
1.77416 1.70575   623 0.0199 0.53 (NELGOA_Fe1) 151.763692578
0.02563 0.02587 
0.02166 0.01326 
Switching pick (0->1) for 205 (OHIRAZ_Fe1)
Switching pick (0->1) for 1153 (WOJVEX_Fe1)
N       O       
1.55794 1.70260   618 0.0414 0.99 (CEYSEE_Fe1) 56.9331033951
1.77198 1.70260   625 0.0201 0.54 (NELGOA_Fe1) 124.757249119
0.02534 0.02575 
0.02208 0.01367 
Switching pick (0->1) for 42 (EBUWOO_Fe1)
Switching pick (0->1) for 135 (TAKVIK_Fe1)
Switching pick (0->1) for 1076 (XORXAE_Fe1)
Switching pick (0->1) for 1215 (EBUWII_Fe6)
N       O       
1.55678 1.69926   614 0.0406 0.96 (CEYSEE_Fe1) 57.8147570538
1.77111 1.69926   629 0.0207 0.55 (NELGOA_Fe1) 111.011500604
0.02484 0.02566 
0.02262 0.01424 
Switching pick (0->1) for 299 (SETDEB_Fe1)
Switching pick (0->1) for 397 (TOBMAZ_Fe1)
Switching pick (0->1) for 1038 (KAXQEG_Fe2)
Switching pick (0->1) for 1039 (KAXQEG_Fe1)
Switching pick (0->1) for 1064 (PARFEV_Fe1)
Switching pick (0->1) for 1066 (CESTOJ_Fe1)
Switching pick (0->1) for 1212 (EBUWII_Fe5)
Switching pick (0->1) for 1214 (EBUWII_Fe7)
N       O       
1.55620 1.69676   606 0.0397 0.93 (CEYSEE_Fe1) 58.5698372529
1.77160 1.69676   637 0.0215 0.54 (NELGOA_Fe1) 95.1450107557
0.02423 0.02535 
0.02307 0.01492 
Switching pick (0->1) for 13 (TUQKAR_Fe1)
Switching pick (0->1) for 89 (PARFIZ_Fe1)
Switching pick (0->1) for 1143 (DUFLUM_Fe1)
N       O       
1.55546 1.69135   603 0.0391 0.88 (CEYSEE_Fe1) 78.7813607722
1.77278 1.69135   640 0.0221 0.54 (NELGOA_Fe1) 59.713851546
0.02399 0.02536 
0.02336 0.01586 
Switching pick (0->1) for 458 (EBUWII_Fe8)
Switching pick (1->0) for 1066 (CESTOJ_Fe1)
N       O       
1.55603 1.69330   603 0.0398 0.90 (CEYSEE_Fe1) 64.3504409531
1.77320 1.69330   640 0.0213 0.54 (NELGOA_Fe1) 69.5113900999
0.02432 0.02523 
0.02301 0.01555 
N       O       
1.55644 1.69318   603 0.0398 0.90 (CEYSEE_Fe1) 60.0557785346
1.77409 1.69318   640 0.0213 0.53 (NELGOA_Fe1) 65.1987605115
0.02429 0.02524 
0.02293 0.01549 
N       O       
1.55644 1.69277   603 0.0397 0.90 (CEYSEE_Fe1) 61.0870309881
1.77431 1.69277   640 0.0214 0.53 (NELGOA_Fe1) 62.0669714427
0.02427 0.02527 
0.02294 0.01553 
N       O       
1.55643 1.69269   603 0.0397 0.90 (CEYSEE_Fe1) 61.4148170925
1.77432 1.69269   640 0.0214 0.53 (NELGOA_Fe1) 61.4268712264
0.02427 0.02527 
0.02295 0.01554 
N       O       
1.55643 1.69269   603 0.0397 0.90 (CEYSEE_Fe1) 61.4210412241
1.77432 1.69269   640 0.0214 0.53 (NELGOA_Fe1) 61.4218166127
0.02427 0.02527 
0.02295 0.01554 
N       O       
1.55643 1.69269   603 0.0397 0.90 (CEYSEE_Fe1) 61.4215522723
1.77432 1.69269   640 0.0214 0.53 (NELGOA_Fe1) 61.4215805398
0.02427 0.02527 
0.02295 0.01554 
Optimization terminated successfully.
         Current function value: 37.641338
         Iterations: 18
         Function evaluations: 29
         Gradient evaluations: 29
Final element counts:
[('N', 493), ('O', 156)]
[('N', 640), ('O', 365)]
