Reading parameters from /home/kml/heping2/bvparm/bvparm2013.cif
WARNING: line does not have 5 columns, skipping...
Line is: ['----------+-------+-------+-------+------']
WARNING: line does not have 5 columns, skipping...
Line is: ['(10107 rows)']
WARNING: line does not have 5 columns, skipping...
Line is: []
Removed 0 sites with only one anion
Total number of sites: 1843
After processing: 1843
Homoleptic statistics
S 51 2.02995065237 0.0940311404568
Cl 46 2.02709867726 0.0543870648333
Br 12 2.17503357024 0.0484769003259
O 110 1.70460535034 0.0462465285721
N 723 1.64336398143 0.10745574914
N       O       F       S       Cl      Br      
***Intial callback***
N       O       F       S       Cl      Br      
1.76900 1.70000 1.65000 2.12500 2.06000 2.26000  1843 0.7098 6.89 (XEWNOD_Fe1) 14038.89202
0.12290 0.03979 0.04032 0.13174 0.02988 0.05188 
BVS deviation for XEWNOD_Fe1 is 6.89, more than 2.00, rejecting...
***Intial callback***
N       O       F       S       Cl      Br      
1.55872 1.69471 1.65003 2.10733 2.05757 2.25800  1842 0.2813 4.33 (DIBJED_Fe1) 2715.03201826
0.13678 0.06508 0.19673 0.11242 0.05336 0.07859 
BVS deviation for DIBJED_Fe1 is 4.33, more than 2.00, rejecting...
N       O       F       S       Cl      Br      
1.55579 1.75237 1.65094 2.03532 2.09342 2.25061  1841 0.2519 3.03 (CUCXUT_Fe1) 2349.06355621
0.12693 0.05563 0.19830 0.11228 0.05182 0.07716 
N       O       F       S       Cl      Br      
1.55749 1.73165 1.65205 2.01168 2.10592 2.24438  1841 0.2496 3.50 (CUCXUT_Fe1) 2382.74570173
0.12741 0.05678 0.19663 0.11901 0.05244 0.07683 
N       O       F       S       Cl      Br      
1.55793 1.73125 1.65462 2.00822 2.09917 2.23407  1841 0.2494 3.24 (CUCXUT_Fe1) 2396.10054041
0.12814 0.05677 0.19513 0.12018 0.05189 0.07679 
N       O       F       S       Cl      Br      
1.55774 1.73185 1.66045 2.01154 2.10271 2.21666  1841 0.2492 3.37 (CUCXUT_Fe1) 2388.3364407
0.12788 0.05674 0.19252 0.11921 0.05215 0.07776 
N       O       F       S       Cl      Br      
1.55826 1.73194 1.85286 2.01143 2.10269 2.21669  1841 0.2476 3.37 (CUCXUT_Fe1) 2364.51890357
0.12746 0.05666 0.10756 0.11915 0.05210 0.07763 
N       O       F       S       Cl      Br      
1.57085 1.73286 1.88952 2.00899 2.10149 2.21684  1841 0.2329 3.33 (CUCXUT_Fe1) 1957.26991237
0.12113 0.05472 0.09371 0.11773 0.05078 0.07470 
N       O       F       S       Cl      Br      
1.59941 1.73228 1.71721 2.00614 2.09861 2.21647  1841 0.2114 3.22 (CUCXUT_Fe1) 877.146170926
0.10886 0.05082 0.13864 0.11409 0.04779 0.06804 
N       O       F       S       Cl      Br      
1.62325 1.73138 2.01255 2.00684 2.09664 2.21657  1841 0.2076 3.15 (CUCXUT_Fe1) 277.363078666
0.10086 0.04783 0.12046 0.11064 0.04539 0.06240 
N       O       F       S       Cl      Br      
1.62264 1.73253 1.61215 2.00731 2.09705 2.21720  1841 0.2076 3.16 (CUCXUT_Fe1) 229.911579722
0.10098 0.04787 0.16752 0.11053 0.04550 0.06250 
N       O       F       S       Cl      Br      
1.62180 1.73256 1.62505 2.00736 2.09713 2.21721  1841 0.2075 3.16 (CUCXUT_Fe1) 186.669944186
0.10120 0.04797 0.16280 0.11063 0.04559 0.06270 
N       O       F       S       Cl      Br      
1.62073 1.73254 1.66882 2.00741 2.09722 2.21721  1841 0.2072 3.17 (CUCXUT_Fe1) 132.960602636
0.10148 0.04810 0.14507 0.11075 0.04569 0.06295 
N       O       F       S       Cl      Br      
1.61919 1.73251 1.77502 2.00750 2.09735 2.21721  1841 0.2067 3.17 (CUCXUT_Fe1) 58.6900275237
0.10186 0.04828 0.10202 0.11092 0.04584 0.06331 
N       O       F       S       Cl      Br      
1.61830 1.73251 1.86031 2.00755 2.09743 2.21722  1841 0.2065 3.18 (CUCXUT_Fe1) 18.1421090638
0.10210 0.04839 0.07929 0.11102 0.04593 0.06351 
N       O       F       S       Cl      Br      
1.61804 1.73251 1.87625 2.00755 2.09746 2.21723  1841 0.2065 3.18 (CUCXUT_Fe1) 5.99259972511
0.10218 0.04842 0.07815 0.11106 0.04596 0.06357 
N       O       F       S       Cl      Br      
1.61803 1.73251 1.87108 2.00755 2.09746 2.21723  1841 0.2065 3.18 (CUCXUT_Fe1) 4.90823633471
0.10218 0.04842 0.07842 0.11106 0.04596 0.06358 
N       O       F       S       Cl      Br      
1.61797 1.73251 1.87046 2.00755 2.09746 2.21723  1841 0.2065 3.18 (CUCXUT_Fe1) 2.06414459544
0.10220 0.04843 0.07848 0.11107 0.04597 0.06359 
N       O       F       S       Cl      Br      
1.61793 1.73251 1.87047 2.00755 2.09746 2.21723  1841 0.2065 3.18 (CUCXUT_Fe1) 0.0619585044016
0.10221 0.04843 0.07849 0.11107 0.04597 0.06360 
N       O       F       S       Cl      Br      
1.61793 1.73251 1.87052 2.00755 2.09746 2.21723  1841 0.2065 3.18 (CUCXUT_Fe1) 0.000930284934258
0.10221 0.04843 0.07849 0.11107 0.04597 0.06360 
Optimization terminated successfully.
         Current function value: 380.109182
         Iterations: 19
         Function evaluations: 29
         Gradient evaluations: 29
Final element counts:
[('N', 1574), ('O', 636), ('F', 5), ('S', 186), ('Cl', 382), ('Br', 52)]
