Reading parameters from /home/kml/heping2/bvparm/bvparm2013.cif
WARNING: line does not have 5 columns, skipping...
Line is: ['----------+-------+-------+-------+------']
WARNING: line does not have 5 columns, skipping...
Line is: ['(10107 rows)']
WARNING: line does not have 5 columns, skipping...
Line is: []
Removed 0 sites with only one anion
Total number of sites: 1843
After processing: 1843
Homoleptic statistics
S 51 2.02995065237 0.0940311404568
Cl 46 2.02709867726 0.0543870648333
Br 12 2.17503357024 0.0484769003259
O 110 1.70460535034 0.0462465285721
N 723 1.64336398143 0.10745574914
N       O       F       S       Cl      Br      
***Intial callback***
N       O       F       S       Cl      Br      
1.76900 1.70000 1.65000 2.12500 2.06000 2.26000  1843 0.7098 6.89 (XEWNOD_Fe1) 14038.89202
1.76900 1.70000 1.65000 2.12500 2.06000 2.26000     0 0.0000 0.00 (-) 0.0
0.12290 0.03979 0.04032 0.13174 0.02988 0.05188 
0.00000 0.00000 0.00000 0.00000 0.00000 0.00000 
BVS deviation for XEWNOD_Fe1 is 6.89, more than 2.00, rejecting...
***Intial callback***
N       O       F       S       Cl      Br      
1.55802 1.69735 1.65002 2.11613 2.05878 2.25900  1842 0.2843 4.75 (DIBJED_Fe1) 2727.07878897
1.76900 1.69735 1.65002 2.11613 2.05878 2.25900     0 0.0000 0.00 (-) 0.0
0.13651 0.06434 0.19722 0.11404 0.05326 0.07906 
0.00000 0.00000 0.00000 0.00000 0.00000 0.00000 
Switching pick (0->1) for 3 (HOSRUD_Fe1)
Switching pick (0->1) for 4 (TUNKAP_Fe1)
Switching pick (0->1) for 5 (SAXFIH_Fe1)
Switching pick (0->1) for 6 (XUJFUE_Fe1)
Switching pick (0->1) for 8 (NEHHEO_Fe1)
Switching pick (0->1) for 9 (XUCXUP_Fe1)
Switching pick (0->1) for 10 (HOBQIZ_Fe1)
Switching pick (0->1) for 12 (OBIGAH_Fe1)
Switching pick (0->1) for 15 (KEHRAR_Fe1)
Switching pick (0->1) for 16 (JUXYEG_Fe1)
Switching pick (0->1) for 17 (JUXYEG_Fe2)
Switching pick (0->1) for 20 (KAGLIO_Fe1)
Switching pick (0->1) for 23 (DUKXUC_Fe2)
Switching pick (0->1) for 24 (DUKXUC_Fe1)
Switching pick (0->1) for 25 (LUGXAN_Fe1)
Switching pick (0->1) for 27 (HAJGAB_Fe1)
Switching pick (0->1) for 28 (TIRVOG_Fe1)
Switching pick (0->1) for 29 (GAYBUF_Fe1)
Switching pick (0->1) for 30 (MEZBEY_Fe1)
Switching pick (0->1) for 32 (XEFWIP_Fe1)
Switching pick (0->1) for 33 (DECLAZ_Fe2)
Switching pick (0->1) for 34 (PUPGUC_Fe1)
Switching pick (0->1) for 35 (IXAQII_Fe1)
Switching pick (0->1) for 36 (KULREO_Fe1)
Switching pick (0->1) for 38 (HOBPIY_Fe1)
Switching pick (0->1) for 39 (DOWFAW_Fe1)
Switching pick (0->1) for 40 (NASWAH_Fe1)
Switching pick (0->1) for 41 (JAHTES_Fe1)
Switching pick (0->1) for 42 (NOKFOJ_Fe1)
Switching pick (0->1) for 43 (OVEPAH_Fe1)
Switching pick (0->1) for 45 (NUTCUB_Fe1)
Switching pick (0->1) for 47 (BEQKEO_Fe1)
Switching pick (0->1) for 49 (ZACNOG_Fe3)
Switching pick (0->1) for 50 (AGUGOY_Fe1)
Switching pick (0->1) for 52 (UPIFUV_Fe1)
Switching pick (0->1) for 53 (XUMWAE01_Fe1)
Switching pick (0->1) for 54 (WAPNEI_Fe1)
Switching pick (0->1) for 55 (JAVJAS_Fe1)
Switching pick (0->1) for 56 (ALAWAL_Fe1)
Switching pick (0->1) for 58 (QIBZUX_Fe1)
Switching pick (0->1) for 59 (EXOWOD_Fe1)
Switching pick (0->1) for 60 (RUNWAZ_Fe1)
Switching pick (0->1) for 61 (EBUWOO_Fe1)
Switching pick (0->1) for 62 (BOWNIL_Fe1)
Switching pick (0->1) for 63 (AJAXEP_Fe1)
Switching pick (0->1) for 64 (RAFJAK_Fe1)
Switching pick (0->1) for 65 (MASQAA_Fe1)
Switching pick (0->1) for 66 (IKEHIQ_Fe1)
Switching pick (0->1) for 67 (GEQTUS_Fe1)
Switching pick (0->1) for 68 (QACVOH_Fe1)
Switching pick (0->1) for 69 (PUXRIK_Fe1)
Switching pick (0->1) for 71 (XEFDER05_Fe1)
Switching pick (0->1) for 73 (WODKAB_Fe1)
Switching pick (0->1) for 74 (POLLAE_Fe1)
Switching pick (0->1) for 75 (JUXPUN_Fe1)
Switching pick (0->1) for 76 (TAZTAP_Fe1)
Switching pick (0->1) for 80 (LAQYIM01_Fe1)
Switching pick (0->1) for 86 (QEJXUY_Fe1)
Switching pick (0->1) for 88 (CPYFEM_Fe1)
Switching pick (0->1) for 89 (HMPBFE_Fe1)
Switching pick (0->1) for 90 (OFABED_Fe2)
Switching pick (0->1) for 91 (OFABED_Fe1)
Switching pick (0->1) for 92 (EDAYUE_Fe1)
Switching pick (0->1) for 94 (QOLDAX_Fe1)
Switching pick (0->1) for 95 (COTGAT_Fe1)
Switching pick (0->1) for 99 (METHUO_Fe1)
Switching pick (0->1) for 100 (KIXVUJ_Fe1)
Switching pick (0->1) for 103 (OHAKOX_Fe1)
Switching pick (0->1) for 105 (IXAQOO_Fe1)
Switching pick (0->1) for 106 (IXAQOO_Fe2)
Switching pick (0->1) for 107 (NESXOY_Fe1)
Switching pick (0->1) for 108 (WEZVIH_Fe1)
Switching pick (0->1) for 109 (XUKPEZ01_Fe1)
Switching pick (0->1) for 110 (AFANIF03_Fe1)
Switching pick (0->1) for 112 (NOWBIK04_Fe1)
Switching pick (0->1) for 113 (JUDPED_Fe2)
Switching pick (0->1) for 114 (JUDPED_Fe1)
Switching pick (0->1) for 115 (VIBSUV_Fe1)
Switching pick (0->1) for 117 (CAQVEX_Fe1)
Switching pick (0->1) for 118 (JIRWUC_Fe2)
Switching pick (0->1) for 119 (DOZROA_Fe1)
Switching pick (0->1) for 120 (QOSNIW02_Fe1)
Switching pick (0->1) for 124 (REPWIT_Fe1)
Switching pick (0->1) for 125 (MALJIT_Fe1)
Switching pick (0->1) for 127 (WUPKOH_Fe1)
Switching pick (0->1) for 128 (TIGKEZ_Fe1)
Switching pick (0->1) for 129 (PARFIZ_Fe1)
Switching pick (0->1) for 130 (QOSNIW_Fe1)
Switching pick (0->1) for 132 (VOZHIB_Fe1)
Switching pick (0->1) for 135 (QOSFOU_Fe1)
Switching pick (0->1) for 136 (QOSFOU_Fe2)
Switching pick (0->1) for 139 (DOFFUA_Fe1)
Switching pick (0->1) for 141 (YICTEK_Fe1)
Switching pick (0->1) for 143 (YICTEK_Fe2)
Switching pick (0->1) for 146 (WORPIC01_Fe1)
Switching pick (0->1) for 147 (SIXMES_Fe1)
Switching pick (0->1) for 148 (UCIVEH_Fe1)
Switching pick (0->1) for 149 (WUPPED_Fe1)
Switching pick (0->1) for 150 (VIFPIK_Fe1)
Switching pick (0->1) for 152 (NEFTEX01_Fe1)
Switching pick (0->1) for 153 (HERJIX_Fe1)
Switching pick (0->1) for 154 (HERJIX_Fe2)
Switching pick (0->1) for 155 (GUCXOR_Fe1)
Switching pick (0->1) for 156 (EKAHED_Fe1)
Switching pick (0->1) for 159 (LUYMEX_Fe1)
Switching pick (0->1) for 163 (POLLIM_Fe1)
Switching pick (0->1) for 165 (WUPKEX_Fe2)
Switching pick (0->1) for 166 (WUPKEX_Fe1)
Switching pick (0->1) for 167 (VAQQEJ_Fe1)
Switching pick (0->1) for 169 (CEPZOM_Fe1)
Switching pick (0->1) for 171 (YACNEW02_Fe2)
Switching pick (0->1) for 175 (DOMNEZ_Fe1)
Switching pick (0->1) for 176 (JIZTIW_Fe1)
Switching pick (0->1) for 179 (RULNUI_Fe1)
Switching pick (0->1) for 180 (XOVMOL_Fe1)
Switching pick (0->1) for 183 (JIWBOH_Fe1)
Switching pick (0->1) for 184 (AMAHUS_Fe1)
Switching pick (0->1) for 186 (NAMGUF_Fe1)
Switching pick (0->1) for 189 (POTTAT_Fe1)
Switching pick (0->1) for 200 (MOGTUX_Fe1)
Switching pick (0->1) for 203 (ALAVEO_Fe1)
Switching pick (0->1) for 204 (AVIYUZ_Fe1)
Switching pick (0->1) for 205 (EBOVAU_Fe1)
Switching pick (0->1) for 206 (NEFVID01_Fe1)
Switching pick (0->1) for 207 (FUDMEW_Fe1)
Switching pick (0->1) for 208 (TAKVIK_Fe1)
Switching pick (0->1) for 210 (NEBBUS_Fe1)
Switching pick (0->1) for 216 (TIQSOC_Fe1)
Switching pick (0->1) for 217 (TIQSOC_Fe2)
Switching pick (0->1) for 218 (VAPWAM_Fe1)
Switching pick (0->1) for 220 (YELWOC01_Fe1)
Switching pick (0->1) for 222 (VIFPUW_Fe1)
Switching pick (0->1) for 225 (HUFCUG_Fe1)
Switching pick (0->1) for 226 (HIYTOZ_Fe9)
Switching pick (0->1) for 227 (HIYTOZ_Fe8)
Switching pick (0->1) for 228 (HIYTOZ_Fe3)
Switching pick (0->1) for 229 (HIYTOZ_Fe2)
Switching pick (0->1) for 231 (HIYTOZ_Fe7)
Switching pick (0->1) for 232 (HIYTOZ_Fe6)
Switching pick (0->1) for 233 (HIYTOZ_Fe5)
Switching pick (0->1) for 234 (HIYTOZ_Fe4)
Switching pick (0->1) for 236 (XELQIO_Fe1)
Switching pick (0->1) for 237 (VOVDIT_Fe1)
Switching pick (0->1) for 242 (AKEQEM_Fe1)
Switching pick (0->1) for 244 (CEGDEX_Fe1)
Switching pick (0->1) for 245 (LAFMAI_Fe1)
Switching pick (0->1) for 246 (SIZVON_Fe1)
Switching pick (0->1) for 249 (DUKYAJ_Fe1)
Switching pick (0->1) for 250 (WEWQOF_Fe1)
Switching pick (0->1) for 251 (WEWQOF_Fe2)
Switching pick (0->1) for 255 (UJUPIZ_Fe1)
Switching pick (0->1) for 256 (UJUPIZ_Fe2)
Switching pick (0->1) for 257 (AREHAG_Fe1)
Switching pick (0->1) for 258 (ASIYIK_Fe1)
Switching pick (0->1) for 259 (ASIYIK_Fe2)
Switching pick (0->1) for 260 (PUXRUW_Fe1)
Switching pick (0->1) for 261 (SIPFED_Fe2)
Switching pick (0->1) for 263 (XEBDIR_Fe1)
Switching pick (0->1) for 264 (XEBDIR_Fe2)
Switching pick (0->1) for 265 (GIGGIN_Fe1)
Switching pick (0->1) for 266 (BEPZIF_Fe1)
Switching pick (0->1) for 267 (TAPIFE_Fe1)
Switching pick (0->1) for 270 (REWPOY01_Fe2)
Switching pick (0->1) for 271 (REWPOY01_Fe1)
Switching pick (0->1) for 275 (QOSGOV_Fe1)
Switching pick (0->1) for 277 (SASMAC_Fe1)
Switching pick (0->1) for 280 (QEKXUA_Fe1)
Switching pick (0->1) for 282 (ARIXEF_Fe1)
Switching pick (0->1) for 284 (DEJCUR_Fe1)
Switching pick (0->1) for 285 (POGMED_Fe1)
Switching pick (0->1) for 286 (NAMHIU_Fe1)
Switching pick (0->1) for 287 (LUGYAO_Fe1)
Switching pick (0->1) for 288 (YORRUT_Fe1)
Switching pick (0->1) for 291 (WIDHAT_Fe1)
Switching pick (0->1) for 294 (EWIVEM_Fe1)
Switching pick (0->1) for 296 (OFABIH_Fe2)
Switching pick (0->1) for 297 (OFABIH_Fe1)
Switching pick (0->1) for 300 (YABGAK_Fe1)
Switching pick (0->1) for 301 (BUYKUB_Fe1)
Switching pick (0->1) for 302 (HIDGEH_Fe1)
Switching pick (0->1) for 305 (OHIRAZ_Fe1)
Switching pick (0->1) for 308 (NEMSIH_Fe3)
Switching pick (0->1) for 310 (JEWTOV_Fe2)
Switching pick (0->1) for 311 (JEWTOV_Fe1)
Switching pick (0->1) for 312 (RAFJEO_Fe1)
Switching pick (0->1) for 313 (IFEDAZ_Fe1)
Switching pick (0->1) for 315 (HEYPAC_Fe1)
Switching pick (0->1) for 317 (LIWKOR01_Fe1)
Switching pick (0->1) for 318 (JUVHIR02_Fe2)
Switching pick (0->1) for 319 (JUVHIR02_Fe1)
Switching pick (0->1) for 322 (MIQBOE_Fe1)
Switching pick (0->1) for 324 (AXAKIT01_Fe1)
Switching pick (0->1) for 326 (WUPPAZ_Fe2)
Switching pick (0->1) for 327 (WUPPAZ_Fe1)
Switching pick (0->1) for 328 (UCIVIL_Fe1)
Switching pick (0->1) for 329 (BOJMAP01_Fe1)
Switching pick (0->1) for 330 (CAMREP_Fe1)
Switching pick (0->1) for 331 (CAMREP_Fe2)
Switching pick (0->1) for 332 (NAXSOV_Fe1)
Switching pick (0->1) for 333 (JIYQUE_Fe1)
Switching pick (0->1) for 334 (NAZRUC_Fe1)
Switching pick (0->1) for 335 (VAVMUB_Fe1)
Switching pick (0->1) for 338 (HENGOX_Fe1)
Switching pick (0->1) for 340 (VIMBUP_Fe1)
Switching pick (0->1) for 341 (DEDNOQ_Fe1)
Switching pick (0->1) for 344 (GAKKOS04_Fe1)
Switching pick (0->1) for 345 (FURTUI_Fe1)
Switching pick (0->1) for 347 (DORPIJ01_Fe1)
Switching pick (0->1) for 349 (OFAPUH_Fe1)
Switching pick (0->1) for 350 (LEGFAE_Fe1)
Switching pick (0->1) for 353 (VUNMIA01_Fe1)
Switching pick (0->1) for 354 (ETOGEA_Fe1)
Switching pick (0->1) for 355 (ISEXOT_Fe1)
Switching pick (0->1) for 356 (MAPPID_Fe1)
Switching pick (0->1) for 357 (UBOWIR_Fe1)
Switching pick (0->1) for 358 (OGIJEU_Fe1)
Switching pick (0->1) for 359 (LUYYAG_Fe1)
Switching pick (0->1) for 360 (LUYYAG_Fe2)
Switching pick (0->1) for 361 (MAZWIT_Fe1)
Switching pick (0->1) for 362 (PIXYIF_Fe1)
Switching pick (0->1) for 363 (YOSYOV_Fe1)
Switching pick (0->1) for 366 (VUXKAB_Fe1)
Switching pick (0->1) for 367 (ELEWUO_Fe1)
Switching pick (0->1) for 368 (ELEWUO_Fe2)
Switching pick (0->1) for 372 (GIYDUO_Fe1)
Switching pick (0->1) for 373 (CPRNFE_Fe1)
Switching pick (0->1) for 374 (INUWUK_Fe1)
Switching pick (0->1) for 375 (LEHCIM01_Fe1)
Switching pick (0->1) for 377 (ABITEM_Fe1)
Switching pick (0->1) for 380 (KINRUU_Fe1)
Switching pick (0->1) for 381 (PUQLIX_Fe1)
Switching pick (0->1) for 382 (HAHWUK_Fe1)
Switching pick (0->1) for 383 (TEQPUA_Fe1)
Switching pick (0->1) for 388 (XIFYOA_Fe1)
Switching pick (0->1) for 389 (KUJBEX_Fe1)
Switching pick (0->1) for 391 (VUPJOF_Fe1)
Switching pick (0->1) for 393 (TISWIC_Fe1)
Switching pick (0->1) for 394 (TAWFED_Fe1)
Switching pick (0->1) for 397 (MOFMAV_Fe1)
Switching pick (0->1) for 398 (XOPJOB_Fe1)
Switching pick (0->1) for 400 (QERDIB_Fe1)
Switching pick (0->1) for 401 (PUQJAM_Fe1)
Switching pick (0->1) for 404 (WENDOI03_Fe1)
Switching pick (0->1) for 405 (FONGEV_Fe1)
Switching pick (0->1) for 406 (LESRUX_Fe1)
Switching pick (0->1) for 407 (QEKXIO_Fe1)
Switching pick (0->1) for 408 (FOGYEF_Fe1)
Switching pick (0->1) for 410 (HIKNOF_Fe2)
Switching pick (0->1) for 411 (HIKNOF_Fe1)
Switching pick (0->1) for 412 (UHEFAO_Fe1)
Switching pick (0->1) for 414 (IBIZOI_Fe2)
Switching pick (0->1) for 418 (RAGFUA_Fe1)
Switching pick (0->1) for 419 (SEFYAE_Fe1)
Switching pick (0->1) for 421 (YUBDAB_Fe1)
Switching pick (0->1) for 424 (UCUSIW_Fe1)
Switching pick (0->1) for 425 (NIJMAU_Fe1)
Switching pick (0->1) for 427 (WEZVON_Fe1)
Switching pick (0->1) for 430 (GOCZIH_Fe1)
Switching pick (0->1) for 432 (JAXLID_Fe1)
Switching pick (0->1) for 433 (IXAQUU_Fe1)
Switching pick (0->1) for 434 (URIVIB_Fe1)
Switching pick (0->1) for 435 (IXAQUU_Fe2)
Switching pick (0->1) for 439 (OLOMOR_Fe1)
Switching pick (0->1) for 440 (ASIYEG_Fe1)
Switching pick (0->1) for 441 (ASIYEG_Fe2)
Switching pick (0->1) for 442 (HAKDOO_Fe1)
Switching pick (0->1) for 443 (HOBPOE_Fe1)
Switching pick (0->1) for 444 (ZIMLUC_Fe1)
Switching pick (0->1) for 445 (VAPVIT_Fe1)
Switching pick (0->1) for 446 (SANWAG_Fe1)
Switching pick (0->1) for 448 (SETDEB_Fe1)
Switching pick (0->1) for 449 (RAVYIX_Fe1)
Switching pick (0->1) for 450 (COMQUR_Fe1)
Switching pick (0->1) for 451 (OYOCIP_Fe1)
Switching pick (0->1) for 452 (MASNUR_Fe1)
Switching pick (0->1) for 453 (FESVEF_Fe1)
Switching pick (0->1) for 454 (QEGVON_Fe1)
Switching pick (0->1) for 459 (TARJON_Fe1)
Switching pick (0->1) for 461 (QAHVIE01_Fe1)
Switching pick (0->1) for 466 (EKAHON_Fe1)
Switching pick (0->1) for 467 (RUDSIS_Fe1)
Switching pick (0->1) for 468 (HOBQUL_Fe1)
Switching pick (0->1) for 469 (WEWCUW_Fe1)
Switching pick (0->1) for 471 (INUWUK_Fe2)
Switching pick (0->1) for 472 (NAFZAX_Fe1)
Switching pick (0->1) for 474 (NIKFAO_Fe1)
Switching pick (0->1) for 478 (IXAROP_Fe1)
Switching pick (0->1) for 483 (MOFREE_Fe1)
Switching pick (0->1) for 484 (VAHGES_Fe1)
Switching pick (0->1) for 485 (EWIVIQ_Fe1)
Switching pick (0->1) for 489 (QIDLUL01_Fe1)
Switching pick (0->1) for 490 (AHOBOP_Fe1)
Switching pick (0->1) for 495 (AROBIS_Fe1)
Switching pick (0->1) for 496 (NELGIU_Fe1)
Switching pick (0->1) for 497 (VICSAC_Fe1)
Switching pick (0->1) for 498 (NASJIB_Fe2)
Switching pick (0->1) for 499 (NASJIB_Fe1)
Switching pick (0->1) for 501 (FDAPSC10_Fe1)
Switching pick (0->1) for 504 (QANMOH_Fe1)
Switching pick (0->1) for 505 (HAJHIK_Fe1)
Switching pick (0->1) for 507 (CUKMOL_Fe1)
Switching pick (0->1) for 508 (ACISOU_Fe2)
Switching pick (0->1) for 511 (ACISOU_Fe1)
Switching pick (0->1) for 512 (KAXXAJ_Fe1)
Switching pick (0->1) for 513 (JOHVEH_Fe1)
Switching pick (0->1) for 514 (KOCZAE_Fe1)
Switching pick (0->1) for 515 (OMAJOB_Fe1)
Switching pick (0->1) for 516 (FIWXEP_Fe1)
Switching pick (0->1) for 518 (ZOKBOQ_Fe1)
Switching pick (0->1) for 519 (INIXUY_Fe1)
Switching pick (0->1) for 521 (GAHBUO_Fe1)
Switching pick (0->1) for 522 (WUWFIE_Fe1)
Switching pick (0->1) for 523 (PUXRAC_Fe1)
Switching pick (0->1) for 524 (MOFRAA_Fe1)
Switching pick (0->1) for 526 (PAKLAP_Fe1)
Switching pick (0->1) for 528 (WODJUU_Fe1)
Switching pick (0->1) for 530 (GOPREI_Fe3)
Switching pick (0->1) for 532 (NAWTIO_Fe2)
Switching pick (0->1) for 533 (NIJLIB_Fe1)
Switching pick (0->1) for 534 (NANYOQ_Fe1)
Switching pick (0->1) for 535 (OSADOC_Fe1)
Switching pick (0->1) for 536 (LOPTEQ_Fe1)
Switching pick (0->1) for 537 (UNADIW_Fe1)
Switching pick (0->1) for 538 (UNADIW_Fe2)
Switching pick (0->1) for 542 (ECEWAL_Fe1)
Switching pick (0->1) for 543 (TENPAD_Fe1)
Switching pick (0->1) for 544 (LIZFIK01_Fe4)
Switching pick (0->1) for 546 (PUXREG_Fe1)
Switching pick (0->1) for 553 (JARMAQ_Fe1)
Switching pick (0->1) for 554 (JARMAQ_Fe2)
Switching pick (0->1) for 555 (YOJFOT_Fe1)
Switching pick (0->1) for 558 (MONYUJ_Fe1)
Switching pick (0->1) for 559 (OCUJOL_Fe1)
Switching pick (0->1) for 560 (ETONIL_Fe1)
Switching pick (0->1) for 562 (KOCYUX_Fe2)
Switching pick (0->1) for 563 (KOCYUX_Fe1)
Switching pick (0->1) for 564 (GIMDEL_Fe1)
Switching pick (0->1) for 565 (IVURIA_Fe1)
Switching pick (0->1) for 566 (TIQRUH_Fe1)
Switching pick (0->1) for 567 (TIQRUH_Fe2)
Switching pick (0->1) for 569 (IMUVIW_Fe1)
Switching pick (0->1) for 570 (OFACII_Fe2)
Switching pick (0->1) for 571 (OFACII_Fe1)
Switching pick (0->1) for 573 (QEJYAF_Fe1)
Switching pick (0->1) for 574 (EDAYOY_Fe1)
Switching pick (0->1) for 575 (NAMJES_Fe1)
Switching pick (0->1) for 578 (XEFWEL_Fe1)
Switching pick (0->1) for 581 (TOBMAZ_Fe1)
Switching pick (0->1) for 586 (UHEGOD_Fe1)
Switching pick (0->1) for 587 (HIYTOZ_Fe18)
Switching pick (0->1) for 588 (EDISOA_Fe1)
Switching pick (0->1) for 589 (NOGVAH_Fe2)
Switching pick (0->1) for 590 (NOGVAH_Fe1)
Switching pick (0->1) for 593 (MENTEF_Fe1)
Switching pick (0->1) for 594 (QUKTEW_Fe1)
Switching pick (0->1) for 595 (QUKTEW_Fe3)
Switching pick (0->1) for 596 (QUKTEW_Fe2)
Switching pick (0->1) for 597 (NIKFUI_Fe1)
Switching pick (0->1) for 599 (REWSOB_Fe1)
Switching pick (0->1) for 600 (YICSIN_Fe1)
Switching pick (0->1) for 601 (MCPRDE_Fe1)
Switching pick (0->1) for 604 (COBHIL_Fe1)
Switching pick (0->1) for 609 (OBUJAW_Fe1)
Switching pick (0->1) for 610 (REWPOY_Fe1)
Switching pick (0->1) for 611 (GUWVUP_Fe1)
Switching pick (0->1) for 613 (KULREO_Fe2)
Switching pick (0->1) for 621 (GOBBUV01_Fe2)
Switching pick (0->1) for 622 (GOBBUV01_Fe1)
Switching pick (0->1) for 623 (QEQFOI_Fe1)
Switching pick (0->1) for 624 (EDAYUE_Fe2)
Switching pick (0->1) for 626 (QILJEA_Fe1)
Switching pick (0->1) for 627 (LAVYAJ_Fe1)
Switching pick (0->1) for 628 (LAVYAJ_Fe2)
Switching pick (0->1) for 634 (KAHJUZ_Fe1)
Switching pick (0->1) for 635 (WIDGUM_Fe1)
Switching pick (0->1) for 636 (ETOHOL_Fe1)
Switching pick (0->1) for 637 (ODUBIY_Fe4)
Switching pick (0->1) for 638 (ODUBIY_Fe1)
Switching pick (0->1) for 639 (ODUBIY_Fe2)
Switching pick (0->1) for 640 (ODUBIY_Fe3)
Switching pick (0->1) for 641 (AVIMUN_Fe1)
Switching pick (0->1) for 642 (OPAQIG_Fe1)
Switching pick (0->1) for 643 (AMEKAF_Fe1)
Switching pick (0->1) for 644 (AMEKAF_Fe2)
Switching pick (0->1) for 650 (GEFLAF_Fe1)
Switching pick (0->1) for 651 (GEFLAF_Fe2)
Switching pick (0->1) for 657 (ETOHUR_Fe1)
Switching pick (0->1) for 660 (QAXLAD_Fe2)
Switching pick (0->1) for 662 (NAMHOA_Fe1)
Switching pick (0->1) for 663 (JIVYOD_Fe1)
Switching pick (0->1) for 664 (ITUXOL_Fe2)
Switching pick (0->1) for 665 (ITUXOL_Fe1)
Switching pick (0->1) for 670 (VIHCUL_Fe1)
Switching pick (0->1) for 672 (MCENDI_Fe1)
Switching pick (0->1) for 673 (ERADIL_Fe1)
Switching pick (0->1) for 676 (ERANIV_Fe1)
Switching pick (0->1) for 677 (EZAGIW_Fe1)
Switching pick (0->1) for 678 (XAGBIQ_Fe1)
Switching pick (0->1) for 681 (BUTHOO_Fe1)
Switching pick (0->1) for 685 (LUGWIU_Fe1)
Switching pick (0->1) for 687 (QARXIS_Fe1)
Switching pick (0->1) for 691 (FEQMAQ_Fe1)
Switching pick (0->1) for 694 (YUZKOT10_Fe1)
Switching pick (0->1) for 695 (YUZKOT10_Fe2)
Switching pick (0->1) for 696 (DOZRUG_Fe1)
Switching pick (0->1) for 698 (DOZRUG_Fe2)
Switching pick (0->1) for 699 (VEDXIM_Fe1)
Switching pick (0->1) for 700 (DAEAFE_Fe1)
Switching pick (0->1) for 703 (DONFOC_Fe1)
Switching pick (0->1) for 704 (AHESAI_Fe2)
Switching pick (0->1) for 705 (AHESAI_Fe1)
Switching pick (0->1) for 706 (JUPRAN_Fe2)
Switching pick (0->1) for 707 (JUPRAN_Fe1)
Switching pick (0->1) for 708 (TUNKET_Fe1)
Switching pick (0->1) for 709 (GEJQES_Fe1)
Switching pick (0->1) for 711 (FUGNOL_Fe1)
Switching pick (0->1) for 713 (DECLON_Fe1)
Switching pick (0->1) for 716 (YOGBAX_Fe1)
Switching pick (0->1) for 719 (BETRIC_Fe1)
Switching pick (0->1) for 721 (BEDLIG_Fe1)
Switching pick (0->1) for 722 (KUGXUG_Fe1)
Switching pick (0->1) for 725 (SOJKUY_Fe1)
Switching pick (0->1) for 730 (DONBAK_Fe1)
Switching pick (0->1) for 731 (EBUWII_Fe2)
Switching pick (0->1) for 733 (LUWSUS02_Fe2)
Switching pick (0->1) for 735 (RUDSOY_Fe1)
Switching pick (0->1) for 736 (LUTVIF_Fe1)
Switching pick (0->1) for 738 (QUVNOL_Fe1)
Switching pick (0->1) for 739 (PYESAF10_Fe1)
Switching pick (0->1) for 741 (GIBBIC_Fe1)
Switching pick (0->1) for 742 (BOYDOI_Fe1)
Switching pick (0->1) for 745 (UFOKAC_Fe1)
Switching pick (0->1) for 746 (WONGEL_Fe1)
Switching pick (0->1) for 747 (LUGXUH_Fe1)
Switching pick (0->1) for 749 (OSUBUA_Fe1)
Switching pick (0->1) for 752 (SOTLET_Fe1)
Switching pick (0->1) for 753 (ULAHIY_Fe1)
Switching pick (0->1) for 756 (RUKLOY_Fe1)
Switching pick (0->1) for 758 (GOSXUH_Fe1)
Switching pick (0->1) for 763 (KUSZAZ_Fe1)
Switching pick (0->1) for 764 (ALAXEQ_Fe1)
Switching pick (0->1) for 765 (WAWPOZ_Fe1)
Switching pick (0->1) for 769 (HURSIX_Fe1)
Switching pick (0->1) for 771 (MAXCAR_Fe1)
Switching pick (0->1) for 774 (QOSVOJ_Fe1)
Switching pick (0->1) for 776 (PASDOD01_Fe1)
Switching pick (0->1) for 784 (TEGJUK01_Fe1)
Switching pick (0->1) for 785 (ODOZUC_Fe3)
Switching pick (0->1) for 786 (ODOZUC_Fe4)
Switching pick (0->1) for 788 (JAWFAO_Fe1)
Switching pick (0->1) for 789 (ABITUC01_Fe1)
Switching pick (0->1) for 792 (ELUPAC_Fe1)
Switching pick (0->1) for 793 (XEFWAH_Fe1)
Switching pick (0->1) for 795 (FURVIY_Fe1)
Switching pick (0->1) for 799 (DEXFOB_Fe1)
Switching pick (0->1) for 800 (JIMXIN_Fe1)
Switching pick (0->1) for 801 (BIJJUA_Fe1)
Switching pick (0->1) for 803 (QAHVIE_Fe1)
Switching pick (0->1) for 804 (ZURDAR_Fe2)
Switching pick (0->1) for 805 (ZURDAR_Fe1)
Switching pick (0->1) for 813 (ARIGOX_Fe1)
Switching pick (0->1) for 818 (FIJTIC_Fe1)
Switching pick (0->1) for 819 (DUKYEN_Fe1)
Switching pick (0->1) for 820 (IXUJAN_Fe2)
Switching pick (0->1) for 821 (WURKIE_Fe1)
Switching pick (0->1) for 823 (LUXFEP_Fe1)
Switching pick (0->1) for 824 (FAHXOB_Fe1)
Switching pick (0->1) for 825 (WIFZUG_Fe1)
Switching pick (0->1) for 826 (NOGVUB_Fe1)
Switching pick (0->1) for 827 (KUGXAM_Fe1)
Switching pick (0->1) for 829 (GITFOE_Fe1)
Switching pick (0->1) for 830 (POWSID_Fe1)
Switching pick (0->1) for 834 (ULODIJ_Fe1)
Switching pick (0->1) for 838 (FADVUC_Fe1)
Switching pick (0->1) for 839 (BEQJUD_Fe2)
Switching pick (0->1) for 840 (BEQJUD_Fe1)
Switching pick (0->1) for 842 (KANBAC_Fe1)
Switching pick (0->1) for 843 (MONZIY_Fe1)
Switching pick (0->1) for 844 (FOTNEI_Fe1)
Switching pick (0->1) for 848 (POKNAF_Fe1)
Switching pick (0->1) for 852 (SUMKUH_Fe1)
Switching pick (0->1) for 854 (UNECOG_Fe1)
Switching pick (0->1) for 857 (BIXDUI_Fe1)
Switching pick (0->1) for 858 (CIWVEK_Fe1)
Switching pick (0->1) for 861 (COTQOS_Fe1)
Switching pick (0->1) for 862 (RESWES_Fe1)
Switching pick (0->1) for 863 (NAPYFE10_Fe1)
Switching pick (0->1) for 868 (PADQES_Fe1)
Switching pick (0->1) for 871 (WODJOO_Fe1)
Switching pick (0->1) for 872 (BARFEH_Fe1)
Switching pick (0->1) for 873 (QEYBIG_Fe1)
Switching pick (0->1) for 874 (QEYBIG_Fe2)
Switching pick (0->1) for 875 (RAFJIS_Fe1)
Switching pick (0->1) for 876 (QAMBEM_Fe3)
Switching pick (0->1) for 877 (QAMBEM_Fe2)
Switching pick (0->1) for 878 (QAMBEM_Fe1)
Switching pick (0->1) for 880 (PIVCED_Fe1)
Switching pick (0->1) for 881 (OHAKEN_Fe1)
Switching pick (0->1) for 885 (QELZOX_Fe1)
Switching pick (0->1) for 887 (AFANEB02_Fe1)
Switching pick (0->1) for 888 (RAFJOY_Fe1)
Switching pick (0->1) for 889 (OJENAS_Fe1)
Switching pick (0->1) for 890 (FOCTAT_Fe1)
Switching pick (0->1) for 891 (SELSEI_Fe1)
Switching pick (0->1) for 892 (VUXPAG_Fe1)
Switching pick (0->1) for 894 (INUTUH_Fe1)
Switching pick (0->1) for 895 (YEPDUS_Fe1)
Switching pick (0->1) for 897 (LUZXAG_Fe2)
Switching pick (0->1) for 900 (OFONON_Fe2)
Switching pick (0->1) for 901 (OYOCUB_Fe1)
Switching pick (0->1) for 902 (ETOHEB_Fe2)
Switching pick (0->1) for 903 (LEKXEE_Fe1)
Switching pick (0->1) for 904 (EXOWET_Fe1)
Switching pick (0->1) for 906 (EDAQIK01_Fe1)
Switching pick (0->1) for 907 (ULODUV_Fe1)
Switching pick (0->1) for 908 (ISULAJ_Fe1)
Switching pick (0->1) for 909 (QUSDIR_Fe1)
Switching pick (0->1) for 913 (MACJAD_Fe1)
Switching pick (0->1) for 914 (BEDLAY_Fe1)
Switching pick (0->1) for 916 (MUSQOH_Fe1)
Switching pick (0->1) for 917 (DAJRAH_Fe1)
Switching pick (0->1) for 919 (AMAHOM_Fe1)
Switching pick (0->1) for 922 (NASHUL_Fe1)
Switching pick (0->1) for 923 (WEYWEC_Fe1)
Switching pick (0->1) for 925 (WAJHAS_Fe1)
Switching pick (0->1) for 926 (EBUVUT_Fe1)
Switching pick (0->1) for 928 (XAYVOJ_Fe1)
Switching pick (0->1) for 929 (XAYVOJ_Fe2)
Switching pick (0->1) for 932 (HOBQOF_Fe1)
Switching pick (0->1) for 934 (WIYFEQ_Fe2)
Switching pick (0->1) for 936 (SEKMEA_Fe1)
Switching pick (0->1) for 937 (TPYFEC_Fe1)
Switching pick (0->1) for 940 (HIDGAD_Fe2)
Switching pick (0->1) for 941 (HIDGAD_Fe1)
Switching pick (0->1) for 942 (YUKPID_Fe1)
Switching pick (0->1) for 943 (ADIFUO_Fe2)
Switching pick (0->1) for 944 (ULOFEH_Fe1)
Switching pick (0->1) for 946 (HIPLAU_Fe1)
Switching pick (0->1) for 947 (QEFKOB_Fe2)
Switching pick (0->1) for 948 (QEFKOB_Fe3)
Switching pick (0->1) for 949 (QEFKOB_Fe1)
Switching pick (0->1) for 950 (QEFKOB_Fe4)
Switching pick (0->1) for 952 (PUPHEN_Fe2)
Switching pick (0->1) for 953 (PUPHEN_Fe1)
Switching pick (0->1) for 954 (INUXIZ_Fe1)
Switching pick (0->1) for 955 (XOBBIZ_Fe1)
Switching pick (0->1) for 958 (QAHVIE10_Fe2)
Switching pick (0->1) for 960 (VIRWEZ_Fe1)
Switching pick (0->1) for 961 (SOTPEX_Fe1)
Switching pick (0->1) for 962 (SIZVAZ_Fe1)
Switching pick (0->1) for 965 (PIRRAJ_Fe1)
Switching pick (0->1) for 967 (NAZREM_Fe2)
Switching pick (0->1) for 969 (GEQTOM_Fe1)
Switching pick (0->1) for 971 (AHOBIJ_Fe1)
Switching pick (0->1) for 972 (PEKQAX01_Fe1)
Switching pick (0->1) for 973 (WEQYEW_Fe1)
Switching pick (0->1) for 974 (WEQYEW_Fe2)
Switching pick (0->1) for 975 (WEQYEW_Fe3)
Switching pick (0->1) for 978 (WAMNEE_Fe1)
Switching pick (0->1) for 981 (YELWUI01_Fe1)
Switching pick (0->1) for 982 (TAXNEM_Fe2)
Switching pick (0->1) for 983 (TAXNEM_Fe1)
Switching pick (0->1) for 986 (LINREG_Fe1)
Switching pick (0->1) for 987 (MOBKOE_Fe1)
Switching pick (0->1) for 990 (HOBQAR_Fe1)
Switching pick (0->1) for 992 (AJEPIP_Fe1)
Switching pick (0->1) for 995 (LUWSUS05_Fe2)
Switching pick (0->1) for 1000 (GUFQAA_Fe1)
Switching pick (0->1) for 1002 (TAMCUH_Fe1)
Switching pick (0->1) for 1003 (TAMCUH_Fe2)
Switching pick (0->1) for 1005 (YOYNIK_Fe2)
Switching pick (0->1) for 1006 (YOYNIK_Fe1)
Switching pick (0->1) for 1012 (FIBJOQ_Fe1)
Switching pick (0->1) for 1013 (AFEMII_Fe1)
Switching pick (0->1) for 1014 (JAQQOH_Fe1)
Switching pick (0->1) for 1020 (AGUGEO_Fe1)
Switching pick (0->1) for 1021 (CUQSEN_Fe1)
Switching pick (0->1) for 1022 (FIZXUI_Fe1)
Switching pick (0->1) for 1024 (GOVSIT_Fe2)
Switching pick (0->1) for 1025 (GOVSIT_Fe1)
Switching pick (0->1) for 1028 (VOZDUJ_Fe2)
Switching pick (0->1) for 1031 (OXAKII_Fe1)
Switching pick (0->1) for 1032 (JIVYIX_Fe1)
Switching pick (0->1) for 1034 (QARXAK_Fe2)
Switching pick (0->1) for 1035 (QARXAK_Fe1)
Switching pick (0->1) for 1037 (QOHWEQ_Fe1)
Switching pick (0->1) for 1038 (SUVZAL_Fe1)
Switching pick (0->1) for 1047 (ETOHEB_Fe1)
Switching pick (0->1) for 1049 (HEQXOQ_Fe1)
Switching pick (0->1) for 1052 (VIHCOF_Fe1)
Switching pick (0->1) for 1054 (VEVKEM_Fe1)
Switching pick (0->1) for 1055 (VANREJ_Fe1)
Switching pick (0->1) for 1056 (QOPBIH_Fe1)
Switching pick (0->1) for 1058 (NOGQAC_Fe1)
Switching pick (0->1) for 1061 (RUCYEU_Fe2)
Switching pick (0->1) for 1064 (SISKOU_Fe1)
Switching pick (0->1) for 1065 (SISKOU_Fe2)
Switching pick (0->1) for 1066 (NEGXUT_Fe1)
Switching pick (0->1) for 1068 (UBOWEN_Fe1)
Switching pick (0->1) for 1072 (POWQOI_Fe1)
Switching pick (0->1) for 1073 (KIBCII_Fe1)
Switching pick (0->1) for 1074 (UDUMEL_Fe1)
Switching pick (0->1) for 1075 (IXEZOB_Fe1)
Switching pick (0->1) for 1076 (MOYVOL_Fe1)
Switching pick (0->1) for 1079 (LUYXUZ_Fe1)
Switching pick (0->1) for 1080 (OBIFUA_Fe1)
Switching pick (0->1) for 1087 (NAMGIT_Fe1)
Switching pick (0->1) for 1089 (DUFLEW_Fe1)
Switching pick (0->1) for 1090 (QUKTAS_Fe1)
Switching pick (0->1) for 1091 (OYOCOV_Fe1)
Switching pick (0->1) for 1092 (OBOSED_Fe1)
Switching pick (0->1) for 1093 (ZILZID_Fe2)
Switching pick (0->1) for 1097 (XIFXOZ_Fe1)
Switching pick (0->1) for 1100 (BEDLEC_Fe1)
Switching pick (0->1) for 1101 (AQUWEP_Fe1)
Switching pick (0->1) for 1102 (SOSGEN03_Fe1)
Switching pick (0->1) for 1104 (UMAZIS_Fe1)
Switching pick (0->1) for 1105 (VAVMOV_Fe1)
Switching pick (0->1) for 1107 (LAYREJ01_Fe1)
Switching pick (0->1) for 1108 (RUCYEU_Fe1)
Switching pick (0->1) for 1111 (ZIFJON_Fe1)
Switching pick (0->1) for 1112 (HENLIV_Fe1)
Switching pick (0->1) for 1113 (YAFHIY_Fe2)
Switching pick (0->1) for 1115 (SIPSUG_Fe2)
Switching pick (0->1) for 1118 (KIDGOU_Fe1)
Switching pick (0->1) for 1122 (GUZLES_Fe1)
Switching pick (0->1) for 1123 (RUCYIY_Fe1)
Switching pick (0->1) for 1124 (NIPLUU_Fe1)
Switching pick (0->1) for 1127 (BAXXAB01_Fe1)
Switching pick (0->1) for 1129 (QAHVIE06_Fe2)
Switching pick (0->1) for 1130 (AXISOQ_Fe1)
Switching pick (0->1) for 1133 (QATQUX_Fe1)
Switching pick (0->1) for 1134 (GUFPUT_Fe2)
Switching pick (0->1) for 1135 (LUGYES_Fe1)
Switching pick (0->1) for 1139 (XEFWOV_Fe1)
Switching pick (0->1) for 1140 (UCIRAB_Fe2)
Switching pick (0->1) for 1141 (GAYCIU_Fe1)
Switching pick (0->1) for 1142 (RAKDAI_Fe1)
Switching pick (0->1) for 1145 (UZELAN_Fe1)
Switching pick (0->1) for 1146 (WENDOI01_Fe2)
Switching pick (0->1) for 1147 (WENDOI01_Fe1)
Switching pick (0->1) for 1148 (IXAREF_Fe1)
Switching pick (0->1) for 1149 (VIFNAA_Fe1)
Switching pick (0->1) for 1152 (QADCOO_Fe1)
Switching pick (0->1) for 1155 (BINQIZ_Fe1)
Switching pick (0->1) for 1156 (WUSWOX_Fe1)
Switching pick (0->1) for 1161 (JIYQOY_Fe2)
Switching pick (0->1) for 1174 (PUQLAP_Fe1)
Switching pick (0->1) for 1176 (QISQAL_Fe2)
Switching pick (0->1) for 1178 (FENCIL_Fe1)
Switching pick (0->1) for 1180 (IXARIJ_Fe1)
Switching pick (0->1) for 1182 (IXARIJ_Fe2)
Switching pick (0->1) for 1183 (KOCZIM_Fe1)
Switching pick (0->1) for 1184 (UHEDUG_Fe1)
Switching pick (0->1) for 1186 (KUGXIU_Fe1)
Switching pick (0->1) for 1187 (TATWAM_Fe1)
Switching pick (0->1) for 1189 (XAYVUP_Fe1)
Switching pick (0->1) for 1190 (ASIYAC_Fe1)
Switching pick (0->1) for 1191 (OXAKOO_Fe1)
Switching pick (0->1) for 1192 (HUFDER_Fe1)
Switching pick (0->1) for 1193 (HUFDER_Fe2)
Switching pick (0->1) for 1197 (KEHQOE_Fe1)
Switching pick (0->1) for 1198 (OFABAZ_Fe1)
Switching pick (0->1) for 1199 (XEFWUB_Fe1)
Switching pick (0->1) for 1200 (LECXOH_Fe1)
Switching pick (0->1) for 1202 (TULQOH_Fe1)
Switching pick (0->1) for 1203 (TOWHAO_Fe1)
Switching pick (0->1) for 1205 (KALCUX_Fe1)
Switching pick (0->1) for 1206 (UZAHEJ_Fe1)
Switching pick (0->1) for 1207 (JEXKIH_Fe1)
Switching pick (0->1) for 1208 (LUGWEQ_Fe1)
Switching pick (0->1) for 1209 (CAHPEI_Fe1)
Switching pick (0->1) for 1210 (KOMWAL_Fe1)
Switching pick (0->1) for 1213 (ULOFAD_Fe1)
Switching pick (0->1) for 1214 (RANDER_Fe1)
Switching pick (0->1) for 1216 (NUMBEC02_Fe1)
Switching pick (0->1) for 1217 (UJUPOF_Fe1)
Switching pick (0->1) for 1220 (CERDEJ01_Fe1)
Switching pick (0->1) for 1224 (IMAPOC_Fe1)
Switching pick (0->1) for 1225 (DAGLUU_Fe1)
Switching pick (0->1) for 1227 (QOSGUB_Fe1)
Switching pick (0->1) for 1228 (MOJGEY_Fe1)
Switching pick (0->1) for 1229 (KOKTEK01_Fe1)
Switching pick (0->1) for 1230 (ITUYIG_Fe1)
Switching pick (0->1) for 1231 (NASJAT_Fe1)
Switching pick (0->1) for 1236 (COVPUY_Fe1)
Switching pick (0->1) for 1239 (LUWSUS01_Fe1)
Switching pick (0->1) for 1244 (VAPVAL_Fe1)
Switching pick (0->1) for 1245 (TIRXEY_Fe1)
Switching pick (0->1) for 1247 (LINRAC_Fe2)
Switching pick (0->1) for 1248 (LINRAC_Fe1)
Switching pick (0->1) for 1250 (WIXCIQ_Fe1)
Switching pick (0->1) for 1252 (PAKKIW_Fe1)
Switching pick (0->1) for 1253 (OMAJOB_Fe2)
Switching pick (0->1) for 1259 (METGIB_Fe1)
Switching pick (0->1) for 1263 (OSUBOU_Fe1)
Switching pick (0->1) for 1271 (WOJLUC_Fe1)
Switching pick (0->1) for 1274 (UHEHOE_Fe1)
Switching pick (0->1) for 1276 (MENWUY_Fe1)
Switching pick (0->1) for 1277 (LECNUD_Fe1)
Switching pick (0->1) for 1278 (OHEDOU_Fe1)
Switching pick (0->1) for 1280 (UMEWAK_Fe1)
Switching pick (0->1) for 1281 (ECELII_Fe1)
Switching pick (0->1) for 1282 (YAFHIY_Fe1)
Switching pick (0->1) for 1283 (COQNEC_Fe1)
Switching pick (0->1) for 1286 (YAZJOZ_Fe1)
Switching pick (0->1) for 1288 (BAYKUJ_Fe1)
Switching pick (0->1) for 1289 (FEGBOJ_Fe1)
Switching pick (0->1) for 1293 (BIXDIW_Fe1)
Switching pick (0->1) for 1297 (KOCZEI_Fe1)
Switching pick (0->1) for 1298 (EKINAN_Fe1)
Switching pick (0->1) for 1299 (SARRUA_Fe1)
Switching pick (0->1) for 1300 (ICAKON_Fe1)
Switching pick (0->1) for 1304 (QALZUZ_Fe1)
Switching pick (0->1) for 1308 (FEBMAB_Fe1)
Switching pick (0->1) for 1310 (HUKQAG_Fe2)
Switching pick (0->1) for 1311 (HUKQAG_Fe1)
Switching pick (0->1) for 1312 (KAGPUE_Fe1)
Switching pick (0->1) for 1313 (MEPMAW_Fe1)
Switching pick (0->1) for 1316 (QASLIG_Fe1)
Switching pick (0->1) for 1317 (SEBJAM_Fe3)
Switching pick (0->1) for 1319 (LAGJEK_Fe1)
Switching pick (0->1) for 1323 (QAGWOK_Fe1)
Switching pick (0->1) for 1327 (TEVNEO_Fe1)
Switching pick (0->1) for 1328 (ARUFOJ_Fe1)
Switching pick (0->1) for 1330 (RIRPEO_Fe2)
Switching pick (0->1) for 1331 (RIRPEO_Fe1)
Switching pick (0->1) for 1333 (BAMNOU_Fe1)
Switching pick (0->1) for 1335 (MUTCEJ_Fe1)
Switching pick (0->1) for 1336 (MAZWOZ_Fe1)
Switching pick (0->1) for 1338 (XUHPUM_Fe1)
Switching pick (0->1) for 1340 (GIYDIC_Fe1)
Switching pick (0->1) for 1341 (GIYDIC_Fe2)
Switching pick (0->1) for 1344 (NELGOA_Fe1)
Switching pick (0->1) for 1345 (RUZNAB_Fe1)
Switching pick (0->1) for 1351 (GAKKOS_Fe1)
Switching pick (0->1) for 1352 (TUVLEB_Fe1)
Switching pick (0->1) for 1353 (GITYUE_Fe1)
Switching pick (0->1) for 1355 (ISEXIO_Fe1)
Switching pick (0->1) for 1356 (ISEXIO_Fe2)
Switching pick (0->1) for 1358 (EBOTOG01_Fe2)
Switching pick (0->1) for 1360 (QACVUN_Fe1)
Switching pick (0->1) for 1362 (BAYKOD_Fe1)
Switching pick (0->1) for 1364 (QEJYAF_Fe2)
Switching pick (0->1) for 1365 (IRUDAA_Fe1)
Switching pick (0->1) for 1366 (VIRWAV_Fe1)
Switching pick (0->1) for 1367 (POFYAL_Fe1)
Switching pick (0->1) for 1369 (ZIWDUG_Fe1)
Switching pick (0->1) for 1370 (ZIWDUG_Fe2)
Switching pick (0->1) for 1371 (ASEQUL_Fe1)
Switching pick (0->1) for 1372 (NAZROW_Fe1)
Switching pick (0->1) for 1376 (ASUTEN_Fe1)
Switching pick (0->1) for 1377 (AHUGOA_Fe1)
Switching pick (0->1) for 1379 (GUCXIL_Fe1)
Switching pick (0->1) for 1381 (MAKCAD_Fe1)
Switching pick (0->1) for 1385 (RERXIW_Fe1)
Switching pick (0->1) for 1386 (ZACNEW_Fe2)
Switching pick (0->1) for 1388 (VASYOF_Fe1)
Switching pick (0->1) for 1389 (QEDCUX_Fe1)
Switching pick (0->1) for 1390 (COMKUL_Fe1)
Switching pick (0->1) for 1391 (HAXHOE_Fe1)
Switching pick (0->1) for 1392 (AGUGEO_Fe2)
Switching pick (0->1) for 1394 (REWZUO_Fe1)
Switching pick (0->1) for 1397 (SEBJIU_Fe2)
Switching pick (0->1) for 1401 (ICOHOX_Fe1)
Switching pick (0->1) for 1403 (RESWIW01_Fe2)
Switching pick (0->1) for 1404 (NUVJOE_Fe4)
Switching pick (0->1) for 1405 (NUVJOE_Fe1)
Switching pick (0->1) for 1406 (GUFPUT_Fe1)
Switching pick (0->1) for 1407 (NUVJOE_Fe3)
Switching pick (0->1) for 1408 (NUVJOE_Fe2)
Switching pick (0->1) for 1411 (SAFFEM_Fe1)
Switching pick (0->1) for 1413 (GEVYEL_Fe2)
Switching pick (0->1) for 1415 (LINRIK_Fe1)
Switching pick (0->1) for 1416 (GEVYEL_Fe1)
Switching pick (0->1) for 1417 (FANLIP_Fe1)
Switching pick (0->1) for 1418 (FANLIP_Fe2)
Switching pick (0->1) for 1419 (WADHIT_Fe1)
Switching pick (0->1) for 1420 (WUJCEK_Fe1)
Switching pick (0->1) for 1422 (NIGWOP_Fe2)
Switching pick (0->1) for 1423 (NIGWOP_Fe1)
Switching pick (0->1) for 1424 (ZAWTAS_Fe1)
Switching pick (0->1) for 1426 (UBEXOQ_Fe1)
Switching pick (0->1) for 1427 (TIRFAC_Fe1)
Switching pick (0->1) for 1429 (BIXDOC_Fe1)
Switching pick (0->1) for 1430 (XOPJUH_Fe1)
Switching pick (0->1) for 1432 (QACVIZ_Fe1)
Switching pick (0->1) for 1433 (ODUBEU_Fe1)
Switching pick (0->1) for 1434 (ODUBEU_Fe2)
Switching pick (0->1) for 1437 (HAHWUK_Fe2)
Switching pick (0->1) for 1438 (OWOCAF_Fe2)
Switching pick (0->1) for 1439 (OWOCAF_Fe1)
Switching pick (0->1) for 1440 (QETJEF03_Fe1)
Switching pick (0->1) for 1441 (NIPZUH_Fe1)
Switching pick (0->1) for 1442 (UCIRAB_Fe1)
Switching pick (0->1) for 1443 (OXAKUU_Fe1)
Switching pick (0->1) for 1444 (YOJFUZ_Fe1)
Switching pick (0->1) for 1448 (LAGJEK_Fe2)
Switching pick (0->1) for 1449 (TOMHIN_Fe1)
Switching pick (0->1) for 1452 (RODREI_Fe1)
Switching pick (0->1) for 1453 (ITOKEI_Fe1)
Switching pick (0->1) for 1454 (FEJBOM_Fe1)
Switching pick (0->1) for 1455 (QEVCEA_Fe2)
Switching pick (0->1) for 1456 (QEVCEA_Fe1)
Switching pick (0->1) for 1457 (MONYOD_Fe2)
Switching pick (0->1) for 1458 (GAPSIA_Fe1)
Switching pick (0->1) for 1460 (ACEYOW01_Fe1)
Switching pick (0->1) for 1461 (SIRNIQ_Fe1)
Switching pick (0->1) for 1465 (PAYTOZ_Fe1)
Switching pick (0->1) for 1466 (ETUDOM_Fe1)
Switching pick (0->1) for 1470 (BOXSIR_Fe2)
Switching pick (0->1) for 1474 (CIVLID_Fe1)
Switching pick (0->1) for 1477 (IXARUV_Fe1)
Switching pick (0->1) for 1478 (YUWWUJ_Fe1)
Switching pick (0->1) for 1479 (LIZFIK01_Fe1)
Switching pick (0->1) for 1481 (GIVSEK_Fe1)
Switching pick (0->1) for 1485 (QALTEE_Fe1)
Switching pick (0->1) for 1486 (DABPIG_Fe1)
Switching pick (0->1) for 1488 (XIJQUC_Fe1)
Switching pick (0->1) for 1489 (DAWWEE_Fe1)
Switching pick (0->1) for 1490 (LUGXOB_Fe1)
Switching pick (0->1) for 1492 (XUCYIE_Fe1)
Switching pick (0->1) for 1493 (FILCAF_Fe1)
Switching pick (0->1) for 1494 (YOXHUP_Fe1)
Switching pick (0->1) for 1495 (CIVLEZ_Fe1)
Switching pick (0->1) for 1496 (LAXGOI_Fe1)
Switching pick (0->1) for 1497 (IMAPUI_Fe1)
Switching pick (0->1) for 1498 (LAXGOI_Fe2)
Switching pick (0->1) for 1500 (NOGVIP_Fe1)
Switching pick (0->1) for 1501 (FEPICA_Fe1)
Switching pick (0->1) for 1503 (LUXMOH_Fe1)
Switching pick (0->1) for 1506 (ZEMYAR_Fe2)
Switching pick (0->1) for 1508 (ZEMYAR_Fe1)
Switching pick (0->1) for 1509 (EJOJES_Fe1)
Switching pick (0->1) for 1510 (EJOJES_Fe2)
Switching pick (0->1) for 1511 (SOZYIP_Fe1)
Switching pick (0->1) for 1512 (SOZYIP_Fe2)
Switching pick (0->1) for 1513 (NAIPFE_Fe1)
Switching pick (0->1) for 1515 (AGUYUW_Fe1)
Switching pick (0->1) for 1516 (XUJFIS_Fe1)
Switching pick (0->1) for 1517 (MITYEU_Fe2)
Switching pick (0->1) for 1518 (MITYEU_Fe1)
Switching pick (0->1) for 1522 (LUGNUW_Fe1)
Switching pick (0->1) for 1524 (VICSEG_Fe1)
Switching pick (0->1) for 1526 (MAQLIZ_Fe1)
Switching pick (0->1) for 1527 (JIYQEO_Fe1)
Switching pick (0->1) for 1529 (GIVZER_Fe1)
Switching pick (0->1) for 1530 (XAGBAI_Fe1)
Switching pick (0->1) for 1532 (EWIVAI_Fe1)
Switching pick (0->1) for 1533 (ASEREW_Fe1)
Switching pick (0->1) for 1534 (KAXQEG_Fe2)
Switching pick (0->1) for 1535 (KAXQEG_Fe1)
Switching pick (0->1) for 1536 (OTOTEX_Fe1)
Switching pick (0->1) for 1537 (QAHVOK01_Fe1)
Switching pick (0->1) for 1538 (DUPLOP_Fe1)
Switching pick (0->1) for 1539 (MAYLUU_Fe1)
Switching pick (0->1) for 1543 (WAJHEW_Fe1)
Switching pick (0->1) for 1544 (WAJHEW_Fe2)
Switching pick (0->1) for 1545 (DOFGAH_Fe1)
Switching pick (0->1) for 1547 (SIZVED_Fe1)
Switching pick (0->1) for 1549 (NEVROW_Fe1)
Switching pick (0->1) for 1550 (SEBHUE_Fe1)
Switching pick (0->1) for 1554 (JIYQOY_Fe1)
Switching pick (0->1) for 1556 (ZIMMAJ_Fe1)
Switching pick (0->1) for 1557 (EYIRUA_Fe1)
Switching pick (0->1) for 1559 (HUXZUV_Fe1)
Switching pick (0->1) for 1561 (ODECIJ_Fe1)
Switching pick (0->1) for 1562 (BUXTAQ_Fe1)
Switching pick (0->1) for 1563 (WIDGOG_Fe1)
Switching pick (0->1) for 1565 (MEMYIN_Fe1)
Switching pick (0->1) for 1567 (PUGWIX_Fe1)
Switching pick (0->1) for 1570 (WULSEB_Fe1)
Switching pick (0->1) for 1571 (LEGDEG_Fe1)
Switching pick (0->1) for 1573 (GAPSOG_Fe1)
Switching pick (0->1) for 1576 (AFUDUB_Fe1)
Switching pick (0->1) for 1580 (PARFEV_Fe1)
Switching pick (0->1) for 1582 (CESTOJ_Fe1)
Switching pick (0->1) for 1583 (XEVGEK_Fe2)
Switching pick (0->1) for 1584 (PEKQAX_Fe1)
Switching pick (0->1) for 1585 (RANDAN_Fe1)
Switching pick (0->1) for 1586 (NEBJAF_Fe1)
Switching pick (0->1) for 1587 (LAYREJ_Fe1)
Switching pick (0->1) for 1589 (ZILZAV_Fe2)
Switching pick (0->1) for 1590 (NEFSUM01_Fe1)
Switching pick (0->1) for 1593 (XORXAE_Fe1)
Switching pick (0->1) for 1594 (XORXAE_Fe2)
Switching pick (0->1) for 1595 (BUCDEJ_Fe1)
Switching pick (0->1) for 1596 (SAYDAZ_Fe2)
Switching pick (0->1) for 1597 (TIDBIS_Fe1)
Switching pick (0->1) for 1598 (GEQYAD_Fe1)
Switching pick (0->1) for 1600 (NAMJAO_Fe1)
Switching pick (0->1) for 1601 (IXARAB_Fe1)
Switching pick (0->1) for 1604 (OWOCIN_Fe2)
Switching pick (0->1) for 1605 (OWOCIN_Fe1)
Switching pick (0->1) for 1606 (YAJLEA_Fe1)
Switching pick (0->1) for 1607 (XENMEI_Fe1)
Switching pick (0->1) for 1612 (SIZVIH_Fe1)
Switching pick (0->1) for 1614 (BANSEQ_Fe1)
Switching pick (0->1) for 1615 (IRUCUT_Fe1)
Switching pick (0->1) for 1620 (CICHUS_Fe2)
Switching pick (0->1) for 1626 (JIRXEN_Fe1)
Switching pick (0->1) for 1629 (INUVET_Fe2)
Switching pick (0->1) for 1630 (ITUYAY_Fe1)
Switching pick (0->1) for 1631 (MUDVAI_Fe1)
Switching pick (0->1) for 1634 (QETJAB_Fe1)
Switching pick (0->1) for 1635 (NECSUK_Fe1)
Switching pick (0->1) for 1639 (NUTBAF_Fe1)
Switching pick (0->1) for 1641 (LOCHAN_Fe1)
Switching pick (0->1) for 1644 (ABAWUV_Fe2)
Switching pick (0->1) for 1645 (ABAWUV_Fe3)
Switching pick (0->1) for 1646 (ABAWUV_Fe1)
Switching pick (0->1) for 1647 (YIQRAS_Fe1)
Switching pick (0->1) for 1648 (YELXAP_Fe1)
Switching pick (0->1) for 1650 (QENWEM_Fe1)
Switching pick (0->1) for 1651 (WEDGAO_Fe1)
Switching pick (0->1) for 1652 (TULQIB_Fe1)
Switching pick (0->1) for 1653 (DOMNID_Fe1)
Switching pick (0->1) for 1657 (YASPUE_Fe1)
Switching pick (0->1) for 1658 (REWPOY_Fe2)
Switching pick (0->1) for 1659 (REWPOY_Fe3)
Switching pick (0->1) for 1660 (MOYVEB_Fe1)
Switching pick (0->1) for 1664 (EMIPIZ01_Fe1)
Switching pick (0->1) for 1667 (QACVIB_Fe1)
Switching pick (0->1) for 1668 (HERNOH_Fe2)
Switching pick (0->1) for 1671 (EFEWAO_Fe1)
Switching pick (0->1) for 1672 (YAJKUP_Fe1)
Switching pick (0->1) for 1673 (YUDFOT_Fe1)
Switching pick (0->1) for 1674 (LEGDUW_Fe1)
Switching pick (0->1) for 1675 (GIGHOU_Fe1)
Switching pick (0->1) for 1677 (NASJEX_Fe1)
Switching pick (0->1) for 1678 (BEQKAK_Fe1)
Switching pick (0->1) for 1679 (VAKYOX_Fe1)
Switching pick (0->1) for 1680 (BEQKAK_Fe2)
Switching pick (0->1) for 1681 (TUBWES_Fe1)
Switching pick (0->1) for 1683 (JOJQEE_Fe1)
Switching pick (0->1) for 1684 (HOBQEV_Fe1)
Switching pick (0->1) for 1685 (HIYTOZ_Fe13)
Switching pick (0->1) for 1686 (HIYTOZ_Fe12)
Switching pick (0->1) for 1687 (HIYTOZ_Fe11)
Switching pick (0->1) for 1689 (HIYTOZ_Fe17)
Switching pick (0->1) for 1690 (HIYTOZ_Fe16)
Switching pick (0->1) for 1691 (HIYTOZ_Fe15)
Switching pick (0->1) for 1692 (HIYTOZ_Fe14)
Switching pick (0->1) for 1696 (LUXMOH02_Fe1)
Switching pick (0->1) for 1697 (HIWFOJ_Fe1)
Switching pick (0->1) for 1700 (SIQHUW_Fe1)
Switching pick (0->1) for 1701 (DUFLUM_Fe1)
Switching pick (0->1) for 1704 (QAHVOK_Fe1)
Switching pick (0->1) for 1705 (VAPTIR_Fe1)
Switching pick (0->1) for 1706 (UZEKUG_Fe1)
Switching pick (0->1) for 1708 (TPORFE01_Fe1)
Switching pick (0->1) for 1712 (GALNIS_Fe3)
Switching pick (0->1) for 1713 (WOJVEX_Fe1)
Switching pick (0->1) for 1716 (WAHPEC_Fe1)
Switching pick (0->1) for 1717 (VUXNOS_Fe1)
Switching pick (0->1) for 1721 (QAGWUQ_Fe1)
Switching pick (0->1) for 1724 (TULQUN_Fe1)
Switching pick (0->1) for 1725 (FEYNED_Fe1)
Switching pick (0->1) for 1726 (UHEFOC_Fe1)
Switching pick (0->1) for 1727 (VIRWOJ_Fe1)
Switching pick (0->1) for 1728 (RACWAU_Fe2)
Switching pick (0->1) for 1729 (OCUVAL_Fe1)
Switching pick (0->1) for 1732 (UPIGEG_Fe1)
Switching pick (0->1) for 1734 (RADCUW_Fe1)
Switching pick (0->1) for 1735 (DEDWUE_Fe1)
Switching pick (0->1) for 1737 (EYAPUP_Fe1)
Switching pick (0->1) for 1738 (ZIFDOH_Fe1)
Switching pick (0->1) for 1739 (FEXYAJ_Fe1)
Switching pick (0->1) for 1742 (FEXYAJ_Fe2)
Switching pick (0->1) for 1743 (IXIFAW_Fe1)
Switching pick (0->1) for 1747 (NOGVEL_Fe2)
Switching pick (0->1) for 1748 (NOGVEL_Fe1)
Switching pick (0->1) for 1749 (POHLON_Fe1)
Switching pick (0->1) for 1751 (OVERAJ_Fe1)
Switching pick (0->1) for 1752 (JOJQAA_Fe1)
Switching pick (0->1) for 1757 (QOSGUB_Fe2)
Switching pick (0->1) for 1758 (DOHGAJ_Fe1)
Switching pick (0->1) for 1760 (METGIB_Fe2)
Switching pick (0->1) for 1765 (ASIYAC_Fe2)
Switching pick (0->1) for 1766 (ENIWON_Fe1)
Switching pick (0->1) for 1767 (PUCHAX_Fe2)
Switching pick (0->1) for 1768 (KALWUR_Fe1)
Switching pick (0->1) for 1770 (LAFWAS_Fe2)
Switching pick (0->1) for 1771 (LAFWAS_Fe1)
Switching pick (0->1) for 1774 (XIFYIU01_Fe1)
Switching pick (0->1) for 1776 (JANSAS05_Fe1)
Switching pick (0->1) for 1777 (LUGNOQ_Fe1)
Switching pick (0->1) for 1778 (FETPYR02_Fe1)
Switching pick (0->1) for 1780 (WAWPUF_Fe1)
Switching pick (0->1) for 1781 (VOVDEP_Fe1)
Switching pick (0->1) for 1782 (IVOYOH_Fe2)
Switching pick (0->1) for 1788 (MONYOD_Fe1)
Switching pick (0->1) for 1789 (LAYVOX_Fe1)
Switching pick (0->1) for 1790 (OJIVUY_Fe1)
Switching pick (0->1) for 1792 (BAHLOL_Fe1)
Switching pick (0->1) for 1793 (AHOBUV_Fe1)
Switching pick (0->1) for 1794 (ETOGAW_Fe1)
Switching pick (0->1) for 1798 (DOJKET_Fe1)
Switching pick (0->1) for 1799 (EBUWII_Fe5)
Switching pick (0->1) for 1800 (EBUWII_Fe4)
Switching pick (0->1) for 1801 (EBUWII_Fe7)
Switching pick (0->1) for 1802 (EBUWII_Fe6)
Switching pick (0->1) for 1803 (EBUWII_Fe1)
Switching pick (0->1) for 1804 (EBUWII_Fe3)
Switching pick (0->1) for 1807 (IDABIY_Fe1)
Switching pick (0->1) for 1808 (VAXWOH_Fe1)
Switching pick (0->1) for 1809 (LOQPAI_Fe1)
Switching pick (0->1) for 1810 (WEWQIZ_Fe2)
Switching pick (0->1) for 1811 (WEWQIZ_Fe1)
Switching pick (0->1) for 1812 (CORHIB_Fe2)
Switching pick (0->1) for 1813 (CORHIB_Fe1)
Switching pick (0->1) for 1815 (AGUGIS_Fe1)
Switching pick (0->1) for 1818 (RADDIL_Fe1)
Switching pick (0->1) for 1819 (NELGAM_Fe1)
Switching pick (0->1) for 1821 (UDULOU_Fe1)
Switching pick (0->1) for 1827 (NEMSED_Fe1)
Switching pick (0->1) for 1829 (NECSOE_Fe1)
Switching pick (0->1) for 1830 (VUYSAK_Fe1)
Switching pick (0->1) for 1831 (WAJGUL_Fe1)
Switching pick (0->1) for 1832 (EMEJAH_Fe1)
Switching pick (0->1) for 1834 (QETXOC_Fe2)
Switching pick (0->1) for 1835 (QETXOC_Fe1)
Switching pick (0->1) for 1837 (LUZXAG_Fe1)
Switching pick (0->1) for 1838 (BIXDES_Fe1)
Switching pick (0->1) for 1839 (YABKOD_Fe1)
Switching pick (0->1) for 1840 (IBUVUW_Fe1)
BVS deviation for DIBJED_Fe1 is 4.75, more than 2.00, rejecting...
N       O       F       S       Cl      Br      
1.55592 1.73869 1.65070 2.05657 2.08510 2.25326   815 0.1133 2.75 (CUCXUT_Fe1) 582.270382275
1.76900 1.73869 1.65070 2.05657 2.08510 2.25326  1026 0.0215 0.56 (NELGOA_Fe1) 497.233059289
0.02608 0.03158 0.00000 0.06926 0.03449 0.04489 
0.02457 0.01713 0.04012 0.02599 0.00888 0.01073 
Switching pick (1->0) for 9 (XUCXUP_Fe1)
Switching pick (1->0) for 60 (RUNWAZ_Fe1)
Switching pick (1->0) for 61 (EBUWOO_Fe1)
Switching pick (1->0) for 94 (COTGAT_Fe1)
Switching pick (1->0) for 114 (VIBSUV_Fe1)
Switching pick (1->0) for 123 (REPWIT_Fe1)
Switching pick (1->0) for 128 (PARFIZ_Fe1)
Switching pick (0->1) for 156 (YAJLAW_Fe1)
Switching pick (0->1) for 201 (ZAZNOD_Fe1)
Switching pick (1->0) for 207 (TAKVIK_Fe1)
Switching pick (1->0) for 231 (HIYTOZ_Fe6)
Switching pick (1->0) for 232 (HIYTOZ_Fe5)
Switching pick (0->1) for 271 (QUSJAQ_Fe1)
Switching pick (1->0) for 304 (OHIRAZ_Fe1)
Switching pick (1->0) for 344 (FURTUI_Fe1)
Switching pick (1->0) for 447 (SETDEB_Fe1)
Switching pick (1->0) for 506 (CUKMOL_Fe1)
Switching pick (1->0) for 512 (JOHVEH_Fe1)
Switching pick (1->0) for 521 (WUWFIE_Fe1)
Switching pick (1->0) for 580 (TOBMAZ_Fe1)
Switching pick (1->0) for 662 (JIVYOD_Fe1)
Switching pick (1->0) for 738 (PYESAF10_Fe1)
Switching pick (1->0) for 764 (WAWPOZ_Fe1)
Switching pick (1->0) for 787 (JAWFAO_Fe1)
Switching pick (0->1) for 855 (HEYPEG_Fe1)
Switching pick (1->0) for 875 (QAMBEM_Fe3)
Switching pick (1->0) for 876 (QAMBEM_Fe2)
Switching pick (1->0) for 902 (LEKXEE_Fe1)
Switching pick (1->0) for 946 (QEFKOB_Fe2)
Switching pick (1->0) for 947 (QEFKOB_Fe3)
Switching pick (1->0) for 948 (QEFKOB_Fe1)
Switching pick (1->0) for 949 (QEFKOB_Fe4)
Switching pick (1->0) for 971 (PEKQAX01_Fe1)
Switching pick (1->0) for 1001 (TAMCUH_Fe1)
Switching pick (1->0) for 1002 (TAMCUH_Fe2)
Switching pick (1->0) for 1055 (QOPBIH_Fe1)
Switching pick (1->0) for 1065 (NEGXUT_Fe1)
Switching pick (1->0) for 1072 (KIBCII_Fe1)
Switching pick (1->0) for 1088 (DUFLEW_Fe1)
Switching pick (1->0) for 1110 (ZIFJON_Fe1)
Switching pick (1->0) for 1117 (KIDGOU_Fe1)
Switching pick (1->0) for 1129 (AXISOQ_Fe1)
Switching pick (1->0) for 1235 (COVPUY_Fe1)
Switching pick (1->0) for 1249 (WIXCIQ_Fe1)
Switching pick (1->0) for 1298 (SARRUA_Fe1)
Switching pick (0->1) for 1358 (EBOTOG01_Fe1)
Switching pick (1->0) for 1366 (POFYAL_Fe1)
Switching pick (1->0) for 1384 (RERXIW_Fe1)
Switching pick (1->0) for 1448 (TOMHIN_Fe1)
Switching pick (1->0) for 1469 (BOXSIR_Fe2)
Switching pick (1->0) for 1491 (XUCYIE_Fe1)
Switching pick (1->0) for 1533 (KAXQEG_Fe2)
Switching pick (1->0) for 1534 (KAXQEG_Fe1)
Switching pick (1->0) for 1546 (SIZVED_Fe1)
Switching pick (0->1) for 1574 (XURVEM_Fe1)
Switching pick (1->0) for 1579 (PARFEV_Fe1)
Switching pick (1->0) for 1583 (PEKQAX_Fe1)
Switching pick (1->0) for 1592 (XORXAE_Fe1)
Switching pick (1->0) for 1593 (XORXAE_Fe2)
Switching pick (1->0) for 1611 (SIZVIH_Fe1)
Switching pick (1->0) for 1629 (ITUYAY_Fe1)
Switching pick (1->0) for 1640 (LOCHAN_Fe1)
Switching pick (1->0) for 1689 (HIYTOZ_Fe16)
Switching pick (1->0) for 1699 (SIQHUW_Fe1)
Switching pick (1->0) for 1700 (DUFLUM_Fe1)
Switching pick (1->0) for 1712 (WOJVEX_Fe1)
Switching pick (1->0) for 1798 (EBUWII_Fe5)
Switching pick (1->0) for 1799 (EBUWII_Fe4)
Switching pick (1->0) for 1800 (EBUWII_Fe7)
Switching pick (1->0) for 1801 (EBUWII_Fe6)
Switching pick (1->0) for 1802 (EBUWII_Fe1)
Switching pick (1->0) for 1803 (EBUWII_Fe3)
N       O       F       S       Cl      Br      
1.55908 1.71925 1.65131 1.99504 2.07858 2.24291   875 0.0817 2.54 (CUCXUT_Fe1) 307.42324113
1.75735 1.71925 1.65131 1.99504 2.07858 2.24291   966 0.0253 0.62 (NELGOA_Fe1) 511.287421778
0.02518 0.02824 0.00000 0.06549 0.03270 0.04115 
0.02625 0.01221 0.04885 0.04800 0.00788 0.01265 
Switching pick (0->1) for 9 (XUCXUP_Fe1)
Switching pick (0->1) for 94 (COTGAT_Fe1)
Switching pick (0->1) for 114 (VIBSUV_Fe1)
Switching pick (0->1) for 123 (REPWIT_Fe1)
Switching pick (0->1) for 207 (TAKVIK_Fe1)
Switching pick (0->1) for 231 (HIYTOZ_Fe6)
Switching pick (0->1) for 232 (HIYTOZ_Fe5)
Switching pick (0->1) for 344 (FURTUI_Fe1)
Switching pick (0->1) for 506 (CUKMOL_Fe1)
Switching pick (0->1) for 512 (JOHVEH_Fe1)
Switching pick (0->1) for 521 (WUWFIE_Fe1)
Switching pick (0->1) for 662 (JIVYOD_Fe1)
Switching pick (0->1) for 738 (PYESAF10_Fe1)
Switching pick (0->1) for 764 (WAWPOZ_Fe1)
Switching pick (0->1) for 787 (JAWFAO_Fe1)
Switching pick (0->1) for 868 (NASWEL_Fe1)
Switching pick (0->1) for 875 (QAMBEM_Fe3)
Switching pick (0->1) for 876 (QAMBEM_Fe2)
Switching pick (0->1) for 898 (OFONON_Fe3)
Switching pick (0->1) for 923 (WUWFUQ_Fe1)
Switching pick (0->1) for 971 (PEKQAX01_Fe1)
Switching pick (0->1) for 1001 (TAMCUH_Fe1)
Switching pick (0->1) for 1002 (TAMCUH_Fe2)
Switching pick (0->1) for 1065 (NEGXUT_Fe1)
Switching pick (0->1) for 1072 (KIBCII_Fe1)
Switching pick (0->1) for 1088 (DUFLEW_Fe1)
Switching pick (0->1) for 1117 (KIDGOU_Fe1)
Switching pick (0->1) for 1249 (WIXCIQ_Fe1)
Switching pick (0->1) for 1298 (SARRUA_Fe1)
Switching pick (0->1) for 1317 (SEBJAM_Fe6)
Switching pick (0->1) for 1366 (POFYAL_Fe1)
Switching pick (0->1) for 1384 (RERXIW_Fe1)
Switching pick (0->1) for 1469 (BOXSIR_Fe2)
Switching pick (0->1) for 1546 (SIZVED_Fe1)
Switching pick (0->1) for 1583 (PEKQAX_Fe1)
Switching pick (0->1) for 1593 (XORXAE_Fe2)
Switching pick (0->1) for 1611 (SIZVIH_Fe1)
Switching pick (0->1) for 1621 (PAFMUF10_Fe1)
Switching pick (0->1) for 1629 (ITUYAY_Fe1)
Switching pick (0->1) for 1640 (LOCHAN_Fe1)
Switching pick (0->1) for 1689 (HIYTOZ_Fe16)
Switching pick (0->1) for 1699 (SIQHUW_Fe1)
Switching pick (0->1) for 1712 (WOJVEX_Fe1)
Switching pick (0->1) for 1794 (MACHUV_Fe1)
Switching pick (0->1) for 1795 (DOJKET_Fe3)
N       O       F       S       Cl      Br      
1.56003 1.71427 1.65156 1.97858 2.07399 2.23876   830 0.0789 2.40 (CUCXUT_Fe1) 305.317977512
1.77497 1.71427 1.65156 1.97858 2.07399 2.23876  1011 0.0247 0.53 (NELGOA_Fe1) 269.105655743
0.02250 0.02662 0.00000 0.06893 0.03112 0.04028 
0.02533 0.01265 0.03540 0.04770 0.00822 0.01024 
Switching pick (1->0) for 207 (TAKVIK_Fe1)
Switching pick (1->0) for 868 (NASWEL_Fe1)
Switching pick (1->0) for 875 (QAMBEM_Fe3)
Switching pick (1->0) for 898 (OFONON_Fe3)
Switching pick (0->1) for 902 (LEKXEE_Fe1)
Switching pick (1->0) for 923 (WUWFUQ_Fe1)
Switching pick (1->0) for 1358 (EBOTOG01_Fe1)
Switching pick (0->1) for 1448 (TOMHIN_Fe1)
Switching pick (0->1) for 1491 (XUCYIE_Fe1)
Switching pick (1->0) for 1581 (CESTOJ_Fe1)
Switching pick (1->0) for 1593 (XORXAE_Fe2)
Switching pick (1->0) for 1621 (PAFMUF10_Fe1)
Switching pick (1->0) for 1712 (WOJVEX_Fe1)
Switching pick (1->0) for 1795 (DOJKET_Fe3)
Switching pick (0->1) for 1802 (EBUWII_Fe1)
N       O       F       S       Cl      Br      
1.56023 1.72085 1.65205 1.97514 2.06029 2.22947   837 0.0789 2.02 (CUCXUT_Fe1) 350.590756594
1.77469 1.72085 1.65205 1.97514 2.06029 2.22947  1004 0.0226 0.53 (NELGOA_Fe1) 204.1289053
0.02418 0.02737 0.00000 0.07025 0.02857 0.03738 
0.02462 0.01229 0.03548 0.04860 0.00822 0.01097 
Switching pick (0->1) for 875 (QAMBEM_Fe3)
Switching pick (1->0) for 902 (LEKXEE_Fe1)
Switching pick (0->1) for 923 (WUWFUQ_Fe1)
Switching pick (1->0) for 1072 (KIBCII_Fe1)
Switching pick (1->0) for 1088 (DUFLEW_Fe1)
Switching pick (1->0) for 1117 (KIDGOU_Fe1)
Switching pick (1->0) for 1448 (TOMHIN_Fe1)
Switching pick (1->0) for 1491 (XUCYIE_Fe1)
Switching pick (1->0) for 1640 (LOCHAN_Fe1)
Switching pick (1->0) for 1802 (EBUWII_Fe1)
N       O       F       S       Cl      Br      
1.56022 1.71893 1.65667 1.97970 2.06823 2.16220   843 0.0784 2.24 (CUCXUT_Fe1) 324.44269804
1.77513 1.71893 1.65667 1.97970 2.06823 2.16220   998 0.0224 0.53 (NELGOA_Fe1) 228.945173444
0.02440 0.02732 0.00000 0.07038 0.02996 0.03165 
0.02440 0.01204 0.03391 0.04728 0.00817 0.01967 
Switching pick (0->1) for 1 (CIZFEW01_Fe1)
Switching pick (0->1) for 82 (PDOFED_Fe2)
Switching pick (0->1) for 83 (PDOFED_Fe1)
Switching pick (0->1) for 100 (HONLOM_Fe2)
Switching pick (0->1) for 103 (POMXEU_Fe1)
Switching pick (0->1) for 137 (TENNUV_Fe1)
Switching pick (0->1) for 159 (UDUTUI_Fe1)
Switching pick (0->1) for 161 (UDUTUI_Fe3)
Switching pick (0->1) for 176 (TUFJOU_Fe2)
Switching pick (0->1) for 210 (YICGAT_Fe1)
Switching pick (0->1) for 275 (CEQKIT_Fe1)
Switching pick (0->1) for 288 (LEFXAV_Fe7)
Switching pick (0->1) for 302 (RADBAZ_Fe1)
Switching pick (0->1) for 389 (KUJBEX_Fe2)
Switching pick (0->1) for 437 (QEXZUP_Fe1)
Switching pick (0->1) for 463 (EGENAG_Fe1)
Switching pick (0->1) for 478 (PIDBEJ02_Fe1)
Switching pick (0->1) for 491 (ICAHUP_Fe1)
Switching pick (0->1) for 516 (HAGLIM_Fe1)
Switching pick (0->1) for 526 (WAHPIG_Fe1)
Switching pick (0->1) for 578 (VOFZEV_Fe1)
Switching pick (0->1) for 597 (PEYYUN_Fe1)
Switching pick (0->1) for 644 (FOGVIH_Fe2)
Switching pick (0->1) for 645 (FOGVIH_Fe1)
Switching pick (0->1) for 687 (GATWUV_Fe1)
Switching pick (0->1) for 722 (TOKSER_Fe1)
Switching pick (0->1) for 754 (BACVOR_Fe2)
Switching pick (0->1) for 766 (XARSEQ_Fe1)
Switching pick (0->1) for 859 (YOJVOJ_Fe1)
Switching pick (0->1) for 863 (NARWEI_Fe2)
Switching pick (0->1) for 864 (NARWEI_Fe3)
Switching pick (0->1) for 866 (NARWEI_Fe1)
Switching pick (0->1) for 878 (PVVBAY01_Fe1)
Switching pick (0->1) for 930 (AFOXUO_Fe1)
Switching pick (0->1) for 965 (DEZMIF_Fe1)
Switching pick (0->1) for 969 (AHOBIJ_Fe2)
Switching pick (0->1) for 987 (NATGEV_Fe1)
Switching pick (0->1) for 993 (HAGLIM_Fe2)
Switching pick (0->1) for 1008 (SUMKOB_Fe2)
Switching pick (0->1) for 1009 (JIVZIY_Fe1)
Switching pick (0->1) for 1010 (JOHDAM_Fe1)
Switching pick (0->1) for 1025 (KABTOW_Fe1)
Switching pick (0->1) for 1039 (AFIRAJ_Fe3)
Switching pick (0->1) for 1040 (AFIRAJ_Fe2)
Switching pick (0->1) for 1059 (JEBNAF_Fe1)
Switching pick (0->1) for 1164 (MIJKOG02_Fe3)
Switching pick (0->1) for 1165 (MIJKOG02_Fe2)
Switching pick (0->1) for 1166 (MIJKOG02_Fe1)
Switching pick (0->1) for 1169 (MIJKOG02_Fe4)
Switching pick (0->1) for 1171 (KAPHUG_Fe1)
Switching pick (0->1) for 1195 (YUPJOJ_Fe1)
Switching pick (0->1) for 1239 (JIVZOE_Fe4)
Switching pick (0->1) for 1248 (FEHPYO_Fe1)
Switching pick (0->1) for 1263 (LEFXAV_Fe5)
Switching pick (0->1) for 1264 (LEFXAV_Fe6)
Switching pick (0->1) for 1266 (JIZJIM01_Fe4)
Switching pick (0->1) for 1267 (LEFXAV_Fe1)
Switching pick (0->1) for 1268 (LEFXAV_Fe2)
Switching pick (0->1) for 1269 (PAYHIG_Fe1)
Switching pick (0->1) for 1271 (LEFXAV_Fe8)
Switching pick (0->1) for 1274 (RAYTOB01_Fe3)
Switching pick (0->1) for 1293 (LICFIN_Fe1)
Switching pick (0->1) for 1305 (ECAJOH_Fe1)
Switching pick (0->1) for 1306 (CIPCOT_Fe1)
Switching pick (0->1) for 1308 (CIPCOT_Fe2)
Switching pick (0->1) for 1341 (YUPKEA_Fe1)
Switching pick (0->1) for 1362 (HONLOM_Fe1)
Switching pick (0->1) for 1394 (LEFWOI_Fe2)
Switching pick (0->1) for 1395 (LEFWOI_Fe3)
Switching pick (0->1) for 1397 (LEFWOI_Fe1)
Switching pick (0->1) for 1398 (LEFWOI_Fe4)
Switching pick (0->1) for 1401 (OTULAR_Fe1)
Switching pick (0->1) for 1468 (JIZJIM01_Fe1)
Switching pick (0->1) for 1472 (JIZJIM01_Fe2)
Switching pick (0->1) for 1498 (GAZGET_Fe2)
Switching pick (0->1) for 1631 (BUCDOS_Fe1)
Switching pick (0->1) for 1632 (QEDCOR_Fe1)
Switching pick (0->1) for 1641 (REGROL_Fe1)
Switching pick (0->1) for 1648 (SATYOC_Fe2)
Switching pick (0->1) for 1653 (EJATEO_Fe1)
Switching pick (0->1) for 1655 (RUCXUJ_Fe1)
Switching pick (0->1) for 1660 (GAZGET_Fe1)
Switching pick (0->1) for 1668 (HERNOH_Fe1)
Switching pick (0->1) for 1675 (LEJQUN_Fe1)
Switching pick (0->1) for 1709 (ZIYYIP_Fe1)
Switching pick (0->1) for 1710 (ZIYYIP_Fe2)
Switching pick (0->1) for 1713 (WAHPEC_Fe2)
Switching pick (0->1) for 1744 (UDUTOC_Fe1)
Switching pick (0->1) for 1745 (UDUTOC_Fe2)
Switching pick (0->1) for 1783 (XAZLAM_Fe1)
Switching pick (0->1) for 1821 (XIYQUS_Fe1)
N       O       F       S       Cl      Br      
1.56054 1.71806 1.74134 1.98080 2.06689 2.16348   752 0.0719 2.20 (CUCXUT_Fe1) 295.311243601
1.77540 1.71806 1.74134 1.98080 2.06689 2.16348  1089 0.0307 0.95 (XIYQUS_Fe1) 190.097546494
0.02422 0.01900 0.00000 0.06982 0.02374 0.03087 
0.02435 0.02288 0.02858 0.04740 0.01957 0.01940 
Switching pick (0->1) for 133 (HIYVER_Fe5)
Switching pick (0->1) for 167 (EGUZUB_Fe1)
Switching pick (0->1) for 181 (CURPOU_Fe1)
Switching pick (0->1) for 184 (HOQHEA_Fe1)
Switching pick (0->1) for 234 (CIYKUQ_Fe2)
Switching pick (0->1) for 239 (GUJJUQ_Fe2)
Switching pick (0->1) for 305 (GEZMON_Fe1)
Switching pick (0->1) for 336 (FEDMSI10_Fe2)
Switching pick (0->1) for 351 (HONZIU_Fe2)
Switching pick (0->1) for 391 (TARSIO_Fe1)
Switching pick (0->1) for 408 (HIKNOF_Fe3)
Switching pick (0->1) for 476 (CAYQOI_Fe2)
Switching pick (0->1) for 581 (LAXNON_Fe1)
Switching pick (0->1) for 604 (XAPLOP_Fe1)
Switching pick (0->1) for 606 (KEBSOB_Fe2)
Switching pick (0->1) for 654 (CIRGOZ_Fe1)
Switching pick (0->1) for 655 (IFEJUY_Fe3)
Switching pick (0->1) for 689 (WEKPUX_Fe1)
Switching pick (0->1) for 709 (LAFGEE_Fe1)
Switching pick (0->1) for 736 (TMAFEC_Fe1)
Switching pick (0->1) for 756 (RUKLOY_Fe2)
Switching pick (0->1) for 760 (QAMDOY_Fe1)
Switching pick (0->1) for 772 (VESKOU_Fe1)
Switching pick (0->1) for 786 (YABGIS_Fe1)
Switching pick (0->1) for 807 (KURPUI_Fe2)
Switching pick (0->1) for 808 (KURPUI_Fe1)
Switching pick (0->1) for 904 (QAMDOY_Fe2)
Switching pick (0->1) for 909 (QUSDIR_Fe2)
Switching pick (0->1) for 978 (NIPJAX_Fe1)
Switching pick (0->1) for 1032 (YEWYII_Fe1)
Switching pick (0->1) for 1056 (LAXNUT_Fe1)
Switching pick (0->1) for 1097 (KISMIJ_Fe1)
Switching pick (0->1) for 1159 (QIVCII_Fe1)
Switching pick (0->1) for 1178 (MAFECL_Fe1)
Switching pick (0->1) for 1220 (NEMDOY_Fe7)
Switching pick (0->1) for 1294 (CUCXUT_Fe1)
Switching pick (0->1) for 1300 (CERVIE_Fe1)
Switching pick (0->1) for 1319 (PTUMFC_Fe1)
Switching pick (0->1) for 1320 (PTUMFC_Fe2)
Switching pick (0->1) for 1367 (TACTUM_Fe1)
Switching pick (0->1) for 1373 (NEMDUE_Fe7)
Switching pick (0->1) for 1377 (FEJJEK_Fe2)
Switching pick (0->1) for 1409 (SEWDAA_Fe1)
Switching pick (0->1) for 1411 (YIDXIT_Fe1)
Switching pick (0->1) for 1446 (QOMWEV_Fe2)
Switching pick (0->1) for 1519 (QEJWUX_Fe1)
Switching pick (0->1) for 1559 (MAJYOM_Fe1)
Switching pick (0->1) for 1568 (NALSUQ_Fe2)
Switching pick (0->1) for 1609 (UMIBEX_Fe2)
Switching pick (0->1) for 1610 (UMIBEX_Fe1)
Switching pick (0->1) for 1615 (IREQIF_Fe2)
Switching pick (0->1) for 1639 (MICYFE10_Fe1)
Switching pick (0->1) for 1642 (ZEYQOJ_Fe7)
Switching pick (0->1) for 1654 (MDTHCF10_Fe1)
Switching pick (0->1) for 1740 (TUKBAC_Fe2)
Switching pick (0->1) for 1758 (KIDBEF_Fe1)
Switching pick (0->1) for 1790 (EXOVUI_Fe2)
Switching pick (0->1) for 1816 (KURPOC_Fe1)
Switching pick (0->1) for 1840 (ADUPAQ_Fe1)
N       O       F       S       Cl      Br      
1.56179 1.71581 1.71618 1.98338 2.06277 2.16696   693 0.0569 1.15 (CEYSEE_Fe1) 301.047065956
1.77664 1.71581 1.71618 1.98338 2.06277 2.16696  1148 0.0407 2.08 (CUCXUT_Fe1) 225.953765262
0.02421 0.01912 0.00000 0.06403 0.00432 0.03015 
0.02424 0.02244 0.02496 0.05350 0.02961 0.01855 
Switching pick (1->0) for 1 (CIZFEW01_Fe1)
Switching pick (1->0) for 137 (TENNUV_Fe1)
Switching pick (1->0) for 239 (GUJJUQ_Fe2)
Switching pick (1->0) for 288 (LEFXAV_Fe7)
Switching pick (1->0) for 655 (IFEJUY_Fe3)
Switching pick (1->0) for 969 (AHOBIJ_Fe2)
Switching pick (1->0) for 1293 (LICFIN_Fe1)
Switching pick (1->0) for 1411 (YIDXIT_Fe1)
Switching pick (1->0) for 1713 (WAHPEC_Fe2)
Switching pick (1->0) for 1740 (TUKBAC_Fe2)
Switching pick (1->0) for 1790 (EXOVUI_Fe2)
N       O       F       S       Cl      Br      
1.56328 1.71050 1.72541 1.99010 2.05557 2.17502   704 0.0554 1.11 (CEYSEE_Fe1) 298.977060002
1.77853 1.71050 1.72541 1.99010 2.05557 2.17502  1137 0.0394 1.90 (CUCXUT_Fe1) 182.782088398
0.02421 0.01951 0.00000 0.06198 0.00499 0.02879 
0.02414 0.02161 0.02560 0.05239 0.02821 0.01689 
Switching pick (1->0) for 82 (PDOFED_Fe2)
Switching pick (1->0) for 184 (HOQHEA_Fe1)
Switching pick (1->0) for 210 (YICGAT_Fe1)
Switching pick (0->1) for 378 (EAFEST_Fe1)
Switching pick (1->0) for 408 (HIKNOF_Fe3)
Switching pick (1->0) for 437 (QEXZUP_Fe1)
Switching pick (1->0) for 578 (VOFZEV_Fe1)
Switching pick (1->0) for 687 (GATWUV_Fe1)
Switching pick (1->0) for 689 (WEKPUX_Fe1)
Switching pick (1->0) for 754 (BACVOR_Fe2)
Switching pick (1->0) for 766 (XARSEQ_Fe1)
Switching pick (1->0) for 786 (YABGIS_Fe1)
Switching pick (0->1) for 902 (LEKXEE_Fe1)
Switching pick (0->1) for 946 (QEFKOB_Fe2)
Switching pick (0->1) for 949 (QEFKOB_Fe4)
Switching pick (1->0) for 1010 (JOHDAM_Fe1)
Switching pick (1->0) for 1059 (JEBNAF_Fe1)
Switching pick (0->1) for 1072 (KIBCII_Fe1)
Switching pick (0->1) for 1088 (DUFLEW_Fe1)
Switching pick (1->0) for 1097 (KISMIJ_Fe1)
Switching pick (0->1) for 1117 (KIDGOU_Fe1)
Switching pick (1->0) for 1169 (MIJKOG02_Fe4)
Switching pick (1->0) for 1195 (YUPJOJ_Fe1)
Switching pick (1->0) for 1220 (NEMDOY_Fe7)
Switching pick (1->0) for 1239 (JIVZOE_Fe4)
Switching pick (1->0) for 1264 (LEFXAV_Fe6)
Switching pick (1->0) for 1266 (JIZJIM01_Fe4)
Switching pick (1->0) for 1271 (LEFXAV_Fe8)
Switching pick (1->0) for 1305 (ECAJOH_Fe1)
Switching pick (1->0) for 1308 (CIPCOT_Fe2)
Switching pick (1->0) for 1341 (YUPKEA_Fe1)
Switching pick (1->0) for 1373 (NEMDUE_Fe7)
Switching pick (1->0) for 1398 (LEFWOI_Fe4)
Switching pick (1->0) for 1446 (QOMWEV_Fe2)
Switching pick (0->1) for 1448 (TOMHIN_Fe1)
Switching pick (1->0) for 1468 (JIZJIM01_Fe1)
Switching pick (1->0) for 1472 (JIZJIM01_Fe2)
Switching pick (0->1) for 1491 (XUCYIE_Fe1)
Switching pick (1->0) for 1519 (QEJWUX_Fe1)
Switching pick (0->1) for 1545 (VAWSUH_Fe3)
Switching pick (0->1) for 1640 (LOCHAN_Fe1)
Switching pick (1->0) for 1654 (MDTHCF10_Fe1)
Switching pick (0->1) for 1802 (EBUWII_Fe1)
N       O       F       S       Cl      Br      
1.56368 1.70113 1.70343 2.00055 2.04267 2.19156   723 0.0529 1.13 (XEWNOD_Fe2) 279.579800638
1.78189 1.70113 1.70343 2.00055 2.04267 2.19156  1118 0.0385 1.59 (CUCXUT_Fe1) 143.695121743
0.02386 0.02030 0.00000 0.05899 0.00721 0.02819 
0.02457 0.02071 0.02311 0.05095 0.02617 0.01404 
Switching pick (0->1) for 60 (RUNWAZ_Fe1)
Switching pick (0->1) for 61 (EBUWOO_Fe1)
Switching pick (1->0) for 181 (CURPOU_Fe1)
Switching pick (0->1) for 304 (OHIRAZ_Fe1)
Switching pick (0->1) for 313 (YIDZER_Fe1)
Switching pick (1->0) for 351 (HONZIU_Fe2)
Switching pick (0->1) for 395 (DEBWIQ_Fe2)
Switching pick (0->1) for 472 (OLAREZ_Fe3)
Switching pick (1->0) for 476 (CAYQOI_Fe2)
Switching pick (1->0) for 526 (WAHPIG_Fe1)
Switching pick (0->1) for 575 (VOXSEG_Fe1)
Switching pick (1->0) for 604 (XAPLOP_Fe1)
Switching pick (1->0) for 709 (LAFGEE_Fe1)
Switching pick (1->0) for 760 (QAMDOY_Fe1)
Switching pick (1->0) for 772 (VESKOU_Fe1)
Switching pick (1->0) for 899 (OFONON_Fe2)
Switching pick (1->0) for 904 (QAMDOY_Fe2)
Switching pick (0->1) for 917 (YEWYUU_Fe1)
Switching pick (0->1) for 947 (QEFKOB_Fe3)
Switching pick (0->1) for 948 (QEFKOB_Fe1)
Switching pick (1->0) for 987 (NATGEV_Fe1)
Switching pick (1->0) for 1009 (JIVZIY_Fe1)
Switching pick (1->0) for 1025 (KABTOW_Fe1)
Switching pick (0->1) for 1055 (QOPBIH_Fe1)
Switching pick (0->1) for 1110 (ZIFJON_Fe1)
Switching pick (0->1) for 1129 (AXISOQ_Fe1)
Switching pick (1->0) for 1159 (QIVCII_Fe1)
Switching pick (1->0) for 1164 (MIJKOG02_Fe3)
Switching pick (1->0) for 1165 (MIJKOG02_Fe2)
Switching pick (1->0) for 1166 (MIJKOG02_Fe1)
Switching pick (1->0) for 1171 (KAPHUG_Fe1)
Switching pick (0->1) for 1235 (COVPUY_Fe1)
Switching pick (1->0) for 1248 (FEHPYO_Fe1)
Switching pick (1->0) for 1263 (LEFXAV_Fe5)
Switching pick (1->0) for 1269 (PAYHIG_Fe1)
Switching pick (1->0) for 1274 (RAYTOB01_Fe3)
Switching pick (1->0) for 1306 (CIPCOT_Fe1)
Switching pick (1->0) for 1319 (PTUMFC_Fe1)
Switching pick (1->0) for 1320 (PTUMFC_Fe2)
Switching pick (1->0) for 1394 (LEFWOI_Fe2)
Switching pick (1->0) for 1395 (LEFWOI_Fe3)
Switching pick (1->0) for 1397 (LEFWOI_Fe1)
Switching pick (0->1) for 1399 (WIBNUR_Fe1)
Switching pick (1->0) for 1409 (SEWDAA_Fe1)
Switching pick (1->0) for 1568 (NALSUQ_Fe2)
Switching pick (0->1) for 1593 (XORXAE_Fe2)
Switching pick (1->0) for 1615 (IREQIF_Fe2)
Switching pick (1->0) for 1642 (ZEYQOJ_Fe7)
Switching pick (1->0) for 1675 (LEJQUN_Fe1)
Switching pick (1->0) for 1783 (XAZLAM_Fe1)
Switching pick (0->1) for 1799 (EBUWII_Fe4)
Switching pick (0->1) for 1801 (EBUWII_Fe6)
Switching pick (0->1) for 1803 (EBUWII_Fe3)
N       O       F       S       Cl      Br      
1.56202 1.69694 1.71185 2.00258 2.03881 2.19052   738 0.0498 1.15 (XEWNOD_Fe2) 230.865782797
1.78281 1.69694 1.71185 2.00258 2.03881 2.19052  1103 0.0395 1.51 (CUCXUT_Fe1) 145.629125733
0.02372 0.02019 0.00000 0.05850 0.00852 0.01458 
0.02479 0.02074 0.02345 0.05073 0.02553 0.02767 
Switching pick (1->0) for 83 (PDOFED_Fe1)
Switching pick (1->0) for 103 (POMXEU_Fe1)
Switching pick (1->0) for 597 (PEYYUN_Fe1)
Switching pick (0->1) for 1579 (PARFEV_Fe1)
Switching pick (1->0) for 1632 (QEDCOR_Fe1)
Switching pick (0->1) for 1712 (WOJVEX_Fe1)
Switching pick (0->1) for 1798 (EBUWII_Fe5)
Switching pick (0->1) for 1800 (EBUWII_Fe7)
Switching pick (0->1) for 1827 (EMEVAT_Fe1)
N       O       F       S       Cl      Br      
1.55717 1.68867 1.69300 2.00370 2.03568 2.19058   737 0.0495 1.14 (XEWNOD_Fe2) 118.529730626
1.78375 1.68867 1.69300 2.00370 2.03568 2.19058  1104 0.0391 1.44 (CUCXUT_Fe1) 143.633977393
0.02330 0.02132 0.00000 0.05811 0.00957 0.01494 
0.02536 0.02065 0.02256 0.05067 0.02505 0.02757 
Switching pick (0->1) for 21 (TUQKAR_Fe1)
Switching pick (0->1) for 128 (PARFIZ_Fe1)
Switching pick (1->0) for 133 (HIYVER_Fe5)
Switching pick (0->1) for 447 (SETDEB_Fe1)
Switching pick (0->1) for 580 (TOBMAZ_Fe1)
Switching pick (1->0) for 654 (CIRGOZ_Fe1)
Switching pick (0->1) for 665 (EBUWII_Fe8)
Switching pick (1->0) for 736 (TMAFEC_Fe1)
Switching pick (1->0) for 930 (AFOXUO_Fe1)
Switching pick (1->0) for 965 (DEZMIF_Fe1)
Switching pick (1->0) for 1008 (SUMKOB_Fe2)
Switching pick (1->0) for 1498 (GAZGET_Fe2)
Switching pick (0->1) for 1533 (KAXQEG_Fe2)
Switching pick (0->1) for 1534 (KAXQEG_Fe1)
Switching pick (0->1) for 1592 (XORXAE_Fe1)
Switching pick (1->0) for 1641 (REGROL_Fe1)
Switching pick (1->0) for 1648 (SATYOC_Fe2)
Switching pick (1->0) for 1653 (EJATEO_Fe1)
Switching pick (1->0) for 1668 (HERNOH_Fe1)
Switching pick (0->1) for 1700 (DUFLUM_Fe1)
N       O       F       S       Cl      Br      
1.55613 1.69141 1.69827 2.00287 2.03702 2.18522   739 0.0483 1.13 (XEWNOD_Fe2) 104.779158983
1.78319 1.69141 1.69827 2.00287 2.03702 2.18522  1102 0.0396 1.47 (CUCXUT_Fe1) 145.331721052
0.02300 0.02026 0.00000 0.05822 0.00915 0.01619 
0.02545 0.02099 0.02267 0.05077 0.02525 0.02708 
Switching pick (0->1) for 133 (HIYVER_Fe5)
Switching pick (1->0) for 395 (DEBWIQ_Fe2)
Switching pick (0->1) for 736 (TMAFEC_Fe1)
Switching pick (0->1) for 899 (OFONON_Fe2)
Switching pick (0->1) for 1008 (SUMKOB_Fe2)
Switching pick (0->1) for 1498 (GAZGET_Fe2)
Switching pick (0->1) for 1648 (SATYOC_Fe2)
Switching pick (0->1) for 1653 (EJATEO_Fe1)
Switching pick (0->1) for 1668 (HERNOH_Fe1)
Switching pick (0->1) for 1675 (LEJQUN_Fe1)
N       O       F       S       Cl      Br      
1.55435 1.69129 1.69632 2.00328 2.03818 2.18279   731 0.0482 1.13 (XEWNOD_Fe2) 93.9125677561
1.78246 1.69129 1.69632 2.00328 2.03818 2.18279  1110 0.0397 1.49 (CUCXUT_Fe1) 145.524355617
0.02284 0.02021 0.00000 0.05794 0.00886 0.01655 
0.02555 0.02102 0.02293 0.05091 0.02541 0.02703 
Switching pick (0->1) for 207 (TAKVIK_Fe1)
N       O       F       S       Cl      Br      
1.55424 1.69120 1.69430 2.00361 2.03834 2.18239   730 0.0480 1.13 (XEWNOD_Fe2) 92.9289904036
1.78222 1.69120 1.69430 2.00361 2.03834 2.18239  1111 0.0398 1.50 (CUCXUT_Fe1) 145.394678582
0.02260 0.02022 0.00000 0.05783 0.00882 0.01662 
0.02571 0.02103 0.02309 0.05095 0.02544 0.02702 
N       O       F       S       Cl      Br      
1.55420 1.69110 1.69467 2.00353 2.03833 2.18250   730 0.0480 1.13 (XEWNOD_Fe2) 92.5520129894
1.78215 1.69110 1.69467 2.00353 2.03833 2.18250  1111 0.0398 1.50 (CUCXUT_Fe1) 145.257747023
0.02259 0.02023 0.00000 0.05786 0.00883 0.01661 
0.02572 0.02103 0.02310 0.05097 0.02544 0.02704 
N       O       F       S       Cl      Br      
1.55424 1.69107 1.69555 2.00337 2.03826 2.18273   730 0.0480 1.13 (XEWNOD_Fe2) 92.7186424751
1.78222 1.69107 1.69555 2.00337 2.03826 2.18273  1111 0.0398 1.50 (CUCXUT_Fe1) 145.207294896
0.02259 0.02024 0.00000 0.05791 0.00885 0.01657 
0.02572 0.02103 0.02304 0.05096 0.02543 0.02705 
Switching pick (1->0) for 1008 (SUMKOB_Fe2)
N       O       F       S       Cl      Br      
1.55423 1.69108 1.69538 2.00344 2.03829 2.18265   731 0.0479 1.13 (XEWNOD_Fe2) 92.6713251734
1.78220 1.69108 1.69538 2.00344 2.03829 2.18265  1110 0.0398 1.50 (CUCXUT_Fe1) 145.238164915
0.02259 0.02024 0.00000 0.05789 0.00884 0.01658 
0.02572 0.02103 0.02305 0.05096 0.02543 0.02705 
Switching pick (0->1) for 1008 (SUMKOB_Fe2)
N       O       F       S       Cl      Br      
1.55423 1.69108 1.69537 2.00344 2.03830 2.18266   730 0.0480 1.13 (XEWNOD_Fe2) 92.6719988398
1.78220 1.69108 1.69537 2.00344 2.03830 2.18266  1111 0.0398 1.50 (CUCXUT_Fe1) 145.24244821
0.02259 0.02024 0.00000 0.05789 0.00884 0.01658 
0.02572 0.02103 0.02305 0.05096 0.02543 0.02705 
N       O       F       S       Cl      Br      
1.55423 1.69108 1.69537 2.00344 2.03830 2.18266   730 0.0480 1.13 (XEWNOD_Fe2) 92.6724350137
1.78220 1.69108 1.69537 2.00344 2.03830 2.18266  1111 0.0398 1.50 (CUCXUT_Fe1) 145.244902236
0.02259 0.02024 0.00000 0.05789 0.00884 0.01658 
0.02572 0.02103 0.02305 0.05096 0.02543 0.02705 
Optimization terminated successfully.
         Current function value: 79.278764
         Iterations: 20
         Function evaluations: 31
         Gradient evaluations: 31
Final element counts:
[('N', 536), ('O', 157), ('F', 0), ('S', 91), ('Cl', 64), ('Br', 19)]
[('N', 1038), ('O', 479), ('F', 5), ('S', 95), ('Cl', 318), ('Br', 33)]
